#
# There is insufficient memory for the Java Runtime Environment to continue.
# Native memory allocation (malloc) failed to allocate 2097152 bytes for AllocateHeap
# Possible reasons:
#   The system is out of physical RAM or swap space
#   The process is running with CompressedOops enabled, and the Java Heap may be blocking the growth of the native heap
# Possible solutions:
#   Reduce memory load on the system
#   Increase physical memory or swap space
#   Check if swap backing store is full
#   Decrease Java heap size (-Xmx/-Xms)
#   Decrease number of Java threads
#   Decrease Java thread stack sizes (-Xss)
#   Set larger code cache with -XX:ReservedCodeCacheSize=
#   JVM is running with Unscaled Compressed Oops mode in which the Java heap is
#     placed in the first 4GB address space. The Java Heap base address is the
#     maximum limit for the native heap growth. Please use -XX:HeapBaseMinAddress
#     to set the Java Heap base and to place the Java Heap above 4GB virtual address.
# This output file may be truncated or incomplete.
#
#  Out of Memory Error (allocation.cpp:44), pid=27336, tid=26680
#
# JRE version: OpenJDK Runtime Environment Temurin-17.0.6+10 (17.0.6+10) (build 17.0.6+10)
# Java VM: OpenJDK 64-Bit Server VM Temurin-17.0.6+10 (17.0.6+10, mixed mode, emulated-client, tiered, compressed oops, compressed class ptrs, g1 gc, windows-amd64)
# No core dump will be written. Minidumps are not enabled by default on client versions of Windows
#

---------------  S U M M A R Y ------------

Command Line: -XX:+HeapDumpOnOutOfMemoryError -Xmx1024m -Dsts.lsp.client=vscode -Dsts.log.file=/dev/null -XX:TieredStopAtLevel=1 -Xlog:jni+resolve=off -Dspring.config.location=file:c:\Users\WJT\.vscode\extensions\vmware.vscode-spring-boot-1.45.0\language-server\BOOT-INF\classes\application.properties org.springframework.ide.vscode.boot.app.BootLanguageServerBootApp

Host: Intel(R) Core(TM) i5-10210U CPU @ 1.60GHz, 8 cores, 15G,  Windows 11 , 64 bit Build 22000 (10.0.22000.1516)
Time: Thu Apr 13 17:49:08 2023  Windows 11 , 64 bit Build 22000 (10.0.22000.1516) elapsed time: 189005.826658 seconds (2d 4h 30m 5s)

---------------  T H R E A D  ---------------

Current thread (0x0000019459dc7aa0):  VMThread "VM Thread" [stack: 0x0000007d62f00000,0x0000007d63000000] [id=26680]

Stack: [0x0000007d62f00000,0x0000007d63000000]
Native frames: (J=compiled Java code, j=interpreted, Vv=VM code, C=native code)
V  [jvm.dll+0x67741a]
V  [jvm.dll+0x834434]
V  [jvm.dll+0x835bde]
V  [jvm.dll+0x836243]
V  [jvm.dll+0x2457b5]
V  [jvm.dll+0xa626f]
V  [jvm.dll+0x2f5b61]
V  [jvm.dll+0x2f17e0]
V  [jvm.dll+0x2d9ee7]
V  [jvm.dll+0x31ce67]
V  [jvm.dll+0x83a6eb]
V  [jvm.dll+0x83b424]
V  [jvm.dll+0x83b93c]
V  [jvm.dll+0x83bd14]
V  [jvm.dll+0x83bde0]
V  [jvm.dll+0x7e483a]
V  [jvm.dll+0x6762c5]
C  [ucrtbase.dll+0x26c0c]
C  [KERNEL32.DLL+0x155a0]
C  [ntdll.dll+0x485b]

VM_Operation (0x0000007d648fefb0): G1CollectFull, mode: safepoint, requested by thread 0x000001945b324790


---------------  P R O C E S S  ---------------

Threads class SMR info:
_java_thread_list=0x000001945c841130, length=28, elements={
0x0000019459e077e0, 0x0000019459e082a0, 0x000001945a840010, 0x000001945a85ea80,
0x000001945a861af0, 0x000001945a8623b0, 0x000001945a862c70, 0x000001945a8644b0,
0x000001945aa60960, 0x000001945aa72110, 0x000001945ae6c4e0, 0x000001945b219a70,
0x000001945b324790, 0x000001945c17fe50, 0x000001944ef88ed0, 0x000001945c0fcd20,
0x000001945c1ef200, 0x000001945c535830, 0x000001945c538850, 0x000001945c7f35e0,
0x000001945c7f4df0, 0x000001945c7f1900, 0x000001945c7f00f0, 0x000001945c7f4450,
0x000001945c7f1dd0, 0x000001945c7edf40, 0x000001945c7f05c0, 0x000001945c7ef280
}

Java Threads: ( => current thread )
  0x0000019459e077e0 JavaThread "Reference Handler" daemon [_thread_blocked, id=30032, stack(0x0000007d63000000,0x0000007d63100000)]
  0x0000019459e082a0 JavaThread "Finalizer" daemon [_thread_blocked, id=15984, stack(0x0000007d63100000,0x0000007d63200000)]
  0x000001945a840010 JavaThread "Signal Dispatcher" daemon [_thread_blocked, id=29680, stack(0x0000007d63200000,0x0000007d63300000)]
  0x000001945a85ea80 JavaThread "Attach Listener" daemon [_thread_blocked, id=20632, stack(0x0000007d63300000,0x0000007d63400000)]
  0x000001945a861af0 JavaThread "Service Thread" daemon [_thread_blocked, id=5836, stack(0x0000007d63400000,0x0000007d63500000)]
  0x000001945a8623b0 JavaThread "Monitor Deflation Thread" daemon [_thread_blocked, id=5828, stack(0x0000007d63500000,0x0000007d63600000)]
  0x000001945a862c70 JavaThread "C1 CompilerThread0" daemon [_thread_blocked, id=3308, stack(0x0000007d63600000,0x0000007d63700000)]
  0x000001945a8644b0 JavaThread "Sweeper thread" daemon [_thread_blocked, id=9848, stack(0x0000007d63700000,0x0000007d63800000)]
  0x000001945aa60960 JavaThread "Notification Thread" daemon [_thread_blocked, id=24612, stack(0x0000007d63900000,0x0000007d63a00000)]
  0x000001945aa72110 JavaThread "Common-Cleaner" daemon [_thread_blocked, id=26532, stack(0x0000007d63b00000,0x0000007d63c00000)]
  0x000001945ae6c4e0 JavaThread "boundedElastic-evictor-1" daemon [_thread_blocked, id=26728, stack(0x0000007d64300000,0x0000007d64400000)]
  0x000001945b219a70 JavaThread "boundedElastic-evictor-2" daemon [_thread_blocked, id=30516, stack(0x0000007d64700000,0x0000007d64800000)]
  0x000001945b324790 JavaThread "pool-10-thread-1" [_thread_blocked, id=19272, stack(0x0000007d64800000,0x0000007d64900000)]
  0x000001945c17fe50 JavaThread "LanguageServerApp-lifecycle" [_thread_blocked, id=1876, stack(0x0000007d64900000,0x0000007d64a00000)]
  0x000001944ef88ed0 JavaThread "DestroyJavaVM" [_thread_blocked, id=22596, stack(0x0000007d62900000,0x0000007d62a00000)]
  0x000001945c0fcd20 JavaThread "pool-11-thread-1" [_thread_in_native, id=22816, stack(0x0000007d64a00000,0x0000007d64b00000)]
  0x000001945c1ef200 JavaThread "Simple-Language-Server main thread" daemon [_thread_blocked, id=14808, stack(0x0000007d64b00000,0x0000007d64c00000)]
  0x000001945c535830 JavaThread "pool-6-thread-1" [_thread_blocked, id=24412, stack(0x0000007d64f00000,0x0000007d65000000)]
  0x000001945c538850 JavaThread "parallel-1" daemon [_thread_blocked, id=17344, stack(0x0000007d65700000,0x0000007d65800000)]
  0x000001945c7f35e0 JavaThread "pool-4-thread-1" [_thread_blocked, id=28252, stack(0x0000007d66500000,0x0000007d66600000)]
  0x000001945c7f4df0 JavaThread "parallel-2" daemon [_thread_blocked, id=26788, stack(0x0000007d66600000,0x0000007d66700000)]
  0x000001945c7f1900 JavaThread "parallel-3" daemon [_thread_blocked, id=9800, stack(0x0000007d65100000,0x0000007d65200000)]
  0x000001945c7f00f0 JavaThread "parallel-4" daemon [_thread_blocked, id=12328, stack(0x0000007d65200000,0x0000007d65300000)]
  0x000001945c7f4450 JavaThread "parallel-5" daemon [_thread_blocked, id=18216, stack(0x0000007d65300000,0x0000007d65400000)]
  0x000001945c7f1dd0 JavaThread "Reconciler-1" daemon [_thread_blocked, id=23348, stack(0x0000007d65400000,0x0000007d65500000)]
  0x000001945c7edf40 JavaThread "parallel-6" daemon [_thread_blocked, id=6752, stack(0x0000007d63800000,0x0000007d63900000)]
  0x000001945c7f05c0 JavaThread "parallel-7" daemon [_thread_blocked, id=26692, stack(0x0000007d64500000,0x0000007d64600000)]
  0x000001945c7ef280 JavaThread "parallel-8" daemon [_thread_blocked, id=28736, stack(0x0000007d62800000,0x0000007d62900000)]

Other Threads:
=>0x0000019459dc7aa0 VMThread "VM Thread" [stack: 0x0000007d62f00000,0x0000007d63000000] [id=26680]
  0x000001945aa6ce60 WatcherThread [stack: 0x0000007d63a00000,0x0000007d63b00000] [id=27340]
  0x000001944efc7000 GCTaskThread "GC Thread#0" [stack: 0x0000007d62a00000,0x0000007d62b00000] [id=23012]
  0x000001945b3c7050 GCTaskThread "GC Thread#1" [stack: 0x0000007d63c00000,0x0000007d63d00000] [id=28088]
  0x000001945b3c7300 GCTaskThread "GC Thread#2" [stack: 0x0000007d63d00000,0x0000007d63e00000] [id=6412]
  0x000001945b362550 GCTaskThread "GC Thread#3" [stack: 0x0000007d63e00000,0x0000007d63f00000] [id=7212]
  0x000001945b362800 GCTaskThread "GC Thread#4" [stack: 0x0000007d63f00000,0x0000007d64000000] [id=24140]
  0x000001945b362ab0 GCTaskThread "GC Thread#5" [stack: 0x0000007d64000000,0x0000007d64100000] [id=28704]
  0x000001945bdcf490 GCTaskThread "GC Thread#6" [stack: 0x0000007d64100000,0x0000007d64200000] [id=8596]
  0x000001945a978f80 GCTaskThread "GC Thread#7" [stack: 0x0000007d64200000,0x0000007d64300000] [id=29924]
  0x000001944efcfe50 ConcurrentGCThread "G1 Main Marker" [stack: 0x0000007d62b00000,0x0000007d62c00000] [id=22048]
  0x000001944efd0770 ConcurrentGCThread "G1 Conc#0" [stack: 0x0000007d62c00000,0x0000007d62d00000] [id=28888]
  0x000001945bfd0270 ConcurrentGCThread "G1 Conc#1" [stack: 0x0000007d64600000,0x0000007d64700000] [id=27368]
  0x000001944f04d550 ConcurrentGCThread "G1 Refine#0" [stack: 0x0000007d62d00000,0x0000007d62e00000] [id=26784]
  0x000001945e503640 ConcurrentGCThread "G1 Refine#1" [stack: 0x0000007d66300000,0x0000007d66400000] [id=12700]
  0x000001945e7e2090 ConcurrentGCThread "G1 Refine#2" [stack: 0x0000007d66400000,0x0000007d66500000] [id=26148]
  0x000001945f14d790 ConcurrentGCThread "G1 Refine#3" [stack: 0x0000007d66a00000,0x0000007d66b00000] [id=25744]
  0x000001945f14dd50 ConcurrentGCThread "G1 Refine#4" [stack: 0x0000007d66d00000,0x0000007d66e00000] [id=28036]
  0x000001945f14e8d0 ConcurrentGCThread "G1 Refine#5" [stack: 0x0000007d66e00000,0x0000007d66f00000] [id=28836]
  0x000001945f14da70 ConcurrentGCThread "G1 Refine#6" [stack: 0x0000007d66f00000,0x0000007d67000000] [id=29536]
  0x000001945f14e310 ConcurrentGCThread "G1 Refine#7" [stack: 0x0000007d62700000,0x0000007d62800000] [id=456]
  0x000001944f04de80 ConcurrentGCThread "G1 Service" [stack: 0x0000007d62e00000,0x0000007d62f00000] [id=13564]

Threads with active compile tasks:

VM state: at safepoint (normal execution)

VM Mutex/Monitor currently owned by a thread:  ([mutex/lock_event])
[0x000001944ce9fa30] Threads_lock - owner thread: 0x0000019459dc7aa0
[0x000001944ef866b0] Heap_lock - owner thread: 0x000001945b324790

Heap address: 0x00000000c0000000, size: 1024 MB, Compressed Oops mode: 32-bit

CDS archive(s) not mapped
Compressed class space mapped at: 0x0000000100000000-0x0000000140000000, reserved size: 1073741824
Narrow klass base: 0x0000000000000000, Narrow klass shift: 3, Narrow klass range: 0x140000000

GC Precious Log:
 CPUs: 8 total, 8 available
 Memory: 16219M
 Large Page Support: Disabled
 NUMA Support: Disabled
 Compressed Oops: Enabled (32-bit)
 Heap Region Size: 1M
 Heap Min Capacity: 8M
 Heap Initial Capacity: 254M
 Heap Max Capacity: 1G
 Pre-touch: Disabled
 Parallel Workers: 8
 Concurrent Workers: 2
 Concurrent Refinement Workers: 8
 Periodic GC: Disabled

Heap:
 garbage-first heap   total 245760K, used 79823K [0x00000000c0000000, 0x0000000100000000)
  region size 1024K, 1 young (1024K), 0 survivors (0K)
 Metaspace       used 71879K, committed 72384K, reserved 1114112K
  class space    used 9817K, committed 10048K, reserved 1048576K

Heap Regions: E=young(eden), S=young(survivor), O=old, HS=humongous(starts), HC=humongous(continues), CS=collection set, F=free, OA=open archive, CA=closed archive, TAMS=top-at-mark-start (previous, next)
|   0|0x00000000c0000000, 0x00000000c0100000, 0x00000000c0100000|100%| O|  |TAMS 0x00000000c0100000, 0x00000000c0000000| Untracked 
|   1|0x00000000c0100000, 0x00000000c0200000, 0x00000000c0200000|100%| O|  |TAMS 0x00000000c0200000, 0x00000000c0100000| Untracked 
|   2|0x00000000c0200000, 0x00000000c02ffff0, 0x00000000c0300000| 99%| O|  |TAMS 0x00000000c02ffff0, 0x00000000c0200000| Untracked 
|   3|0x00000000c0300000, 0x00000000c0400000, 0x00000000c0400000|100%| O|  |TAMS 0x00000000c0400000, 0x00000000c0300000| Untracked 
|   4|0x00000000c0400000, 0x00000000c04fffb0, 0x00000000c0500000| 99%| O|  |TAMS 0x00000000c04fffb0, 0x00000000c0400000| Untracked 
|   5|0x00000000c0500000, 0x00000000c05ffff0, 0x00000000c0600000| 99%| O|  |TAMS 0x00000000c05ffff0, 0x00000000c0500000| Untracked 
|   6|0x00000000c0600000, 0x00000000c0700000, 0x00000000c0700000|100%| O|  |TAMS 0x00000000c0700000, 0x00000000c0600000| Untracked 
|   7|0x00000000c0700000, 0x00000000c07fffe8, 0x00000000c0800000| 99%| O|  |TAMS 0x00000000c07fffe8, 0x00000000c0700000| Untracked 
|   8|0x00000000c0800000, 0x00000000c08fd668, 0x00000000c0900000| 98%| O|  |TAMS 0x00000000c08fd668, 0x00000000c0800000| Untracked 
|   9|0x00000000c0900000, 0x00000000c09fffd0, 0x00000000c0a00000| 99%| O|  |TAMS 0x00000000c09fffd0, 0x00000000c0900000| Untracked 
|  10|0x00000000c0a00000, 0x00000000c0afffe0, 0x00000000c0b00000| 99%| O|  |TAMS 0x00000000c0afffe0, 0x00000000c0a00000| Untracked 
|  11|0x00000000c0b00000, 0x00000000c0bfffb0, 0x00000000c0c00000| 99%| O|  |TAMS 0x00000000c0bfffb0, 0x00000000c0b00000| Untracked 
|  12|0x00000000c0c00000, 0x00000000c0cfffd0, 0x00000000c0d00000| 99%| O|  |TAMS 0x00000000c0cfffd0, 0x00000000c0c00000| Untracked 
|  13|0x00000000c0d00000, 0x00000000c0dfffd8, 0x00000000c0e00000| 99%| O|  |TAMS 0x00000000c0dfffd8, 0x00000000c0d00000| Untracked 
|  14|0x00000000c0e00000, 0x00000000c0effff8, 0x00000000c0f00000| 99%| O|  |TAMS 0x00000000c0effff8, 0x00000000c0e00000| Untracked 
|  15|0x00000000c0f00000, 0x00000000c0fff668, 0x00000000c1000000| 99%| O|  |TAMS 0x00000000c0fff668, 0x00000000c0f00000| Untracked 
|  16|0x00000000c1000000, 0x00000000c10fffc0, 0x00000000c1100000| 99%| O|  |TAMS 0x00000000c10fffc0, 0x00000000c1000000| Untracked 
|  17|0x00000000c1100000, 0x00000000c11fffe0, 0x00000000c1200000| 99%| O|  |TAMS 0x00000000c11fffe0, 0x00000000c1100000| Untracked 
|  18|0x00000000c1200000, 0x00000000c12fcd88, 0x00000000c1300000| 98%| O|  |TAMS 0x00000000c12fcd88, 0x00000000c1200000| Untracked 
|  19|0x00000000c1300000, 0x00000000c13ffff8, 0x00000000c1400000| 99%| O|  |TAMS 0x00000000c13ffff8, 0x00000000c1300000| Untracked 
|  20|0x00000000c1400000, 0x00000000c1500000, 0x00000000c1500000|100%| O|  |TAMS 0x00000000c1500000, 0x00000000c1400000| Untracked 
|  21|0x00000000c1500000, 0x00000000c15fffc8, 0x00000000c1600000| 99%| O|  |TAMS 0x00000000c15fffc8, 0x00000000c1500000| Untracked 
|  22|0x00000000c1600000, 0x00000000c16fffc0, 0x00000000c1700000| 99%| O|  |TAMS 0x00000000c16fffc0, 0x00000000c1600000| Untracked 
|  23|0x00000000c1700000, 0x00000000c17fffd0, 0x00000000c1800000| 99%| O|  |TAMS 0x00000000c17fffd0, 0x00000000c1700000| Untracked 
|  24|0x00000000c1800000, 0x00000000c18fff10, 0x00000000c1900000| 99%| O|  |TAMS 0x00000000c18fff10, 0x00000000c1800000| Untracked 
|  25|0x00000000c1900000, 0x00000000c19ffff8, 0x00000000c1a00000| 99%| O|  |TAMS 0x00000000c19ffff8, 0x00000000c1900000| Untracked 
|  26|0x00000000c1a00000, 0x00000000c1afebf0, 0x00000000c1b00000| 99%| O|  |TAMS 0x00000000c1afebf0, 0x00000000c1a00000| Untracked 
|  27|0x00000000c1b00000, 0x00000000c1bfffd8, 0x00000000c1c00000| 99%| O|  |TAMS 0x00000000c1bfffd8, 0x00000000c1b00000| Untracked 
|  28|0x00000000c1c00000, 0x00000000c1cfffe8, 0x00000000c1d00000| 99%| O|  |TAMS 0x00000000c1cfffe8, 0x00000000c1c00000| Untracked 
|  29|0x00000000c1d00000, 0x00000000c1e00000, 0x00000000c1e00000|100%| O|  |TAMS 0x00000000c1e00000, 0x00000000c1d00000| Untracked 
|  30|0x00000000c1e00000, 0x00000000c1effb58, 0x00000000c1f00000| 99%| O|  |TAMS 0x00000000c1effb58, 0x00000000c1e00000| Untracked 
|  31|0x00000000c1f00000, 0x00000000c1fffff0, 0x00000000c2000000| 99%| O|  |TAMS 0x00000000c1fffff0, 0x00000000c1f00000| Untracked 
|  32|0x00000000c2000000, 0x00000000c20fc388, 0x00000000c2100000| 98%| O|  |TAMS 0x00000000c20fc388, 0x00000000c2000000| Untracked 
|  33|0x00000000c2100000, 0x00000000c21ffff0, 0x00000000c2200000| 99%| O|  |TAMS 0x00000000c21ffff0, 0x00000000c2100000| Untracked 
|  34|0x00000000c2200000, 0x00000000c22fff98, 0x00000000c2300000| 99%| O|  |TAMS 0x00000000c22fff98, 0x00000000c2200000| Untracked 
|  35|0x00000000c2300000, 0x00000000c23ffff0, 0x00000000c2400000| 99%| O|  |TAMS 0x00000000c23ffff0, 0x00000000c2300000| Untracked 
|  36|0x00000000c2400000, 0x00000000c24fffe0, 0x00000000c2500000| 99%| O|  |TAMS 0x00000000c24fffe0, 0x00000000c2400000| Untracked 
|  37|0x00000000c2500000, 0x00000000c25fffb8, 0x00000000c2600000| 99%| O|  |TAMS 0x00000000c25fffb8, 0x00000000c2500000| Untracked 
|  38|0x00000000c2600000, 0x00000000c26ffff0, 0x00000000c2700000| 99%| O|  |TAMS 0x00000000c26ffff0, 0x00000000c2600000| Untracked 
|  39|0x00000000c2700000, 0x00000000c2800000, 0x00000000c2800000|100%|HS|  |TAMS 0x00000000c2800000, 0x00000000c2700000| Untracked 
|  40|0x00000000c2800000, 0x00000000c28fee20, 0x00000000c2900000| 99%| O|  |TAMS 0x00000000c28fee20, 0x00000000c2800000| Untracked 
|  41|0x00000000c2900000, 0x00000000c29fffe8, 0x00000000c2a00000| 99%| O|  |TAMS 0x00000000c29fffe8, 0x00000000c2900000| Untracked 
|  42|0x00000000c2a00000, 0x00000000c2affff8, 0x00000000c2b00000| 99%| O|  |TAMS 0x00000000c2affff8, 0x00000000c2a00000| Untracked 
|  43|0x00000000c2b00000, 0x00000000c2bfffc0, 0x00000000c2c00000| 99%| O|  |TAMS 0x00000000c2bfffc0, 0x00000000c2b00000| Untracked 
|  44|0x00000000c2c00000, 0x00000000c2cffff0, 0x00000000c2d00000| 99%| O|  |TAMS 0x00000000c2cffff0, 0x00000000c2c00000| Untracked 
|  45|0x00000000c2d00000, 0x00000000c2e00000, 0x00000000c2e00000|100%| O|  |TAMS 0x00000000c2e00000, 0x00000000c2d00000| Untracked 
|  46|0x00000000c2e00000, 0x00000000c2efffb0, 0x00000000c2f00000| 99%| O|  |TAMS 0x00000000c2efffb0, 0x00000000c2e00000| Untracked 
|  47|0x00000000c2f00000, 0x00000000c2fffb20, 0x00000000c3000000| 99%| O|  |TAMS 0x00000000c2fffb20, 0x00000000c2f00000| Untracked 
|  48|0x00000000c3000000, 0x00000000c30ffff8, 0x00000000c3100000| 99%| O|  |TAMS 0x00000000c30ffff8, 0x00000000c3000000| Untracked 
|  49|0x00000000c3100000, 0x00000000c31ffff8, 0x00000000c3200000| 99%| O|  |TAMS 0x00000000c31ffff8, 0x00000000c3100000| Untracked 
|  50|0x00000000c3200000, 0x00000000c32ff640, 0x00000000c3300000| 99%| O|  |TAMS 0x00000000c32ff640, 0x00000000c3200000| Untracked 
|  51|0x00000000c3300000, 0x00000000c33fd830, 0x00000000c3400000| 99%| O|  |TAMS 0x00000000c33fd830, 0x00000000c3300000| Untracked 
|  52|0x00000000c3400000, 0x00000000c34fffe8, 0x00000000c3500000| 99%| O|  |TAMS 0x00000000c34fffe8, 0x00000000c3400000| Untracked 
|  53|0x00000000c3500000, 0x00000000c35ffff0, 0x00000000c3600000| 99%| O|  |TAMS 0x00000000c35ffff0, 0x00000000c3500000| Untracked 
|  54|0x00000000c3600000, 0x00000000c3700000, 0x00000000c3700000|100%| O|  |TAMS 0x00000000c3700000, 0x00000000c3600000| Untracked 
|  55|0x00000000c3700000, 0x00000000c3800000, 0x00000000c3800000|100%| O|  |TAMS 0x00000000c3800000, 0x00000000c3700000| Untracked 
|  56|0x00000000c3800000, 0x00000000c3900000, 0x00000000c3900000|100%| O|  |TAMS 0x00000000c3900000, 0x00000000c3800000| Untracked 
|  57|0x00000000c3900000, 0x00000000c3a00000, 0x00000000c3a00000|100%|HS|  |TAMS 0x00000000c3a00000, 0x00000000c3900000| Untracked 
|  58|0x00000000c3a00000, 0x00000000c3affff8, 0x00000000c3b00000| 99%| O|  |TAMS 0x00000000c3affff8, 0x00000000c3a00000| Untracked 
|  59|0x00000000c3b00000, 0x00000000c3b7f758, 0x00000000c3c00000| 49%| O|  |TAMS 0x00000000c3b00000, 0x00000000c3b00000| Untracked 
|  60|0x00000000c3c00000, 0x00000000c3cc2db0, 0x00000000c3d00000| 76%| O|  |TAMS 0x00000000c3c00000, 0x00000000c3c00000| Untracked 
|  61|0x00000000c3d00000, 0x00000000c3dc2240, 0x00000000c3e00000| 75%| O|  |TAMS 0x00000000c3d00000, 0x00000000c3d00000| Untracked 
|  62|0x00000000c3e00000, 0x00000000c3e00000, 0x00000000c3f00000|  0%| F|  |TAMS 0x00000000c3e00000, 0x00000000c3e00000| Untracked 
|  63|0x00000000c3f00000, 0x00000000c3ffffe8, 0x00000000c4000000| 99%| O|  |TAMS 0x00000000c3ffffe8, 0x00000000c3f00000| Untracked 
|  64|0x00000000c4000000, 0x00000000c4000000, 0x00000000c4100000|  0%| F|  |TAMS 0x00000000c4000000, 0x00000000c4000000| Untracked 
|  65|0x00000000c4100000, 0x00000000c4100000, 0x00000000c4200000|  0%| F|  |TAMS 0x00000000c4100000, 0x00000000c4100000| Untracked 
|  66|0x00000000c4200000, 0x00000000c4200000, 0x00000000c4300000|  0%| F|  |TAMS 0x00000000c4200000, 0x00000000c4200000| Untracked 
|  67|0x00000000c4300000, 0x00000000c4300000, 0x00000000c4400000|  0%| F|  |TAMS 0x00000000c4300000, 0x00000000c4300000| Untracked 
|  68|0x00000000c4400000, 0x00000000c44fffd8, 0x00000000c4500000| 99%| O|  |TAMS 0x00000000c44fffd8, 0x00000000c4400000| Untracked 
|  69|0x00000000c4500000, 0x00000000c4500000, 0x00000000c4600000|  0%| F|  |TAMS 0x00000000c4500000, 0x00000000c4500000| Untracked 
|  70|0x00000000c4600000, 0x00000000c4600000, 0x00000000c4700000|  0%| F|  |TAMS 0x00000000c4600000, 0x00000000c4600000| Untracked 
|  71|0x00000000c4700000, 0x00000000c4700000, 0x00000000c4800000|  0%| F|  |TAMS 0x00000000c4700000, 0x00000000c4700000| Untracked 
|  72|0x00000000c4800000, 0x00000000c4800000, 0x00000000c4900000|  0%| F|  |TAMS 0x00000000c4800000, 0x00000000c4800000| Untracked 
|  73|0x00000000c4900000, 0x00000000c4900000, 0x00000000c4a00000|  0%| F|  |TAMS 0x00000000c4900000, 0x00000000c4900000| Untracked 
|  74|0x00000000c4a00000, 0x00000000c4a00000, 0x00000000c4b00000|  0%| F|  |TAMS 0x00000000c4a00000, 0x00000000c4a00000| Untracked 
|  75|0x00000000c4b00000, 0x00000000c4b00000, 0x00000000c4c00000|  0%| F|  |TAMS 0x00000000c4b00000, 0x00000000c4b00000| Untracked 
|  76|0x00000000c4c00000, 0x00000000c4c00000, 0x00000000c4d00000|  0%| F|  |TAMS 0x00000000c4c00000, 0x00000000c4c00000| Untracked 
|  77|0x00000000c4d00000, 0x00000000c4d00000, 0x00000000c4e00000|  0%| F|  |TAMS 0x00000000c4d00000, 0x00000000c4d00000| Untracked 
|  78|0x00000000c4e00000, 0x00000000c4e00000, 0x00000000c4f00000|  0%| F|  |TAMS 0x00000000c4e00000, 0x00000000c4e00000| Untracked 
|  79|0x00000000c4f00000, 0x00000000c4f00000, 0x00000000c5000000|  0%| F|  |TAMS 0x00000000c4f00000, 0x00000000c4f00000| Untracked 
|  80|0x00000000c5000000, 0x00000000c50ffff0, 0x00000000c5100000| 99%| O|  |TAMS 0x00000000c50ffff0, 0x00000000c5000000| Untracked 
|  81|0x00000000c5100000, 0x00000000c51ffff8, 0x00000000c5200000| 99%| O|  |TAMS 0x00000000c51ffff8, 0x00000000c5100000| Untracked 
|  82|0x00000000c5200000, 0x00000000c5200000, 0x00000000c5300000|  0%| F|  |TAMS 0x00000000c5200000, 0x00000000c5200000| Untracked 
|  83|0x00000000c5300000, 0x00000000c5300000, 0x00000000c5400000|  0%| F|  |TAMS 0x00000000c5300000, 0x00000000c5300000| Untracked 
|  84|0x00000000c5400000, 0x00000000c5400000, 0x00000000c5500000|  0%| F|  |TAMS 0x00000000c5400000, 0x00000000c5400000| Untracked 
|  85|0x00000000c5500000, 0x00000000c55fffd8, 0x00000000c5600000| 99%| O|  |TAMS 0x00000000c55fffd8, 0x00000000c5500000| Untracked 
|  86|0x00000000c5600000, 0x00000000c5600000, 0x00000000c5700000|  0%| F|  |TAMS 0x00000000c5600000, 0x00000000c5600000| Untracked 
|  87|0x00000000c5700000, 0x00000000c5700000, 0x00000000c5800000|  0%| F|  |TAMS 0x00000000c5700000, 0x00000000c5700000| Untracked 
|  88|0x00000000c5800000, 0x00000000c5800000, 0x00000000c5900000|  0%| F|  |TAMS 0x00000000c5800000, 0x00000000c5800000| Untracked 
|  89|0x00000000c5900000, 0x00000000c59fffe0, 0x00000000c5a00000| 99%| O|  |TAMS 0x00000000c59fffe0, 0x00000000c5900000| Untracked 
|  90|0x00000000c5a00000, 0x00000000c5a00000, 0x00000000c5b00000|  0%| F|  |TAMS 0x00000000c5a00000, 0x00000000c5a00000| Untracked 
|  91|0x00000000c5b00000, 0x00000000c5b00000, 0x00000000c5c00000|  0%| F|  |TAMS 0x00000000c5b00000, 0x00000000c5b00000| Untracked 
|  92|0x00000000c5c00000, 0x00000000c5c00000, 0x00000000c5d00000|  0%| F|  |TAMS 0x00000000c5c00000, 0x00000000c5c00000| Untracked 
|  93|0x00000000c5d00000, 0x00000000c5d00000, 0x00000000c5e00000|  0%| F|  |TAMS 0x00000000c5d00000, 0x00000000c5d00000| Untracked 
|  94|0x00000000c5e00000, 0x00000000c5e00000, 0x00000000c5f00000|  0%| F|  |TAMS 0x00000000c5e00000, 0x00000000c5e00000| Untracked 
|  95|0x00000000c5f00000, 0x00000000c5f00000, 0x00000000c6000000|  0%| F|  |TAMS 0x00000000c5f00000, 0x00000000c5f00000| Untracked 
|  96|0x00000000c6000000, 0x00000000c6000000, 0x00000000c6100000|  0%| F|  |TAMS 0x00000000c6000000, 0x00000000c6000000| Untracked 
|  97|0x00000000c6100000, 0x00000000c6100000, 0x00000000c6200000|  0%| F|  |TAMS 0x00000000c6100000, 0x00000000c6100000| Untracked 
|  98|0x00000000c6200000, 0x00000000c6200000, 0x00000000c6300000|  0%| F|  |TAMS 0x00000000c6200000, 0x00000000c6200000| Untracked 
|  99|0x00000000c6300000, 0x00000000c6300000, 0x00000000c6400000|  0%| F|  |TAMS 0x00000000c6300000, 0x00000000c6300000| Untracked 
| 100|0x00000000c6400000, 0x00000000c6400000, 0x00000000c6500000|  0%| F|  |TAMS 0x00000000c6400000, 0x00000000c6400000| Untracked 
| 101|0x00000000c6500000, 0x00000000c6500000, 0x00000000c6600000|  0%| F|  |TAMS 0x00000000c6500000, 0x00000000c6500000| Untracked 
| 102|0x00000000c6600000, 0x00000000c6600000, 0x00000000c6700000|  0%| F|  |TAMS 0x00000000c6600000, 0x00000000c6600000| Untracked 
| 103|0x00000000c6700000, 0x00000000c6700000, 0x00000000c6800000|  0%| F|  |TAMS 0x00000000c6700000, 0x00000000c6700000| Untracked 
| 104|0x00000000c6800000, 0x00000000c6800000, 0x00000000c6900000|  0%| F|  |TAMS 0x00000000c6800000, 0x00000000c6800000| Untracked 
| 105|0x00000000c6900000, 0x00000000c6900000, 0x00000000c6a00000|  0%| F|  |TAMS 0x00000000c6900000, 0x00000000c6900000| Untracked 
| 106|0x00000000c6a00000, 0x00000000c6a00000, 0x00000000c6b00000|  0%| F|  |TAMS 0x00000000c6a00000, 0x00000000c6a00000| Untracked 
| 107|0x00000000c6b00000, 0x00000000c6b00000, 0x00000000c6c00000|  0%| F|  |TAMS 0x00000000c6b00000, 0x00000000c6b00000| Untracked 
| 108|0x00000000c6c00000, 0x00000000c6c00000, 0x00000000c6d00000|  0%| F|  |TAMS 0x00000000c6c00000, 0x00000000c6c00000| Untracked 
| 109|0x00000000c6d00000, 0x00000000c6d00000, 0x00000000c6e00000|  0%| F|  |TAMS 0x00000000c6d00000, 0x00000000c6d00000| Untracked 
| 110|0x00000000c6e00000, 0x00000000c6e00000, 0x00000000c6f00000|  0%| F|  |TAMS 0x00000000c6e00000, 0x00000000c6e00000| Untracked 
| 111|0x00000000c6f00000, 0x00000000c6f00000, 0x00000000c7000000|  0%| F|  |TAMS 0x00000000c6f00000, 0x00000000c6f00000| Untracked 
| 112|0x00000000c7000000, 0x00000000c7000000, 0x00000000c7100000|  0%| F|  |TAMS 0x00000000c7000000, 0x00000000c7000000| Untracked 
| 113|0x00000000c7100000, 0x00000000c7200000, 0x00000000c7200000|100%|HS|  |TAMS 0x00000000c7200000, 0x00000000c7100000| Untracked 
| 114|0x00000000c7200000, 0x00000000c7300000, 0x00000000c7300000|100%|HC|  |TAMS 0x00000000c7300000, 0x00000000c7200000| Untracked 
| 115|0x00000000c7300000, 0x00000000c7300000, 0x00000000c7400000|  0%| F|  |TAMS 0x00000000c7300000, 0x00000000c7300000| Untracked 
| 116|0x00000000c7400000, 0x00000000c7400000, 0x00000000c7500000|  0%| F|  |TAMS 0x00000000c7400000, 0x00000000c7400000| Untracked 
| 117|0x00000000c7500000, 0x00000000c7500000, 0x00000000c7600000|  0%| F|  |TAMS 0x00000000c7500000, 0x00000000c7500000| Untracked 
| 118|0x00000000c7600000, 0x00000000c7600000, 0x00000000c7700000|  0%| F|  |TAMS 0x00000000c7600000, 0x00000000c7600000| Untracked 
| 119|0x00000000c7700000, 0x00000000c7700000, 0x00000000c7800000|  0%| F|  |TAMS 0x00000000c7700000, 0x00000000c7700000| Untracked 
| 120|0x00000000c7800000, 0x00000000c7800000, 0x00000000c7900000|  0%| F|  |TAMS 0x00000000c7800000, 0x00000000c7800000| Untracked 
| 121|0x00000000c7900000, 0x00000000c7900000, 0x00000000c7a00000|  0%| F|  |TAMS 0x00000000c7900000, 0x00000000c7900000| Untracked 
| 122|0x00000000c7a00000, 0x00000000c7a00000, 0x00000000c7b00000|  0%| F|  |TAMS 0x00000000c7a00000, 0x00000000c7a00000| Untracked 
| 123|0x00000000c7b00000, 0x00000000c7b00000, 0x00000000c7c00000|  0%| F|  |TAMS 0x00000000c7b00000, 0x00000000c7b00000| Untracked 
| 124|0x00000000c7c00000, 0x00000000c7c00000, 0x00000000c7d00000|  0%| F|  |TAMS 0x00000000c7c00000, 0x00000000c7c00000| Untracked 
| 125|0x00000000c7d00000, 0x00000000c7d00000, 0x00000000c7e00000|  0%| F|  |TAMS 0x00000000c7d00000, 0x00000000c7d00000| Untracked 
| 126|0x00000000c7e00000, 0x00000000c7e00000, 0x00000000c7f00000|  0%| F|  |TAMS 0x00000000c7e00000, 0x00000000c7e00000| Untracked 
| 127|0x00000000c7f00000, 0x00000000c7f00000, 0x00000000c8000000|  0%| F|  |TAMS 0x00000000c7f00000, 0x00000000c7f00000| Untracked 
| 128|0x00000000c8000000, 0x00000000c8000000, 0x00000000c8100000|  0%| F|  |TAMS 0x00000000c8000000, 0x00000000c8000000| Untracked 
| 129|0x00000000c8100000, 0x00000000c8100000, 0x00000000c8200000|  0%| F|  |TAMS 0x00000000c8100000, 0x00000000c8100000| Untracked 
| 130|0x00000000c8200000, 0x00000000c8200000, 0x00000000c8300000|  0%| F|  |TAMS 0x00000000c8200000, 0x00000000c8200000| Untracked 
| 131|0x00000000c8300000, 0x00000000c8300000, 0x00000000c8400000|  0%| F|  |TAMS 0x00000000c8300000, 0x00000000c8300000| Untracked 
| 132|0x00000000c8400000, 0x00000000c8400000, 0x00000000c8500000|  0%| F|  |TAMS 0x00000000c8400000, 0x00000000c8400000| Untracked 
| 133|0x00000000c8500000, 0x00000000c8500000, 0x00000000c8600000|  0%| F|  |TAMS 0x00000000c8500000, 0x00000000c8500000| Untracked 
| 134|0x00000000c8600000, 0x00000000c8600000, 0x00000000c8700000|  0%| F|  |TAMS 0x00000000c8600000, 0x00000000c8600000| Untracked 
| 135|0x00000000c8700000, 0x00000000c8700000, 0x00000000c8800000|  0%| F|  |TAMS 0x00000000c8700000, 0x00000000c8700000| Untracked 
| 136|0x00000000c8800000, 0x00000000c8800000, 0x00000000c8900000|  0%| F|  |TAMS 0x00000000c8800000, 0x00000000c8800000| Untracked 
| 137|0x00000000c8900000, 0x00000000c8900000, 0x00000000c8a00000|  0%| F|  |TAMS 0x00000000c8900000, 0x00000000c8900000| Untracked 
| 138|0x00000000c8a00000, 0x00000000c8a00000, 0x00000000c8b00000|  0%| F|  |TAMS 0x00000000c8a00000, 0x00000000c8a00000| Untracked 
| 139|0x00000000c8b00000, 0x00000000c8b00000, 0x00000000c8c00000|  0%| F|  |TAMS 0x00000000c8b00000, 0x00000000c8b00000| Untracked 
| 140|0x00000000c8c00000, 0x00000000c8c00000, 0x00000000c8d00000|  0%| F|  |TAMS 0x00000000c8c00000, 0x00000000c8c00000| Untracked 
| 141|0x00000000c8d00000, 0x00000000c8d00000, 0x00000000c8e00000|  0%| F|  |TAMS 0x00000000c8d00000, 0x00000000c8d00000| Untracked 
| 142|0x00000000c8e00000, 0x00000000c8e00000, 0x00000000c8f00000|  0%| F|  |TAMS 0x00000000c8e00000, 0x00000000c8e00000| Untracked 
| 143|0x00000000c8f00000, 0x00000000c8f00000, 0x00000000c9000000|  0%| F|  |TAMS 0x00000000c8f00000, 0x00000000c8f00000| Untracked 
| 144|0x00000000c9000000, 0x00000000c9000000, 0x00000000c9100000|  0%| F|  |TAMS 0x00000000c9000000, 0x00000000c9000000| Untracked 
| 145|0x00000000c9100000, 0x00000000c9100000, 0x00000000c9200000|  0%| F|  |TAMS 0x00000000c9100000, 0x00000000c9100000| Untracked 
| 146|0x00000000c9200000, 0x00000000c9200000, 0x00000000c9300000|  0%| F|  |TAMS 0x00000000c9200000, 0x00000000c9200000| Untracked 
| 147|0x00000000c9300000, 0x00000000c9300000, 0x00000000c9400000|  0%| F|  |TAMS 0x00000000c9300000, 0x00000000c9300000| Untracked 
| 148|0x00000000c9400000, 0x00000000c9400000, 0x00000000c9500000|  0%| F|  |TAMS 0x00000000c9400000, 0x00000000c9400000| Untracked 
| 149|0x00000000c9500000, 0x00000000c9600000, 0x00000000c9600000|100%| O|  |TAMS 0x00000000c9600000, 0x00000000c9500000| Untracked 
| 150|0x00000000c9600000, 0x00000000c9600000, 0x00000000c9700000|  0%| F|  |TAMS 0x00000000c9600000, 0x00000000c9600000| Untracked 
| 151|0x00000000c9700000, 0x00000000c9700000, 0x00000000c9800000|  0%| F|  |TAMS 0x00000000c9700000, 0x00000000c9700000| Untracked 
| 152|0x00000000c9800000, 0x00000000c9800000, 0x00000000c9900000|  0%| F|  |TAMS 0x00000000c9800000, 0x00000000c9800000| Untracked 
| 153|0x00000000c9900000, 0x00000000c9900000, 0x00000000c9a00000|  0%| F|  |TAMS 0x00000000c9900000, 0x00000000c9900000| Untracked 
| 154|0x00000000c9a00000, 0x00000000c9a00000, 0x00000000c9b00000|  0%| F|  |TAMS 0x00000000c9a00000, 0x00000000c9a00000| Untracked 
| 155|0x00000000c9b00000, 0x00000000c9b00000, 0x00000000c9c00000|  0%| F|  |TAMS 0x00000000c9b00000, 0x00000000c9b00000| Untracked 
| 156|0x00000000c9c00000, 0x00000000c9c00000, 0x00000000c9d00000|  0%| F|  |TAMS 0x00000000c9c00000, 0x00000000c9c00000| Untracked 
| 157|0x00000000c9d00000, 0x00000000c9d00000, 0x00000000c9e00000|  0%| F|  |TAMS 0x00000000c9d00000, 0x00000000c9d00000| Untracked 
| 158|0x00000000c9e00000, 0x00000000c9e00000, 0x00000000c9f00000|  0%| F|  |TAMS 0x00000000c9e00000, 0x00000000c9e00000| Untracked 
| 159|0x00000000c9f00000, 0x00000000c9f00000, 0x00000000ca000000|  0%| F|  |TAMS 0x00000000c9f00000, 0x00000000c9f00000| Untracked 
| 160|0x00000000ca000000, 0x00000000ca000000, 0x00000000ca100000|  0%| F|  |TAMS 0x00000000ca000000, 0x00000000ca000000| Untracked 
| 161|0x00000000ca100000, 0x00000000ca100000, 0x00000000ca200000|  0%| F|  |TAMS 0x00000000ca100000, 0x00000000ca100000| Untracked 
| 162|0x00000000ca200000, 0x00000000ca200000, 0x00000000ca300000|  0%| F|  |TAMS 0x00000000ca200000, 0x00000000ca200000| Untracked 
| 163|0x00000000ca300000, 0x00000000ca300000, 0x00000000ca400000|  0%| F|  |TAMS 0x00000000ca300000, 0x00000000ca300000| Untracked 
| 164|0x00000000ca400000, 0x00000000ca400000, 0x00000000ca500000|  0%| F|  |TAMS 0x00000000ca400000, 0x00000000ca400000| Untracked 
| 165|0x00000000ca500000, 0x00000000ca500000, 0x00000000ca600000|  0%| F|  |TAMS 0x00000000ca500000, 0x00000000ca500000| Untracked 
| 166|0x00000000ca600000, 0x00000000ca600000, 0x00000000ca700000|  0%| F|  |TAMS 0x00000000ca600000, 0x00000000ca600000| Untracked 
| 167|0x00000000ca700000, 0x00000000ca700000, 0x00000000ca800000|  0%| F|  |TAMS 0x00000000ca700000, 0x00000000ca700000| Untracked 
| 168|0x00000000ca800000, 0x00000000ca800000, 0x00000000ca900000|  0%| F|  |TAMS 0x00000000ca800000, 0x00000000ca800000| Untracked 
| 169|0x00000000ca900000, 0x00000000ca900000, 0x00000000caa00000|  0%| F|  |TAMS 0x00000000ca900000, 0x00000000ca900000| Untracked 
| 170|0x00000000caa00000, 0x00000000caa00000, 0x00000000cab00000|  0%| F|  |TAMS 0x00000000caa00000, 0x00000000caa00000| Untracked 
| 171|0x00000000cab00000, 0x00000000cab00000, 0x00000000cac00000|  0%| F|  |TAMS 0x00000000cab00000, 0x00000000cab00000| Untracked 
| 172|0x00000000cac00000, 0x00000000cac00000, 0x00000000cad00000|  0%| F|  |TAMS 0x00000000cac00000, 0x00000000cac00000| Untracked 
| 173|0x00000000cad00000, 0x00000000cad00000, 0x00000000cae00000|  0%| F|  |TAMS 0x00000000cad00000, 0x00000000cad00000| Untracked 
| 174|0x00000000cae00000, 0x00000000cae00000, 0x00000000caf00000|  0%| F|  |TAMS 0x00000000cae00000, 0x00000000cae00000| Untracked 
| 175|0x00000000caf00000, 0x00000000caf00000, 0x00000000cb000000|  0%| F|  |TAMS 0x00000000caf00000, 0x00000000caf00000| Untracked 
| 176|0x00000000cb000000, 0x00000000cb000000, 0x00000000cb100000|  0%| F|  |TAMS 0x00000000cb000000, 0x00000000cb000000| Untracked 
| 177|0x00000000cb100000, 0x00000000cb100000, 0x00000000cb200000|  0%| F|  |TAMS 0x00000000cb100000, 0x00000000cb100000| Untracked 
| 178|0x00000000cb200000, 0x00000000cb200000, 0x00000000cb300000|  0%| F|  |TAMS 0x00000000cb200000, 0x00000000cb200000| Untracked 
| 179|0x00000000cb300000, 0x00000000cb300000, 0x00000000cb400000|  0%| F|  |TAMS 0x00000000cb300000, 0x00000000cb300000| Untracked 
| 180|0x00000000cb400000, 0x00000000cb400000, 0x00000000cb500000|  0%| F|  |TAMS 0x00000000cb400000, 0x00000000cb400000| Untracked 
| 181|0x00000000cb500000, 0x00000000cb500000, 0x00000000cb600000|  0%| F|  |TAMS 0x00000000cb500000, 0x00000000cb500000| Untracked 
| 182|0x00000000cb600000, 0x00000000cb600000, 0x00000000cb700000|  0%| F|  |TAMS 0x00000000cb600000, 0x00000000cb600000| Untracked 
| 183|0x00000000cb700000, 0x00000000cb700000, 0x00000000cb800000|  0%| F|  |TAMS 0x00000000cb700000, 0x00000000cb700000| Untracked 
| 184|0x00000000cb800000, 0x00000000cb800000, 0x00000000cb900000|  0%| F|  |TAMS 0x00000000cb800000, 0x00000000cb800000| Untracked 
| 185|0x00000000cb900000, 0x00000000cb900000, 0x00000000cba00000|  0%| F|  |TAMS 0x00000000cb900000, 0x00000000cb900000| Untracked 
| 186|0x00000000cba00000, 0x00000000cba00000, 0x00000000cbb00000|  0%| F|  |TAMS 0x00000000cba00000, 0x00000000cba00000| Untracked 
| 187|0x00000000cbb00000, 0x00000000cbb00000, 0x00000000cbc00000|  0%| F|  |TAMS 0x00000000cbb00000, 0x00000000cbb00000| Untracked 
| 188|0x00000000cbc00000, 0x00000000cbc00000, 0x00000000cbd00000|  0%| F|  |TAMS 0x00000000cbc00000, 0x00000000cbc00000| Untracked 
| 189|0x00000000cbd00000, 0x00000000cbd00000, 0x00000000cbe00000|  0%| F|  |TAMS 0x00000000cbd00000, 0x00000000cbd00000| Untracked 
| 190|0x00000000cbe00000, 0x00000000cbe00000, 0x00000000cbf00000|  0%| F|  |TAMS 0x00000000cbe00000, 0x00000000cbe00000| Untracked 
| 191|0x00000000cbf00000, 0x00000000cbf00000, 0x00000000cc000000|  0%| F|  |TAMS 0x00000000cbf00000, 0x00000000cbf00000| Untracked 
| 192|0x00000000cc000000, 0x00000000cc000000, 0x00000000cc100000|  0%| F|  |TAMS 0x00000000cc000000, 0x00000000cc000000| Untracked 
| 193|0x00000000cc100000, 0x00000000cc100000, 0x00000000cc200000|  0%| F|  |TAMS 0x00000000cc100000, 0x00000000cc100000| Untracked 
| 194|0x00000000cc200000, 0x00000000cc200000, 0x00000000cc300000|  0%| F|  |TAMS 0x00000000cc200000, 0x00000000cc200000| Untracked 
| 195|0x00000000cc300000, 0x00000000cc300000, 0x00000000cc400000|  0%| F|  |TAMS 0x00000000cc300000, 0x00000000cc300000| Untracked 
| 196|0x00000000cc400000, 0x00000000cc400000, 0x00000000cc500000|  0%| F|  |TAMS 0x00000000cc400000, 0x00000000cc400000| Untracked 
| 197|0x00000000cc500000, 0x00000000cc500000, 0x00000000cc600000|  0%| F|  |TAMS 0x00000000cc500000, 0x00000000cc500000| Untracked 
| 198|0x00000000cc600000, 0x00000000cc600000, 0x00000000cc700000|  0%| F|  |TAMS 0x00000000cc600000, 0x00000000cc600000| Untracked 
| 199|0x00000000cc700000, 0x00000000cc700000, 0x00000000cc800000|  0%| F|  |TAMS 0x00000000cc700000, 0x00000000cc700000| Untracked 
| 200|0x00000000cc800000, 0x00000000cc800000, 0x00000000cc900000|  0%| F|  |TAMS 0x00000000cc800000, 0x00000000cc800000| Untracked 
| 201|0x00000000cc900000, 0x00000000cc900000, 0x00000000cca00000|  0%| F|  |TAMS 0x00000000cc900000, 0x00000000cc900000| Untracked 
| 202|0x00000000cca00000, 0x00000000cca00000, 0x00000000ccb00000|  0%| F|  |TAMS 0x00000000cca00000, 0x00000000cca00000| Untracked 
| 203|0x00000000ccb00000, 0x00000000ccb00000, 0x00000000ccc00000|  0%| F|  |TAMS 0x00000000ccb00000, 0x00000000ccb00000| Untracked 
| 204|0x00000000ccc00000, 0x00000000ccc00000, 0x00000000ccd00000|  0%| F|  |TAMS 0x00000000ccc00000, 0x00000000ccc00000| Untracked 
| 205|0x00000000ccd00000, 0x00000000ccd00000, 0x00000000cce00000|  0%| F|  |TAMS 0x00000000ccd00000, 0x00000000ccd00000| Untracked 
| 206|0x00000000cce00000, 0x00000000cce00000, 0x00000000ccf00000|  0%| F|  |TAMS 0x00000000cce00000, 0x00000000cce00000| Untracked 
| 207|0x00000000ccf00000, 0x00000000ccf00000, 0x00000000cd000000|  0%| F|  |TAMS 0x00000000ccf00000, 0x00000000ccf00000| Untracked 
| 208|0x00000000cd000000, 0x00000000cd000000, 0x00000000cd100000|  0%| F|  |TAMS 0x00000000cd000000, 0x00000000cd000000| Untracked 
| 209|0x00000000cd100000, 0x00000000cd100000, 0x00000000cd200000|  0%| F|  |TAMS 0x00000000cd100000, 0x00000000cd100000| Untracked 
| 210|0x00000000cd200000, 0x00000000cd200000, 0x00000000cd300000|  0%| F|  |TAMS 0x00000000cd200000, 0x00000000cd200000| Untracked 
| 211|0x00000000cd300000, 0x00000000cd300000, 0x00000000cd400000|  0%| F|  |TAMS 0x00000000cd300000, 0x00000000cd300000| Untracked 
| 212|0x00000000cd400000, 0x00000000cd400000, 0x00000000cd500000|  0%| F|  |TAMS 0x00000000cd400000, 0x00000000cd400000| Untracked 
| 213|0x00000000cd500000, 0x00000000cd500000, 0x00000000cd600000|  0%| F|  |TAMS 0x00000000cd500000, 0x00000000cd500000| Untracked 
| 214|0x00000000cd600000, 0x00000000cd600000, 0x00000000cd700000|  0%| F|  |TAMS 0x00000000cd600000, 0x00000000cd600000| Untracked 
| 215|0x00000000cd700000, 0x00000000cd700000, 0x00000000cd800000|  0%| F|  |TAMS 0x00000000cd700000, 0x00000000cd700000| Untracked 
| 216|0x00000000cd800000, 0x00000000cd800000, 0x00000000cd900000|  0%| F|  |TAMS 0x00000000cd800000, 0x00000000cd800000| Untracked 
| 217|0x00000000cd900000, 0x00000000cd900000, 0x00000000cda00000|  0%| F|  |TAMS 0x00000000cd900000, 0x00000000cd900000| Untracked 
| 218|0x00000000cda00000, 0x00000000cda00000, 0x00000000cdb00000|  0%| F|  |TAMS 0x00000000cda00000, 0x00000000cda00000| Untracked 
| 219|0x00000000cdb00000, 0x00000000cdb00000, 0x00000000cdc00000|  0%| F|  |TAMS 0x00000000cdb00000, 0x00000000cdb00000| Untracked 
| 220|0x00000000cdc00000, 0x00000000cdc00000, 0x00000000cdd00000|  0%| F|  |TAMS 0x00000000cdc00000, 0x00000000cdc00000| Untracked 
| 221|0x00000000cdd00000, 0x00000000cdd00000, 0x00000000cde00000|  0%| F|  |TAMS 0x00000000cdd00000, 0x00000000cdd00000| Untracked 
| 222|0x00000000cde00000, 0x00000000cde00000, 0x00000000cdf00000|  0%| F|  |TAMS 0x00000000cde00000, 0x00000000cde00000| Untracked 
| 223|0x00000000cdf00000, 0x00000000cdf00000, 0x00000000ce000000|  0%| F|  |TAMS 0x00000000cdf00000, 0x00000000cdf00000| Untracked 
| 224|0x00000000ce000000, 0x00000000ce000000, 0x00000000ce100000|  0%| F|  |TAMS 0x00000000ce000000, 0x00000000ce000000| Untracked 
| 225|0x00000000ce100000, 0x00000000ce100000, 0x00000000ce200000|  0%| F|  |TAMS 0x00000000ce100000, 0x00000000ce100000| Untracked 
| 226|0x00000000ce200000, 0x00000000ce200000, 0x00000000ce300000|  0%| F|  |TAMS 0x00000000ce200000, 0x00000000ce200000| Untracked 
| 227|0x00000000ce300000, 0x00000000ce300000, 0x00000000ce400000|  0%| F|  |TAMS 0x00000000ce300000, 0x00000000ce300000| Untracked 
| 228|0x00000000ce400000, 0x00000000ce400000, 0x00000000ce500000|  0%| F|  |TAMS 0x00000000ce400000, 0x00000000ce400000| Untracked 
| 229|0x00000000ce500000, 0x00000000ce500000, 0x00000000ce600000|  0%| F|  |TAMS 0x00000000ce500000, 0x00000000ce500000| Untracked 
| 230|0x00000000ce600000, 0x00000000ce600000, 0x00000000ce700000|  0%| F|  |TAMS 0x00000000ce600000, 0x00000000ce600000| Untracked 
| 231|0x00000000ce700000, 0x00000000ce7060d0, 0x00000000ce800000|  2%| E|  |TAMS 0x00000000ce700000, 0x00000000ce700000| Complete 
| 274|0x00000000d1200000, 0x00000000d1300000, 0x00000000d1300000|100%| O|  |TAMS 0x00000000d1300000, 0x00000000d1200000| Untracked 
| 276|0x00000000d1400000, 0x00000000d1500000, 0x00000000d1500000|100%| O|  |TAMS 0x00000000d1500000, 0x00000000d1400000| Untracked 
| 277|0x00000000d1500000, 0x00000000d1600000, 0x00000000d1600000|100%| O|  |TAMS 0x00000000d1600000, 0x00000000d1500000| Untracked 
| 278|0x00000000d1600000, 0x00000000d1700000, 0x00000000d1700000|100%| O|  |TAMS 0x00000000d1700000, 0x00000000d1600000| Untracked 
| 280|0x00000000d1800000, 0x00000000d1900000, 0x00000000d1900000|100%| O|  |TAMS 0x00000000d1900000, 0x00000000d1800000| Untracked 
| 281|0x00000000d1900000, 0x00000000d1a00000, 0x00000000d1a00000|100%| O|  |TAMS 0x00000000d1a00000, 0x00000000d1900000| Untracked 
| 285|0x00000000d1d00000, 0x00000000d1e00000, 0x00000000d1e00000|100%| O|  |TAMS 0x00000000d1e00000, 0x00000000d1d00000| Untracked 
| 287|0x00000000d1f00000, 0x00000000d2000000, 0x00000000d2000000|100%| O|  |TAMS 0x00000000d2000000, 0x00000000d1f00000| Untracked 

Card table byte_map: [0x0000019454f20000,0x0000019455120000] _byte_map_base: 0x0000019454920000

Marking Bits (Prev, Next): (CMBitMap*) 0x000001944efc7560, (CMBitMap*) 0x000001944efc7520
 Prev Bits: [0x0000019456320000, 0x0000019457320000)
 Next Bits: [0x0000019455320000, 0x0000019456320000)

Polling page: 0x000001944cf90000

Metaspace:

Usage:
  Non-class:     60.61 MB used.
      Class:      9.59 MB used.
       Both:     70.20 MB used.

Virtual space:
  Non-class space:       64.00 MB reserved,      60.88 MB ( 95%) committed,  8 nodes.
      Class space:        1.00 GB reserved,       9.81 MB ( <1%) committed,  1 nodes.
             Both:        1.06 GB reserved,      70.69 MB (  6%) committed. 

Chunk freelists:
   Non-Class:  2.40 MB
       Class:  2.11 MB
        Both:  4.51 MB

MaxMetaspaceSize: unlimited
CompressedClassSpaceSize: 1.00 GB
Initial GC threshold: 21.00 MB
Current GC threshold: 117.75 MB
CDS: off
MetaspaceReclaimPolicy: balanced
 - commit_granule_bytes: 65536.
 - commit_granule_words: 8192.
 - virtual_space_node_default_size: 1048576.
 - enlarge_chunks_in_place: 1.
 - new_chunks_are_fully_committed: 0.
 - uncommit_free_chunks: 1.
 - use_allocation_guard: 0.
 - handle_deallocations: 1.


Internal statistics:

num_allocs_failed_limit: 8.
num_arena_births: 944.
num_arena_deaths: 378.
num_vsnodes_births: 9.
num_vsnodes_deaths: 0.
num_space_committed: 1131.
num_space_uncommitted: 0.
num_chunks_returned_to_freelist: 477.
num_chunks_taken_from_freelist: 3438.
num_chunk_merges: 180.
num_chunk_splits: 2284.
num_chunks_enlarged: 1679.
num_purges: 26.
num_inconsistent_stats: 0.

CodeCache: size=49152Kb used=30251Kb max_used=31941Kb free=18900Kb
 bounds [0x0000019451c10000, 0x0000019453b60000, 0x0000019454c10000]
 total_blobs=16669 nmethods=15975 adapters=619
 compilation: enabled
              stopped_count=0, restarted_count=0
 full_count=0

Compilation events (20 events):
Event: 188671.370 Thread 0x000001945f0ae400 nmethod 16244 0x0000019452804c90 code [0x0000019452804ea0, 0x00000194528053d8]
Event: 188671.370 Thread 0x000001945a862c70 nmethod 16248 0x0000019452802490 code [0x0000019452802880, 0x0000019452803da8]
Event: 188671.370 Thread 0x000001945f0ae400 16245       1       com.sun.tools.javac.code.Symbol$ClassSymbol::markAbstractIfNeeded (79 bytes)
Event: 188671.370 Thread 0x000001945a862c70 16247       1       com.sun.tools.javac.comp.Check::checkCompatibleConcretes (423 bytes)
Event: 188671.371 Thread 0x000001945f0acab0 nmethod 16243 0x0000019452437a10 code [0x0000019452437da0, 0x0000019452438e68]
Event: 188671.372 Thread 0x000001945f0acab0 16249       1       com.sun.tools.javac.comp.Check$DefaultMethodClashFilter::<init> (15 bytes)
Event: 188671.372 Thread 0x000001945f0ae400 nmethod 16245 0x0000019452436a10 code [0x0000019452436c60, 0x00000194524373d8]
Event: 188671.372 Thread 0x000001945f0ae400 16250   !   1       com.sun.tools.javac.comp.Attr::checkAutoCloseable (227 bytes)
Event: 188671.372 Thread 0x000001945f0acab0 nmethod 16249 0x0000019452436690 code [0x0000019452436820, 0x0000019452436978]
Event: 188671.372 Thread 0x000001945f0acab0 16251       1       com.sun.tools.javac.comp.Check::checkLeaksNotAccessible (90 bytes)
Event: 188671.372 Thread 0x000001945f0aee20 nmethod 16241 0x0000019452434890 code [0x0000019452434be0, 0x0000019452435ad8]
Event: 188671.372 Thread 0x000001945f0acab0 nmethod 16251 0x0000019452434190 code [0x0000019452434380, 0x0000019452434638]
Event: 188671.373 Thread 0x000001945f0aee20 16252       1       org.openrewrite.java.tree.J$NewClass::acceptJava (7 bytes)
Event: 188671.373 Thread 0x000001945f0acab0 16253       1       org.openrewrite.java.tree.J$NewClass$Padding::getEnclosing (8 bytes)
Event: 188671.373 Thread 0x000001945f0aee20 nmethod 16252 0x0000019452433e90 code [0x0000019452434020, 0x0000019452434108]
Event: 188671.373 Thread 0x000001945f0acab0 nmethod 16253 0x0000019452433b90 code [0x0000019452433d20, 0x0000019452433df8]
Event: 188671.374 Thread 0x000001945a862c70 nmethod 16247 0x0000019452431710 code [0x0000019452431b20, 0x0000019452432ae8]
Event: 188671.374 Thread 0x000001945f0ae400 nmethod 16250 0x0000019452445510 code [0x0000019452445860, 0x0000019452446898]
Event: 188671.374 Thread 0x000001945f0acab0 16254       1       org.openrewrite.java.tree.J$NewClass::withMarkers (57 bytes)
Event: 188671.374 Thread 0x000001945f0acab0 nmethod 16254 0x0000019452445110 code [0x00000194524452a0, 0x0000019452445468]

GC Heap History (20 events):
Event: 188901.958 GC heap before
{Heap before GC invocations=2326 (full 2179):
 garbage-first heap   total 245760K, used 79824K [0x00000000c0000000, 0x0000000100000000)
  region size 1024K, 1 young (1024K), 0 survivors (0K)
 Metaspace       used 71879K, committed 72384K, reserved 1114112K
  class space    used 9817K, committed 10048K, reserved 1048576K
}
Event: 188902.033 GC heap after
{Heap after GC invocations=2327 (full 2180):
 garbage-first heap   total 245760K, used 79824K [0x00000000c0000000, 0x0000000100000000)
  region size 1024K, 0 young (0K), 0 survivors (0K)
 Metaspace       used 71879K, committed 72384K, reserved 1114112K
  class space    used 9817K, committed 10048K, reserved 1048576K
}
Event: 188912.297 GC heap before
{Heap before GC invocations=2327 (full 2180):
 garbage-first heap   total 245760K, used 79824K [0x00000000c0000000, 0x0000000100000000)
  region size 1024K, 1 young (1024K), 0 survivors (0K)
 Metaspace       used 71879K, committed 72384K, reserved 1114112K
  class space    used 9817K, committed 10048K, reserved 1048576K
}
Event: 188912.378 GC heap after
{Heap after GC invocations=2328 (full 2181):
 garbage-first heap   total 245760K, used 79824K [0x00000000c0000000, 0x0000000100000000)
  region size 1024K, 0 young (0K), 0 survivors (0K)
 Metaspace       used 71879K, committed 72384K, reserved 1114112K
  class space    used 9817K, committed 10048K, reserved 1048576K
}
Event: 188922.691 GC heap before
{Heap before GC invocations=2328 (full 2181):
 garbage-first heap   total 245760K, used 79824K [0x00000000c0000000, 0x0000000100000000)
  region size 1024K, 1 young (1024K), 0 survivors (0K)
 Metaspace       used 71879K, committed 72384K, reserved 1114112K
  class space    used 9817K, committed 10048K, reserved 1048576K
}
Event: 188922.765 GC heap after
{Heap after GC invocations=2329 (full 2182):
 garbage-first heap   total 245760K, used 79824K [0x00000000c0000000, 0x0000000100000000)
  region size 1024K, 0 young (0K), 0 survivors (0K)
 Metaspace       used 71879K, committed 72384K, reserved 1114112K
  class space    used 9817K, committed 10048K, reserved 1048576K
}
Event: 188933.107 GC heap before
{Heap before GC invocations=2329 (full 2182):
 garbage-first heap   total 245760K, used 79824K [0x00000000c0000000, 0x0000000100000000)
  region size 1024K, 1 young (1024K), 0 survivors (0K)
 Metaspace       used 71879K, committed 72384K, reserved 1114112K
  class space    used 9817K, committed 10048K, reserved 1048576K
}
Event: 188933.193 GC heap after
{Heap after GC invocations=2330 (full 2183):
 garbage-first heap   total 245760K, used 79823K [0x00000000c0000000, 0x0000000100000000)
  region size 1024K, 0 young (0K), 0 survivors (0K)
 Metaspace       used 71879K, committed 72384K, reserved 1114112K
  class space    used 9817K, committed 10048K, reserved 1048576K
}
Event: 188943.474 GC heap before
{Heap before GC invocations=2330 (full 2183):
 garbage-first heap   total 245760K, used 79823K [0x00000000c0000000, 0x0000000100000000)
  region size 1024K, 1 young (1024K), 0 survivors (0K)
 Metaspace       used 71879K, committed 72384K, reserved 1114112K
  class space    used 9817K, committed 10048K, reserved 1048576K
}
Event: 188943.550 GC heap after
{Heap after GC invocations=2331 (full 2184):
 garbage-first heap   total 245760K, used 79823K [0x00000000c0000000, 0x0000000100000000)
  region size 1024K, 0 young (0K), 0 survivors (0K)
 Metaspace       used 71879K, committed 72384K, reserved 1114112K
  class space    used 9817K, committed 10048K, reserved 1048576K
}
Event: 188953.948 GC heap before
{Heap before GC invocations=2331 (full 2184):
 garbage-first heap   total 245760K, used 79823K [0x00000000c0000000, 0x0000000100000000)
  region size 1024K, 1 young (1024K), 0 survivors (0K)
 Metaspace       used 71879K, committed 72384K, reserved 1114112K
  class space    used 9817K, committed 10048K, reserved 1048576K
}
Event: 188954.032 GC heap after
{Heap after GC invocations=2332 (full 2185):
 garbage-first heap   total 245760K, used 79823K [0x00000000c0000000, 0x0000000100000000)
  region size 1024K, 0 young (0K), 0 survivors (0K)
 Metaspace       used 71879K, committed 72384K, reserved 1114112K
  class space    used 9817K, committed 10048K, reserved 1048576K
}
Event: 188964.409 GC heap before
{Heap before GC invocations=2332 (full 2185):
 garbage-first heap   total 245760K, used 79823K [0x00000000c0000000, 0x0000000100000000)
  region size 1024K, 1 young (1024K), 0 survivors (0K)
 Metaspace       used 71879K, committed 72384K, reserved 1114112K
  class space    used 9817K, committed 10048K, reserved 1048576K
}
Event: 188964.496 GC heap after
{Heap after GC invocations=2333 (full 2186):
 garbage-first heap   total 245760K, used 79823K [0x00000000c0000000, 0x0000000100000000)
  region size 1024K, 0 young (0K), 0 survivors (0K)
 Metaspace       used 71879K, committed 72384K, reserved 1114112K
  class space    used 9817K, committed 10048K, reserved 1048576K
}
Event: 188974.847 GC heap before
{Heap before GC invocations=2333 (full 2186):
 garbage-first heap   total 245760K, used 79823K [0x00000000c0000000, 0x0000000100000000)
  region size 1024K, 1 young (1024K), 0 survivors (0K)
 Metaspace       used 71879K, committed 72384K, reserved 1114112K
  class space    used 9817K, committed 10048K, reserved 1048576K
}
Event: 188974.945 GC heap after
{Heap after GC invocations=2334 (full 2187):
 garbage-first heap   total 245760K, used 79823K [0x00000000c0000000, 0x0000000100000000)
  region size 1024K, 0 young (0K), 0 survivors (0K)
 Metaspace       used 71879K, committed 72384K, reserved 1114112K
  class space    used 9817K, committed 10048K, reserved 1048576K
}
Event: 188985.190 GC heap before
{Heap before GC invocations=2334 (full 2187):
 garbage-first heap   total 245760K, used 79823K [0x00000000c0000000, 0x0000000100000000)
  region size 1024K, 1 young (1024K), 0 survivors (0K)
 Metaspace       used 71879K, committed 72384K, reserved 1114112K
  class space    used 9817K, committed 10048K, reserved 1048576K
}
Event: 188985.286 GC heap after
{Heap after GC invocations=2335 (full 2188):
 garbage-first heap   total 245760K, used 79823K [0x00000000c0000000, 0x0000000100000000)
  region size 1024K, 0 young (0K), 0 survivors (0K)
 Metaspace       used 71879K, committed 72384K, reserved 1114112K
  class space    used 9817K, committed 10048K, reserved 1048576K
}
Event: 188995.494 GC heap before
{Heap before GC invocations=2335 (full 2188):
 garbage-first heap   total 245760K, used 79823K [0x00000000c0000000, 0x0000000100000000)
  region size 1024K, 1 young (1024K), 0 survivors (0K)
 Metaspace       used 71879K, committed 72384K, reserved 1114112K
  class space    used 9817K, committed 10048K, reserved 1048576K
}
Event: 188995.570 GC heap after
{Heap after GC invocations=2336 (full 2189):
 garbage-first heap   total 245760K, used 79823K [0x00000000c0000000, 0x0000000100000000)
  region size 1024K, 0 young (0K), 0 survivors (0K)
 Metaspace       used 71879K, committed 72384K, reserved 1114112K
  class space    used 9817K, committed 10048K, reserved 1048576K
}

Dll operation events (10 events):
Event: 0.018 Loaded shared library c:\Users\WJT\.vscode\extensions\redhat.java-1.16.0-win32-x64\jre\17.0.6-win32-x86_64\bin\java.dll
Event: 0.674 Loaded shared library C:\Users\WJT\.vscode\extensions\redhat.java-1.16.0-win32-x64\jre\17.0.6-win32-x86_64\bin\net.dll
Event: 0.679 Loaded shared library C:\Users\WJT\.vscode\extensions\redhat.java-1.16.0-win32-x64\jre\17.0.6-win32-x86_64\bin\nio.dll
Event: 1.678 Loaded shared library C:\Users\WJT\.vscode\extensions\redhat.java-1.16.0-win32-x64\jre\17.0.6-win32-x86_64\bin\zip.dll
Event: 13.179 Loaded shared library C:\Users\WJT\.vscode\extensions\redhat.java-1.16.0-win32-x64\jre\17.0.6-win32-x86_64\bin\jimage.dll
Event: 22.242 Loaded shared library C:\Users\WJT\.vscode\extensions\redhat.java-1.16.0-win32-x64\jre\17.0.6-win32-x86_64\bin\management.dll
Event: 22.248 Loaded shared library C:\Users\WJT\.vscode\extensions\redhat.java-1.16.0-win32-x64\jre\17.0.6-win32-x86_64\bin\management_ext.dll
Event: 25.679 Loaded shared library C:\Users\WJT\.vscode\extensions\redhat.java-1.16.0-win32-x64\jre\17.0.6-win32-x86_64\bin\sunmscapi.dll
Event: 31.659 Loaded shared library c:\Users\WJT\.vscode\extensions\redhat.java-1.16.0-win32-x64\jre\17.0.6-win32-x86_64\bin\verify.dll
Event: 36.390 Loaded shared library C:\Users\WJT\AppData\Local\Temp\snappy-1.1.8-0e7399dd-cede-43ff-ac0a-10dbd421aa42-snappyjava.dll

Deoptimization events (20 events):
Event: 6441.219 Thread 0x000001945c7f35e0 DEOPT PACKING pc=0x00000194532d7c40 sp=0x0000007d665fe480
Event: 6441.219 Thread 0x000001945c7f35e0 DEOPT UNPACKING pc=0x0000019451c67143 sp=0x0000007d665fdad8 mode 3
Event: 100647.793 Thread 0x000001946aa0a060 DEOPT PACKING pc=0x00000194534de004 sp=0x0000007d64cfe290
Event: 100647.793 Thread 0x000001946aa0a060 DEOPT UNPACKING pc=0x0000019451c67143 sp=0x0000007d64cfd890 mode 3
Event: 175881.797 Thread 0x000001946ab08f50 DEOPT PACKING pc=0x00000194535eec8f sp=0x0000007d64cfdb10
Event: 175881.797 Thread 0x000001946ab08f50 DEOPT UNPACKING pc=0x0000019451c67143 sp=0x0000007d64cfd060 mode 3
Event: 182192.049 Thread 0x000001945e4da3b0 DEOPT PACKING pc=0x0000019453761251 sp=0x0000007d64dfe9d0
Event: 182192.049 Thread 0x000001945e4da3b0 DEOPT UNPACKING pc=0x0000019451c67143 sp=0x0000007d64dfdeb8 mode 3
Event: 182585.378 Thread 0x000001945c1f0cf0 DEOPT PACKING pc=0x000001945336bdea sp=0x0000007d659fe350
Event: 182585.378 Thread 0x000001945c1f0cf0 DEOPT UNPACKING pc=0x0000019451c67143 sp=0x0000007d659fd898 mode 3
Event: 182672.991 Thread 0x000001945a9f9740 DEOPT PACKING pc=0x0000019453758e2b sp=0x0000007d656fe2a0
Event: 182672.992 Thread 0x000001945a9f9740 DEOPT UNPACKING pc=0x0000019451c67143 sp=0x0000007d656fd7a0 mode 3
Event: 184036.831 Thread 0x000001946a932080 DEOPT PACKING pc=0x0000019452804dab sp=0x0000007d64dfd7a0
Event: 184036.831 Thread 0x000001946a932080 DEOPT UNPACKING pc=0x0000019451c67143 sp=0x0000007d64dfcd30 mode 3
Event: 184112.847 Thread 0x000001945c7f1dd0 DEOPT PACKING pc=0x00000194537ff6bd sp=0x0000007d654fd8a0
Event: 184112.847 Thread 0x000001945c7f1dd0 DEOPT UNPACKING pc=0x0000019451c67143 sp=0x0000007d654fce08 mode 3
Event: 185347.129 Thread 0x000001945ef59880 DEOPT PACKING pc=0x00000194521255a6 sp=0x0000007d64dfdea0
Event: 185347.129 Thread 0x000001945ef59880 DEOPT UNPACKING pc=0x0000019451c67143 sp=0x0000007d64dfd428 mode 0
Event: 185859.772 Thread 0x000001946ac6cc20 DEOPT PACKING pc=0x000001945391fb8f sp=0x0000007d650fd020
Event: 185859.772 Thread 0x000001946ac6cc20 DEOPT UNPACKING pc=0x0000019451c67143 sp=0x0000007d650fc528 mode 3

Classes unloaded (20 events):
Event: 184372.577 Thread 0x0000019459dc7aa0 Unloading class 0x00000001009bd400 'jdk/internal/reflect/GeneratedMethodAccessor55'
Event: 184372.577 Thread 0x0000019459dc7aa0 Unloading class 0x00000001009bd000 'jdk/internal/reflect/GeneratedMethodAccessor54'
Event: 184372.577 Thread 0x0000019459dc7aa0 Unloading class 0x00000001009c5000 'jdk/internal/reflect/GeneratedMethodAccessor53'
Event: 186023.147 Thread 0x0000019459dc7aa0 Unloading class 0x00000001009bd000 'java/lang/invoke/LambdaForm$MH+0x00000001009bd000'
Event: 186023.147 Thread 0x0000019459dc7aa0 Unloading class 0x00000001009b0c00 'java/lang/invoke/LambdaForm$MH+0x00000001009b0c00'
Event: 186023.147 Thread 0x0000019459dc7aa0 Unloading class 0x00000001009b0800 'java/lang/invoke/LambdaForm$MH+0x00000001009b0800'
Event: 186268.261 Thread 0x0000019459dc7aa0 Unloading class 0x00000001009cd400 'jdk/internal/reflect/GeneratedMethodAccessor62'
Event: 186268.261 Thread 0x0000019459dc7aa0 Unloading class 0x00000001009cd000 'jdk/internal/reflect/GeneratedConstructorAccessor85'
Event: 186268.261 Thread 0x0000019459dc7aa0 Unloading class 0x00000001009ce400 'jdk/internal/reflect/GeneratedMethodAccessor61'
Event: 186268.261 Thread 0x0000019459dc7aa0 Unloading class 0x00000001009ce000 'jdk/internal/reflect/GeneratedConstructorAccessor84'
Event: 186268.261 Thread 0x0000019459dc7aa0 Unloading class 0x00000001009c5000 'jdk/internal/reflect/GeneratedMethodAccessor60'
Event: 186268.261 Thread 0x0000019459dc7aa0 Unloading class 0x00000001009cdc00 'jdk/internal/reflect/GeneratedMethodAccessor59'
Event: 186268.261 Thread 0x0000019459dc7aa0 Unloading class 0x00000001009ce800 'jdk/internal/reflect/GeneratedMethodAccessor58'
Event: 188829.509 Thread 0x0000019459dc7aa0 Unloading class 0x00000001009ce000 'jdk/internal/reflect/GeneratedMethodAccessor68'
Event: 188829.509 Thread 0x0000019459dc7aa0 Unloading class 0x00000001009cd400 'jdk/internal/reflect/GeneratedConstructorAccessor88'
Event: 188829.509 Thread 0x0000019459dc7aa0 Unloading class 0x00000001009cd000 'jdk/internal/reflect/GeneratedMethodAccessor67'
Event: 188829.509 Thread 0x0000019459dc7aa0 Unloading class 0x00000001009bd000 'jdk/internal/reflect/GeneratedConstructorAccessor87'
Event: 188829.509 Thread 0x0000019459dc7aa0 Unloading class 0x00000001009ce800 'jdk/internal/reflect/GeneratedMethodAccessor66'
Event: 188829.509 Thread 0x0000019459dc7aa0 Unloading class 0x00000001009cdc00 'jdk/internal/reflect/GeneratedMethodAccessor65'
Event: 188829.509 Thread 0x0000019459dc7aa0 Unloading class 0x00000001009c5000 'jdk/internal/reflect/GeneratedMethodAccessor64'

Classes redefined (0 events):
No events

Internal exceptions (20 events):
Event: 188656.710 Thread 0x000001945e4e17b0 Exception <a 'sun/nio/fs/WindowsException'{0x00000000cc51c738}> (0x00000000cc51c738) 
thrown [s\src\hotspot\share\prims\jni.cpp, line 516]
Event: 188656.714 Thread 0x000001945e4e17b0 Exception <a 'sun/nio/fs/WindowsException'{0x00000000cc51dd68}> (0x00000000cc51dd68) 
thrown [s\src\hotspot\share\prims\jni.cpp, line 516]
Event: 188657.327 Thread 0x000001945e4e17b0 Implicit null exception at 0x0000019452e9b7a1 to 0x0000019452e9baaa
Event: 188657.328 Thread 0x000001945e4e17b0 Exception <a 'java/lang/NullPointerException'{0x00000000cbb670c8}> (0x00000000cbb670c8) 
thrown [s\src\hotspot\share\runtime\sharedRuntime.cpp, line 628]
Event: 188657.562 Thread 0x000001945e4e17b0 Exception <a 'sun/nio/fs/WindowsException'{0x00000000cbb6be38}> (0x00000000cbb6be38) 
thrown [s\src\hotspot\share\prims\jni.cpp, line 516]
Event: 188657.563 Thread 0x000001945e4e17b0 Exception <a 'sun/nio/fs/WindowsException'{0x00000000cbb6d468}> (0x00000000cbb6d468) 
thrown [s\src\hotspot\share\prims\jni.cpp, line 516]
Event: 188659.082 Thread 0x000001945e4e17b0 Exception <a 'sun/nio/fs/WindowsException'{0x00000000cae33c28}> (0x00000000cae33c28) 
thrown [s\src\hotspot\share\prims\jni.cpp, line 516]
Event: 188659.083 Thread 0x000001945e4e17b0 Exception <a 'sun/nio/fs/WindowsException'{0x00000000cae35258}> (0x00000000cae35258) 
thrown [s\src\hotspot\share\prims\jni.cpp, line 516]
Event: 188659.271 Thread 0x000001945e4e17b0 Implicit null exception at 0x0000019452e9b7a1 to 0x0000019452e9baaa
Event: 188659.271 Thread 0x000001945e4e17b0 Exception <a 'java/lang/NullPointerException'{0x00000000c9dc61d8}> (0x00000000c9dc61d8) 
thrown [s\src\hotspot\share\runtime\sharedRuntime.cpp, line 628]
Event: 188666.478 Thread 0x000001945e4e17b0 Exception <a 'sun/nio/fs/WindowsException'{0x00000000c9dcb018}> (0x00000000c9dcb018) 
thrown [s\src\hotspot\share\prims\jni.cpp, line 516]
Event: 188666.482 Thread 0x000001945e4e17b0 Exception <a 'sun/nio/fs/WindowsException'{0x00000000c9dcc648}> (0x00000000c9dcc648) 
thrown [s\src\hotspot\share\prims\jni.cpp, line 516]
Event: 188666.833 Thread 0x000001945e4e17b0 Implicit null exception at 0x0000019452e9b7a1 to 0x0000019452e9baaa
Event: 188666.833 Thread 0x000001945e4e17b0 Exception <a 'java/lang/NullPointerException'{0x00000000c7ffcde8}> (0x00000000c7ffcde8) 
thrown [s\src\hotspot\share\runtime\sharedRuntime.cpp, line 628]
Event: 188669.295 Thread 0x000001945e4e17b0 Exception <a 'sun/nio/fs/WindowsException'{0x00000000c7e6f168}> (0x00000000c7e6f168) 
thrown [s\src\hotspot\share\prims\jni.cpp, line 516]
Event: 188669.298 Thread 0x000001945e4e17b0 Exception <a 'sun/nio/fs/WindowsException'{0x00000000c7e70798}> (0x00000000c7e70798) 
thrown [s\src\hotspot\share\prims\jni.cpp, line 516]
Event: 188669.682 Thread 0x000001945e4e17b0 Implicit null exception at 0x0000019452e9b7a1 to 0x0000019452e9baaa
Event: 188669.682 Thread 0x000001945e4e17b0 Exception <a 'java/lang/NullPointerException'{0x00000000c6bef860}> (0x00000000c6bef860) 
thrown [s\src\hotspot\share\runtime\sharedRuntime.cpp, line 628]
Event: 188671.169 Thread 0x000001945e4e17b0 Exception <a 'sun/nio/fs/WindowsException'{0x00000000c69e69f0}> (0x00000000c69e69f0) 
thrown [s\src\hotspot\share\prims\jni.cpp, line 516]
Event: 188671.170 Thread 0x000001945e4e17b0 Exception <a 'sun/nio/fs/WindowsException'{0x00000000c69e8020}> (0x00000000c69e8020) 
thrown [s\src\hotspot\share\prims\jni.cpp, line 516]

VM Operations (20 events):
Event: 188902.034 Executing VM operation: G1CollectFull done
Event: 188912.297 Executing VM operation: G1CollectFull
Event: 188912.378 Executing VM operation: G1CollectFull done
Event: 188922.690 Executing VM operation: G1CollectFull
Event: 188922.765 Executing VM operation: G1CollectFull done
Event: 188933.107 Executing VM operation: G1CollectFull
Event: 188933.193 Executing VM operation: G1CollectFull done
Event: 188943.474 Executing VM operation: G1CollectFull
Event: 188943.550 Executing VM operation: G1CollectFull done
Event: 188953.948 Executing VM operation: G1CollectFull
Event: 188954.032 Executing VM operation: G1CollectFull done
Event: 188964.409 Executing VM operation: G1CollectFull
Event: 188964.496 Executing VM operation: G1CollectFull done
Event: 188974.847 Executing VM operation: G1CollectFull
Event: 188974.945 Executing VM operation: G1CollectFull done
Event: 188985.189 Executing VM operation: G1CollectFull
Event: 188985.286 Executing VM operation: G1CollectFull done
Event: 188995.494 Executing VM operation: G1CollectFull
Event: 188995.570 Executing VM operation: G1CollectFull done
Event: 189005.787 Executing VM operation: G1CollectFull

Events (20 events):
Event: 188486.672 Thread 0x000001945cbbd080 Thread added: 0x000001945cbbd080
Event: 188486.924 Thread 0x000001946aa0a060 Thread added: 0x000001946aa0a060
Event: 188488.162 Thread 0x000001946aa0a060 Thread exited: 0x000001946aa0a060
Event: 188546.701 Thread 0x000001945cbbe3c0 Thread exited: 0x000001945cbbe3c0
Event: 188554.173 Thread 0x000001945cbbd550 Thread added: 0x000001945cbbd550
Event: 188614.200 Thread 0x000001945cbbd550 Thread exited: 0x000001945cbbd550
Event: 188625.663 Thread 0x000001946a9345a0 Thread added: 0x000001946a9345a0
Event: 188671.368 Thread 0x000001945f0aee20 Thread added: 0x000001945f0aee20
Event: 188671.368 Thread 0x000001945f0acab0 Thread added: 0x000001945f0acab0
Event: 188671.368 Thread 0x000001945f0ae400 Thread added: 0x000001945f0ae400
Event: 188676.384 Thread 0x000001945f0ae400 Thread exited: 0x000001945f0ae400
Event: 188681.393 Thread 0x000001945f0acab0 Thread exited: 0x000001945f0acab0
Event: 188681.393 Thread 0x000001945f0aee20 Thread exited: 0x000001945f0aee20
Event: 188726.684 Thread 0x000001946a9345a0 Thread exited: 0x000001946a9345a0
Event: 188731.262 Thread 0x000001945cbbd080 Thread exited: 0x000001945cbbd080
Event: 188748.899 Thread 0x000001945e4e17b0 Thread exited: 0x000001945e4e17b0
Event: 188785.061 Thread 0x000001946ad544f0 Thread exited: 0x000001946ad544f0
Event: 188808.906 Thread 0x000001945a8c10c0 Thread exited: 0x000001945a8c10c0
Event: 188868.917 Thread 0x000001945cbbe890 Thread exited: 0x000001945cbbe890
Event: 188928.930 Thread 0x000001945cbbda20 Thread exited: 0x000001945cbbda20


Dynamic libraries:
0x00007ff6faa10000 - 0x00007ff6faa1e000 	c:\Users\WJT\.vscode\extensions\redhat.java-1.16.0-win32-x64\jre\17.0.6-win32-x86_64\bin\java.exe
0x00007ff838540000 - 0x00007ff838749000 	C:\WINDOWS\SYSTEM32\ntdll.dll
0x00007ff837480000 - 0x00007ff83753e000 	C:\WINDOWS\System32\KERNEL32.DLL
0x00007ff836040000 - 0x00007ff8363bc000 	C:\WINDOWS\System32\KERNELBASE.dll
0x00007ff835de0000 - 0x00007ff835ef1000 	C:\WINDOWS\System32\ucrtbase.dll
0x00007ff831f70000 - 0x00007ff831f87000 	c:\Users\WJT\.vscode\extensions\redhat.java-1.16.0-win32-x64\jre\17.0.6-win32-x86_64\bin\jli.dll
0x00007ff8375f0000 - 0x00007ff83779d000 	C:\WINDOWS\System32\USER32.dll
0x00007ff835d10000 - 0x00007ff835d36000 	C:\WINDOWS\System32\win32u.dll
0x00007ff8377a0000 - 0x00007ff8377c9000 	C:\WINDOWS\System32\GDI32.dll
0x00007ff835bf0000 - 0x00007ff835d08000 	C:\WINDOWS\System32\gdi32full.dll
0x00007ff835d40000 - 0x00007ff835ddd000 	C:\WINDOWS\System32\msvcp_win.dll
0x00007ff831fc0000 - 0x00007ff831fd9000 	c:\Users\WJT\.vscode\extensions\redhat.java-1.16.0-win32-x64\jre\17.0.6-win32-x86_64\bin\VCRUNTIME140.dll
0x00007ff821b30000 - 0x00007ff821dd5000 	C:\WINDOWS\WinSxS\amd64_microsoft.windows.common-controls_6595b64144ccf1df_6.0.22000.120_none_9d947278b86cc467\COMCTL32.dll
0x00007ff837c20000 - 0x00007ff837cc3000 	C:\WINDOWS\System32\msvcrt.dll
0x00007ff8368c0000 - 0x00007ff8368f1000 	C:\WINDOWS\System32\IMM32.DLL
0x00007ff832750000 - 0x00007ff83275c000 	c:\Users\WJT\.vscode\extensions\redhat.java-1.16.0-win32-x64\jre\17.0.6-win32-x86_64\bin\vcruntime140_1.dll
0x00007ff814a50000 - 0x00007ff814ae1000 	c:\Users\WJT\.vscode\extensions\redhat.java-1.16.0-win32-x64\jre\17.0.6-win32-x86_64\bin\msvcp140.dll
0x00007fffc6c10000 - 0x00007fffc7857000 	c:\Users\WJT\.vscode\extensions\redhat.java-1.16.0-win32-x64\jre\17.0.6-win32-x86_64\bin\server\jvm.dll
0x00007ff8377f0000 - 0x00007ff83789e000 	C:\WINDOWS\System32\ADVAPI32.dll
0x00007ff8367c0000 - 0x00007ff83685e000 	C:\WINDOWS\System32\sechost.dll
0x00007ff836e70000 - 0x00007ff836f90000 	C:\WINDOWS\System32\RPCRT4.dll
0x00007ff832020000 - 0x00007ff832029000 	C:\WINDOWS\SYSTEM32\WSOCK32.dll
0x00007ff836e00000 - 0x00007ff836e6f000 	C:\WINDOWS\System32\WS2_32.dll
0x00007ff82f070000 - 0x00007ff82f0a3000 	C:\WINDOWS\SYSTEM32\WINMM.dll
0x00007ff8274f0000 - 0x00007ff8274fa000 	C:\WINDOWS\SYSTEM32\VERSION.dll
0x00007ff834b80000 - 0x00007ff834b98000 	C:\WINDOWS\SYSTEM32\kernel.appcore.dll
0x00007ff82db10000 - 0x00007ff82db1a000 	c:\Users\WJT\.vscode\extensions\redhat.java-1.16.0-win32-x64\jre\17.0.6-win32-x86_64\bin\jimage.dll
0x00007ff828e80000 - 0x00007ff8290a1000 	C:\WINDOWS\SYSTEM32\DBGHELP.DLL
0x00007ff817670000 - 0x00007ff8176a1000 	C:\WINDOWS\SYSTEM32\dbgcore.DLL
0x00007ff835f00000 - 0x00007ff835f7f000 	C:\WINDOWS\System32\bcryptPrimitives.dll
0x00007ff81fce0000 - 0x00007ff81fd05000 	c:\Users\WJT\.vscode\extensions\redhat.java-1.16.0-win32-x64\jre\17.0.6-win32-x86_64\bin\java.dll
0x00007ff8293e0000 - 0x00007ff8293f8000 	c:\Users\WJT\.vscode\extensions\redhat.java-1.16.0-win32-x64\jre\17.0.6-win32-x86_64\bin\zip.dll
0x00007ff837d30000 - 0x00007ff8384f5000 	C:\WINDOWS\System32\SHELL32.dll
0x00007ff833b00000 - 0x00007ff834365000 	C:\WINDOWS\SYSTEM32\windows.storage.dll
0x00007ff8378a0000 - 0x00007ff837c16000 	C:\WINDOWS\System32\combase.dll
0x00007ff833990000 - 0x00007ff833af6000 	C:\WINDOWS\SYSTEM32\wintypes.dll
0x00007ff836a20000 - 0x00007ff836b0a000 	C:\WINDOWS\System32\SHCORE.dll
0x00007ff837cd0000 - 0x00007ff837d2d000 	C:\WINDOWS\System32\shlwapi.dll
0x00007ff835940000 - 0x00007ff835961000 	C:\WINDOWS\SYSTEM32\profapi.dll
0x00007ff81fc50000 - 0x00007ff81fc69000 	C:\Users\WJT\.vscode\extensions\redhat.java-1.16.0-win32-x64\jre\17.0.6-win32-x86_64\bin\net.dll
0x00007ff82d6c0000 - 0x00007ff82d7d2000 	C:\WINDOWS\SYSTEM32\WINHTTP.dll
0x00007ff835020000 - 0x00007ff835087000 	C:\WINDOWS\system32\mswsock.dll
0x00007ff81f720000 - 0x00007ff81f735000 	C:\Users\WJT\.vscode\extensions\redhat.java-1.16.0-win32-x64\jre\17.0.6-win32-x86_64\bin\nio.dll
0x00007ff835270000 - 0x00007ff835288000 	C:\WINDOWS\SYSTEM32\CRYPTSP.dll
0x00007ff834ae0000 - 0x00007ff834b15000 	C:\WINDOWS\system32\rsaenh.dll
0x00007ff835110000 - 0x00007ff835139000 	C:\WINDOWS\SYSTEM32\USERENV.dll
0x00007ff8353f0000 - 0x00007ff835417000 	C:\WINDOWS\SYSTEM32\bcrypt.dll
0x00007ff835260000 - 0x00007ff83526c000 	C:\WINDOWS\SYSTEM32\CRYPTBASE.dll
0x00007ff834630000 - 0x00007ff83465d000 	C:\WINDOWS\SYSTEM32\IPHLPAPI.DLL
0x00007ff836920000 - 0x00007ff836929000 	C:\WINDOWS\System32\NSI.dll
0x00007ff82d650000 - 0x00007ff82d669000 	C:\WINDOWS\SYSTEM32\dhcpcsvc6.DLL
0x00007ff82de60000 - 0x00007ff82de7e000 	C:\WINDOWS\SYSTEM32\dhcpcsvc.DLL
0x00007ff8346a0000 - 0x00007ff834788000 	C:\WINDOWS\SYSTEM32\DNSAPI.dll
0x00007ff81f8a0000 - 0x00007ff81f8a9000 	C:\Users\WJT\.vscode\extensions\redhat.java-1.16.0-win32-x64\jre\17.0.6-win32-x86_64\bin\management.dll
0x00007ff81f590000 - 0x00007ff81f59b000 	C:\Users\WJT\.vscode\extensions\redhat.java-1.16.0-win32-x64\jre\17.0.6-win32-x86_64\bin\management_ext.dll
0x00007ff836b80000 - 0x00007ff836b88000 	C:\WINDOWS\System32\PSAPI.DLL
0x00007ff81f580000 - 0x00007ff81f58e000 	C:\Users\WJT\.vscode\extensions\redhat.java-1.16.0-win32-x64\jre\17.0.6-win32-x86_64\bin\sunmscapi.dll
0x00007ff835a10000 - 0x00007ff835b72000 	C:\WINDOWS\System32\CRYPT32.dll
0x00007ff8353c0000 - 0x00007ff8353e8000 	C:\WINDOWS\SYSTEM32\ncrypt.dll
0x00007ff835380000 - 0x00007ff8353b7000 	C:\WINDOWS\SYSTEM32\NTASN1.dll
0x00007ff820a00000 - 0x00007ff820a0a000 	C:\Windows\System32\rasadhlp.dll
0x00007ff827200000 - 0x00007ff827281000 	C:\WINDOWS\System32\fwpuclnt.dll
0x00007ff8201e0000 - 0x00007ff8201f0000 	c:\Users\WJT\.vscode\extensions\redhat.java-1.16.0-win32-x64\jre\17.0.6-win32-x86_64\bin\verify.dll
0x000000006c500000 - 0x000000006c5c7000 	C:\Users\WJT\AppData\Local\Temp\snappy-1.1.8-0e7399dd-cede-43ff-ac0a-10dbd421aa42-snappyjava.dll

dbghelp: loaded successfully - version: 4.0.5 - missing functions: none
symbol engine: initialized successfully - sym options: 0x614 - pdb path: .;c:\Users\WJT\.vscode\extensions\redhat.java-1.16.0-win32-x64\jre\17.0.6-win32-x86_64\bin;C:\WINDOWS\SYSTEM32;C:\WINDOWS\WinSxS\amd64_microsoft.windows.common-controls_6595b64144ccf1df_6.0.22000.120_none_9d947278b86cc467;c:\Users\WJT\.vscode\extensions\redhat.java-1.16.0-win32-x64\jre\17.0.6-win32-x86_64\bin\server;C:\Users\WJT\AppData\Local\Temp

VM Arguments:
jvm_args: -XX:+HeapDumpOnOutOfMemoryError -Xmx1024m -Dsts.lsp.client=vscode -Dsts.log.file=/dev/null -XX:TieredStopAtLevel=1 -Xlog:jni+resolve=off -Dspring.config.location=file:c:\Users\WJT\.vscode\extensions\vmware.vscode-spring-boot-1.45.0\language-server\BOOT-INF\classes\application.properties 
java_command: org.springframework.ide.vscode.boot.app.BootLanguageServerBootApp
java_class_path (initial): c:\Users\WJT\.vscode\extensions\vmware.vscode-spring-boot-1.45.0\language-server\BOOT-INF\classes;c:\Users\WJT\.vscode\extensions\vmware.vscode-spring-boot-1.45.0\language-server\BOOT-INF\lib\annotations-24.0.1.jar;c:\Users\WJT\.vscode\extensions\vmware.vscode-spring-boot-1.45.0\language-server\BOOT-INF\lib\ant-1.10.13.jar;c:\Users\WJT\.vscode\extensions\vmware.vscode-spring-boot-1.45.0\language-server\BOOT-INF\lib\ant-launcher-1.10.13.jar;c:\Users\WJT\.vscode\extensions\vmware.vscode-spring-boot-1.45.0\language-server\BOOT-INF\lib\antlr-runtime-3.5.3.jar;c:\Users\WJT\.vscode\extensions\vmware.vscode-spring-boot-1.45.0\language-server\BOOT-INF\lib\antlr4-4.11.1.jar;c:\Users\WJT\.vscode\extensions\vmware.vscode-spring-boot-1.45.0\language-server\BOOT-INF\lib\antlr4-runtime-4.11.1.jar;c:\Users\WJT\.vscode\extensions\vmware.vscode-spring-boot-1.45.0\language-server\BOOT-INF\lib\asm-9.4.jar;c:\Users\WJT\.vscode\extensions\vmware.vscode-spring-boot-1.45.0\language-server\BOOT-INF\lib\asm-analysis-9.4.jar;c:\Users\WJT\.vscode\extensions\vmware.vscode-spring-boot-1.45.0\language-server\BOOT-INF\lib\asm-tree-9.4.jar;c:\Users\WJT\.vscode\extensions\vmware.vscode-spring-boot-1.45.0\language-server\BOOT-INF\lib\asm-util-9.4.jar;c:\Users\WJT\.vscode\extensions\vmware.vscode-spring-boot-1.45.0\language-server\BOOT-INF\lib\caffeine-3.1.2.jar;c:\Users\WJT\.vscode\extensions\vmware.vscode-spring-boot-1.45.0\language-server\BOOT-INF\lib\checker-qual-3.12.0.jar;c:\Users\WJT\.vscode\extensions\vmware.vscode-spring-boot-1.45.0\language-server\BOOT-INF\lib\classgraph-4.8.149.jar;c:\Users\WJT\.vscode\extensions\vmware.vscode-spring-boot-1.45.0\language-server\BOOT-INF\lib\commons-codec-1.15.jar;c:\Users\WJT\.vscode\extensions\vmware.vscode-spring-boot-1.45.0\language-server\BOOT-INF\lib\commons-compress-1.22.jar;c:\Users\WJT\.vscode\extensions\vmware.vscode-spring-boot-1.45.0\language-server\BOOT-INF\lib\commons-io-2.4.jar;c:\Users\WJT\.vscode\extensions\vmwa
Launcher Type: SUN_STANDARD

[Global flags]
     intx CICompilerCount                          = 4                                         {product} {ergonomic}
     uint ConcGCThreads                            = 2                                         {product} {ergonomic}
     uint G1ConcRefinementThreads                  = 8                                         {product} {ergonomic}
   size_t G1HeapRegionSize                         = 1048576                                   {product} {ergonomic}
    uintx GCDrainStackTargetSize                   = 64                                        {product} {ergonomic}
     bool HeapDumpOnOutOfMemoryError               = true                                   {manageable} {command line}
   size_t InitialHeapSize                          = 266338304                                 {product} {ergonomic}
   size_t MarkStackSize                            = 4194304                                   {product} {ergonomic}
   size_t MaxHeapSize                              = 1073741824                                {product} {command line}
   size_t MaxNewSize                               = 643825664                                 {product} {ergonomic}
   size_t MinHeapDeltaBytes                        = 1048576                                   {product} {ergonomic}
   size_t MinHeapSize                              = 8388608                                   {product} {ergonomic}
    uintx NonProfiledCodeHeapSize                  = 0                                      {pd product} {ergonomic}
     bool ProfileInterpreter                       = false                                  {pd product} {command line}
    uintx ProfiledCodeHeapSize                     = 0                                      {pd product} {ergonomic}
   size_t SoftMaxHeapSize                          = 1073741824                             {manageable} {ergonomic}
     intx TieredStopAtLevel                        = 1                                         {product} {command line}
     bool UseCompressedClassPointers               = true                           {product lp64_product} {ergonomic}
     bool UseCompressedOops                        = true                           {product lp64_product} {ergonomic}
     bool UseG1GC                                  = true                                      {product} {ergonomic}
     bool UseLargePagesIndividualAllocation        = false                                  {pd product} {ergonomic}

Logging:
Log output configuration:
 #0: stdout all=warning,jni+resolve=off uptime,level,tags
 #1: stderr all=off uptime,level,tags

Environment Variables:
JAVA_HOME=D:\JavaJDK
CLASSPATH=D:\JavaJDK\lib;D:\JavaJDK\lib\dt.jar;D:\JavaJDK\lib\tools.jar
PATH=C:\Program Files\Common Files\Oracle\Java\javapath;C:\Windows\system32;C:\Windows;C:\Windows\System32\Wbem;C:\Windows\System32\WindowsPowerShell\v1.0\;C:\Windows\System32\OpenSSH\;C:\Program Files (x86)\NVIDIA Corporation\PhysX\Common;C:\Program Files\NVIDIA Corporation\NVIDIA NvDLISR;C:\WINDOWS\system32;C:\WINDOWS;C:\WINDOWS\System32\Wbem;C:\WINDOWS\System32\WindowsPowerShell\v1.0\;C:\WINDOWS\System32\OpenSSH\;C:\Program Files\dotnet\;C:\WINDOWS\system32;C:\WINDOWS;C:\WINDOWS\System32\Wbem;C:\WINDOWS\System32\WindowsPowerShell\v1.0\;C:\WINDOWS\System32\OpenSSH\;D:\CPT202 Visual Studio Code\Git\cmd;D:\JavaJDK\bin;D:\JavaJDK\jdk\bin;C:\Users\WJT\AppData\Local\Programs\Python\Python37\Scripts\;C:\Users\WJT\AppData\Local\Programs\Python\Python37\;C:\Users\WJT\AppData\Local\Microsoft\WindowsApps;C:\texlive\2021\bin\win32;D:\Python\PyCharm Community Edition 2021.3.1\bin;;C:\Users\WJT\.dotnet\tools;D:\Pycharm Professional\PyCharm 2021.3.3\bin;;C:\Users\WJT\AppData\Local\GitHubDesktop\bin;C:\Users\WJT\AppData\Local\Programs\Microsoft VS Code\bin
USERNAME=WJT
OS=Windows_NT
PROCESSOR_IDENTIFIER=Intel64 Family 6 Model 142 Stepping 12, GenuineIntel
TMP=C:\Users\WJT\AppData\Local\Temp
TEMP=C:\Users\WJT\AppData\Local\Temp



---------------  S Y S T E M  ---------------

OS:
 Windows 11 , 64 bit Build 22000 (10.0.22000.1516)
OS uptime: 3 days 0:31 hours

CPU: total 8 (initial active 8) (4 cores per cpu, 2 threads per core) family 6 model 142 stepping 12 microcode 0xde, cx8, cmov, fxsr, ht, mmx, 3dnowpref, sse, sse2, sse3, ssse3, sse4.1, sse4.2, popcnt, lzcnt, tsc, tscinvbit, avx, avx2, aes, erms, clmul, bmi1, bmi2, adx, fma, vzeroupper, clflush, clflushopt

Memory: 4k page, system-wide physical 16219M (4120M free)
TotalPageFile size 20315M (AvailPageFile size 11M)
current process WorkingSet (physical memory assigned to process): 409M, peak: 784M
current process commit charge ("private bytes"): 465M, peak: 803M

vm_info: OpenJDK 64-Bit Server VM (17.0.6+10) for windows-amd64 JRE (17.0.6+10), built on Jan 18 2023 10:08:59 by "temurin" with MS VC++ 16.7 (VS2019)

END.
