#
# There is insufficient memory for the Java Runtime Environment to continue.
# Native memory allocation (malloc) failed to allocate 1048576 bytes for AllocateHeap
# Possible reasons:
#   The system is out of physical RAM or swap space
#   The process is running with CompressedOops enabled, and the Java Heap may be blocking the growth of the native heap
# Possible solutions:
#   Reduce memory load on the system
#   Increase physical memory or swap space
#   Check if swap backing store is full
#   Decrease Java heap size (-Xmx/-Xms)
#   Decrease number of Java threads
#   Decrease Java thread stack sizes (-Xss)
#   Set larger code cache with -XX:ReservedCodeCacheSize=
#   JVM is running with Unscaled Compressed Oops mode in which the Java heap is
#     placed in the first 4GB address space. The Java Heap base address is the
#     maximum limit for the native heap growth. Please use -XX:HeapBaseMinAddress
#     to set the Java Heap base and to place the Java Heap above 4GB virtual address.
# This output file may be truncated or incomplete.
#
#  Out of Memory Error (allocation.cpp:44), pid=9620, tid=27304
#
# JRE version: OpenJDK Runtime Environment Temurin-17.0.6+10 (17.0.6+10) (build 17.0.6+10)
# Java VM: OpenJDK 64-Bit Server VM Temurin-17.0.6+10 (17.0.6+10, mixed mode, emulated-client, tiered, compressed oops, compressed class ptrs, g1 gc, windows-amd64)
# No core dump will be written. Minidumps are not enabled by default on client versions of Windows
#

---------------  S U M M A R Y ------------

Command Line: -XX:+HeapDumpOnOutOfMemoryError -Xmx1024m -Dsts.lsp.client=vscode -Dsts.log.file=/dev/null -XX:TieredStopAtLevel=1 -Xlog:jni+resolve=off -Dspring.config.location=file:c:\Users\WJT\.vscode\extensions\vmware.vscode-spring-boot-1.45.0\language-server\BOOT-INF\classes\application.properties org.springframework.ide.vscode.boot.app.BootLanguageServerBootApp

Host: Intel(R) Core(TM) i5-10210U CPU @ 1.60GHz, 8 cores, 15G,  Windows 11 , 64 bit Build 22000 (10.0.22000.1516)
Time: Thu Apr 13 20:52:46 2023  Windows 11 , 64 bit Build 22000 (10.0.22000.1516) elapsed time: 6974.879202 seconds (0d 1h 56m 14s)

---------------  T H R E A D  ---------------

Current thread (0x0000020bffb64d80):  VMThread "VM Thread" [stack: 0x000000f6bb700000,0x000000f6bb800000] [id=27304]

Stack: [0x000000f6bb700000,0x000000f6bb800000]
Native frames: (J=compiled Java code, j=interpreted, Vv=VM code, C=native code)
V  [jvm.dll+0x67741a]
V  [jvm.dll+0x834434]
V  [jvm.dll+0x835bde]
V  [jvm.dll+0x836243]
V  [jvm.dll+0x2457b5]
V  [jvm.dll+0xa626f]
V  [jvm.dll+0x2f5ad3]
V  [jvm.dll+0x2f17e0]
V  [jvm.dll+0x2d9ee7]
V  [jvm.dll+0x31ce67]
V  [jvm.dll+0x83a6eb]
V  [jvm.dll+0x83b424]
V  [jvm.dll+0x83b93c]
V  [jvm.dll+0x83bd14]
V  [jvm.dll+0x83bde0]
V  [jvm.dll+0x7e483a]
V  [jvm.dll+0x6762c5]
C  [ucrtbase.dll+0x26c0c]
C  [KERNEL32.DLL+0x155a0]
C  [ntdll.dll+0x485b]

VM_Operation (0x000000f6bd0fee40): G1CollectFull, mode: safepoint, requested by thread 0x0000020b85566ab0


---------------  P R O C E S S  ---------------

Threads class SMR info:
_java_thread_list=0x0000020b857f1d90, length=28, elements={
0x0000020bffb9cde0, 0x0000020bffb9d8a0, 0x0000020bffc12010, 0x0000020bffc128d0,
0x0000020bffbe2d60, 0x0000020bffbe3620, 0x0000020bffbe3ee0, 0x0000020bffbe47e0,
0x0000020bffe16e60, 0x0000020bffe24790, 0x0000020b85556700, 0x0000020b85556bd0,
0x0000020b85566ab0, 0x0000020b8556d070, 0x0000020bf7d3f6d0, 0x0000020b855ccb00,
0x0000020b85619700, 0x0000020b8564dcd0, 0x0000020b8564d330, 0x0000020b85748c20,
0x0000020b85749a90, 0x0000020b8574a900, 0x0000020b85747db0, 0x0000020b8574b2a0,
0x0000020b857448c0, 0x0000020b85746a70, 0x0000020b8574bc40, 0x0000020b85748280
}

Java Threads: ( => current thread )
  0x0000020bffb9cde0 JavaThread "Reference Handler" daemon [_thread_blocked, id=28840, stack(0x000000f6bb800000,0x000000f6bb900000)]
  0x0000020bffb9d8a0 JavaThread "Finalizer" daemon [_thread_blocked, id=16108, stack(0x000000f6bb900000,0x000000f6bba00000)]
  0x0000020bffc12010 JavaThread "Signal Dispatcher" daemon [_thread_blocked, id=19728, stack(0x000000f6bba00000,0x000000f6bbb00000)]
  0x0000020bffc128d0 JavaThread "Attach Listener" daemon [_thread_blocked, id=2296, stack(0x000000f6bbb00000,0x000000f6bbc00000)]
  0x0000020bffbe2d60 JavaThread "Service Thread" daemon [_thread_blocked, id=24424, stack(0x000000f6bbc00000,0x000000f6bbd00000)]
  0x0000020bffbe3620 JavaThread "Monitor Deflation Thread" daemon [_thread_blocked, id=31812, stack(0x000000f6bbd00000,0x000000f6bbe00000)]
  0x0000020bffbe3ee0 JavaThread "C1 CompilerThread0" daemon [_thread_blocked, id=22724, stack(0x000000f6bbe00000,0x000000f6bbf00000)]
  0x0000020bffbe47e0 JavaThread "Sweeper thread" daemon [_thread_blocked, id=26964, stack(0x000000f6bbf00000,0x000000f6bc000000)]
  0x0000020bffe16e60 JavaThread "Notification Thread" daemon [_thread_blocked, id=9844, stack(0x000000f6bc100000,0x000000f6bc200000)]
  0x0000020bffe24790 JavaThread "Common-Cleaner" daemon [_thread_blocked, id=19732, stack(0x000000f6bc300000,0x000000f6bc400000)]
  0x0000020b85556700 JavaThread "boundedElastic-evictor-1" daemon [_thread_blocked, id=29080, stack(0x000000f6bcb00000,0x000000f6bcc00000)]
  0x0000020b85556bd0 JavaThread "boundedElastic-evictor-2" daemon [_thread_blocked, id=9060, stack(0x000000f6bcf00000,0x000000f6bd000000)]
  0x0000020b85566ab0 JavaThread "pool-10-thread-1" [_thread_blocked, id=26308, stack(0x000000f6bd000000,0x000000f6bd100000)]
  0x0000020b8556d070 JavaThread "LanguageServerApp-lifecycle" [_thread_blocked, id=20724, stack(0x000000f6bd100000,0x000000f6bd200000)]
  0x0000020bf7d3f6d0 JavaThread "DestroyJavaVM" [_thread_blocked, id=22732, stack(0x000000f6bb100000,0x000000f6bb200000)]
  0x0000020b855ccb00 JavaThread "pool-11-thread-1" [_thread_in_native, id=14152, stack(0x000000f6bd200000,0x000000f6bd300000)]
  0x0000020b85619700 JavaThread "Simple-Language-Server main thread" daemon [_thread_blocked, id=23892, stack(0x000000f6bd300000,0x000000f6bd400000)]
  0x0000020b8564dcd0 JavaThread "pool-6-thread-1" [_thread_blocked, id=18608, stack(0x000000f6bd700000,0x000000f6bd800000)]
  0x0000020b8564d330 JavaThread "parallel-1" daemon [_thread_blocked, id=25524, stack(0x000000f6bd900000,0x000000f6bda00000)]
  0x0000020b85748c20 JavaThread "pool-4-thread-1" [_thread_blocked, id=31500, stack(0x000000f6bf000000,0x000000f6bf100000)]
  0x0000020b85749a90 JavaThread "parallel-2" daemon [_thread_blocked, id=5148, stack(0x000000f6bf100000,0x000000f6bf200000)]
  0x0000020b8574a900 JavaThread "parallel-3" daemon [_thread_blocked, id=21028, stack(0x000000f6be000000,0x000000f6be100000)]
  0x0000020b85747db0 JavaThread "parallel-4" daemon [_thread_blocked, id=5288, stack(0x000000f6be100000,0x000000f6be200000)]
  0x0000020b8574b2a0 JavaThread "Reconciler-1" daemon [_thread_blocked, id=29380, stack(0x000000f6be200000,0x000000f6be300000)]
  0x0000020b857448c0 JavaThread "parallel-5" daemon [_thread_blocked, id=32376, stack(0x000000f6bcd00000,0x000000f6bce00000)]
  0x0000020b85746a70 JavaThread "parallel-6" daemon [_thread_blocked, id=27004, stack(0x000000f6be300000,0x000000f6be400000)]
  0x0000020b8574bc40 JavaThread "parallel-7" daemon [_thread_blocked, id=13464, stack(0x000000f6be500000,0x000000f6be600000)]
  0x0000020b85748280 JavaThread "parallel-8" daemon [_thread_blocked, id=22960, stack(0x000000f6be600000,0x000000f6be700000)]

Other Threads:
=>0x0000020bffb64d80 VMThread "VM Thread" [stack: 0x000000f6bb700000,0x000000f6bb800000] [id=27304]
  0x0000020bf7d8cb50 WatcherThread [stack: 0x000000f6bc200000,0x000000f6bc300000] [id=24416]
  0x0000020bf7d7daa0 GCTaskThread "GC Thread#0" [stack: 0x000000f6bb200000,0x000000f6bb300000] [id=4720]
  0x0000020b84051890 GCTaskThread "GC Thread#1" [stack: 0x000000f6bc400000,0x000000f6bc500000] [id=25744]
  0x0000020b84014420 GCTaskThread "GC Thread#2" [stack: 0x000000f6bc500000,0x000000f6bc600000] [id=18380]
  0x0000020b84c030b0 GCTaskThread "GC Thread#3" [stack: 0x000000f6bc600000,0x000000f6bc700000] [id=5668]
  0x0000020b84c03360 GCTaskThread "GC Thread#4" [stack: 0x000000f6bc700000,0x000000f6bc800000] [id=22140]
  0x0000020b84c03610 GCTaskThread "GC Thread#5" [stack: 0x000000f6bc800000,0x000000f6bc900000] [id=12608]
  0x0000020b84e75950 GCTaskThread "GC Thread#6" [stack: 0x000000f6bc900000,0x000000f6bca00000] [id=30924]
  0x0000020b84e75c00 GCTaskThread "GC Thread#7" [stack: 0x000000f6bca00000,0x000000f6bcb00000] [id=29148]
  0x0000020bf7d868f0 ConcurrentGCThread "G1 Main Marker" [stack: 0x000000f6bb300000,0x000000f6bb400000] [id=24828]
  0x0000020bf7d87370 ConcurrentGCThread "G1 Conc#0" [stack: 0x000000f6bb400000,0x000000f6bb500000] [id=4688]
  0x0000020b8503db70 ConcurrentGCThread "G1 Conc#1" [stack: 0x000000f6bce00000,0x000000f6bcf00000] [id=16400]
  0x0000020bf7dfdc80 ConcurrentGCThread "G1 Refine#0" [stack: 0x000000f6bb500000,0x000000f6bb600000] [id=22028]
  0x0000020b871d9590 ConcurrentGCThread "G1 Refine#1" [stack: 0x000000f6bec00000,0x000000f6bed00000] [id=4020]
  0x0000020b872aeef0 ConcurrentGCThread "G1 Refine#2" [stack: 0x000000f6bed00000,0x000000f6bee00000] [id=24220]
  0x0000020b87100950 ConcurrentGCThread "G1 Refine#3" [stack: 0x000000f6bee00000,0x000000f6bef00000] [id=6852]
  0x0000020b87100390 ConcurrentGCThread "G1 Refine#4" [stack: 0x000000f6bef00000,0x000000f6bf000000] [id=29936]
  0x0000020b870ff530 ConcurrentGCThread "G1 Refine#5" [stack: 0x000000f6bf300000,0x000000f6bf400000] [id=16904]
  0x0000020b8776f710 ConcurrentGCThread "G1 Refine#6" [stack: 0x000000f6bdf00000,0x000000f6be000000] [id=27240]
  0x0000020bf7dfe450 ConcurrentGCThread "G1 Service" [stack: 0x000000f6bb600000,0x000000f6bb700000] [id=25712]

Threads with active compile tasks:

VM state: at safepoint (normal execution)

VM Mutex/Monitor currently owned by a thread:  ([mutex/lock_event])
[0x0000020bf5b17840] Threads_lock - owner thread: 0x0000020bffb64d80
[0x0000020bf7d3d7b0] Heap_lock - owner thread: 0x0000020b85566ab0

Heap address: 0x00000000c0000000, size: 1024 MB, Compressed Oops mode: 32-bit

CDS archive(s) not mapped
Compressed class space mapped at: 0x0000000100000000-0x0000000140000000, reserved size: 1073741824
Narrow klass base: 0x0000000000000000, Narrow klass shift: 3, Narrow klass range: 0x140000000

GC Precious Log:
 CPUs: 8 total, 8 available
 Memory: 16219M
 Large Page Support: Disabled
 NUMA Support: Disabled
 Compressed Oops: Enabled (32-bit)
 Heap Region Size: 1M
 Heap Min Capacity: 8M
 Heap Initial Capacity: 254M
 Heap Max Capacity: 1G
 Pre-touch: Disabled
 Parallel Workers: 8
 Concurrent Workers: 2
 Concurrent Refinement Workers: 8
 Periodic GC: Disabled

Heap:
 garbage-first heap   total 276480K, used 81973K [0x00000000c0000000, 0x0000000100000000)
  region size 1024K, 1 young (1024K), 0 survivors (0K)
 Metaspace       used 69958K, committed 70592K, reserved 1114112K
  class space    used 9509K, committed 9792K, reserved 1048576K

Heap Regions: E=young(eden), S=young(survivor), O=old, HS=humongous(starts), HC=humongous(continues), CS=collection set, F=free, OA=open archive, CA=closed archive, TAMS=top-at-mark-start (previous, next)
|   0|0x00000000c0000000, 0x00000000c0100000, 0x00000000c0100000|100%| O|  |TAMS 0x00000000c0100000, 0x00000000c0000000| Untracked 
|   1|0x00000000c0100000, 0x00000000c0200000, 0x00000000c0200000|100%| O|  |TAMS 0x00000000c0200000, 0x00000000c0100000| Untracked 
|   2|0x00000000c0200000, 0x00000000c02ffff0, 0x00000000c0300000| 99%| O|  |TAMS 0x00000000c02ffff0, 0x00000000c0200000| Untracked 
|   3|0x00000000c0300000, 0x00000000c0400000, 0x00000000c0400000|100%| O|  |TAMS 0x00000000c0400000, 0x00000000c0300000| Untracked 
|   4|0x00000000c0400000, 0x00000000c04fffe0, 0x00000000c0500000| 99%| O|  |TAMS 0x00000000c04fffe0, 0x00000000c0400000| Untracked 
|   5|0x00000000c0500000, 0x00000000c0600000, 0x00000000c0600000|100%| O|  |TAMS 0x00000000c0600000, 0x00000000c0500000| Untracked 
|   6|0x00000000c0600000, 0x00000000c0700000, 0x00000000c0700000|100%| O|  |TAMS 0x00000000c0700000, 0x00000000c0600000| Untracked 
|   7|0x00000000c0700000, 0x00000000c07fffd8, 0x00000000c0800000| 99%| O|  |TAMS 0x00000000c07fffd8, 0x00000000c0700000| Untracked 
|   8|0x00000000c0800000, 0x00000000c08fffe0, 0x00000000c0900000| 99%| O|  |TAMS 0x00000000c08fffe0, 0x00000000c0800000| Untracked 
|   9|0x00000000c0900000, 0x00000000c09fff38, 0x00000000c0a00000| 99%| O|  |TAMS 0x00000000c09fff38, 0x00000000c0900000| Untracked 
|  10|0x00000000c0a00000, 0x00000000c0b00000, 0x00000000c0b00000|100%| O|  |TAMS 0x00000000c0b00000, 0x00000000c0a00000| Untracked 
|  11|0x00000000c0b00000, 0x00000000c0bfffe0, 0x00000000c0c00000| 99%| O|  |TAMS 0x00000000c0bfffe0, 0x00000000c0b00000| Untracked 
|  12|0x00000000c0c00000, 0x00000000c0cfffd8, 0x00000000c0d00000| 99%| O|  |TAMS 0x00000000c0cfffd8, 0x00000000c0c00000| Untracked 
|  13|0x00000000c0d00000, 0x00000000c0dfffe0, 0x00000000c0e00000| 99%| O|  |TAMS 0x00000000c0dfffe0, 0x00000000c0d00000| Untracked 
|  14|0x00000000c0e00000, 0x00000000c0f00000, 0x00000000c0f00000|100%| O|  |TAMS 0x00000000c0f00000, 0x00000000c0e00000| Untracked 
|  15|0x00000000c0f00000, 0x00000000c0ffffe8, 0x00000000c1000000| 99%| O|  |TAMS 0x00000000c0ffffe8, 0x00000000c0f00000| Untracked 
|  16|0x00000000c1000000, 0x00000000c10fffa8, 0x00000000c1100000| 99%| O|  |TAMS 0x00000000c10fffa8, 0x00000000c1000000| Untracked 
|  17|0x00000000c1100000, 0x00000000c11fffe8, 0x00000000c1200000| 99%| O|  |TAMS 0x00000000c11fffe8, 0x00000000c1100000| Untracked 
|  18|0x00000000c1200000, 0x00000000c12ffff8, 0x00000000c1300000| 99%| O|  |TAMS 0x00000000c12ffff8, 0x00000000c1200000| Untracked 
|  19|0x00000000c1300000, 0x00000000c13ffff0, 0x00000000c1400000| 99%| O|  |TAMS 0x00000000c13ffff0, 0x00000000c1300000| Untracked 
|  20|0x00000000c1400000, 0x00000000c1500000, 0x00000000c1500000|100%| O|  |TAMS 0x00000000c1500000, 0x00000000c1400000| Untracked 
|  21|0x00000000c1500000, 0x00000000c15fffc0, 0x00000000c1600000| 99%| O|  |TAMS 0x00000000c15fffc0, 0x00000000c1500000| Untracked 
|  22|0x00000000c1600000, 0x00000000c1700000, 0x00000000c1700000|100%| O|  |TAMS 0x00000000c1700000, 0x00000000c1600000| Untracked 
|  23|0x00000000c1700000, 0x00000000c1800000, 0x00000000c1800000|100%| O|  |TAMS 0x00000000c1800000, 0x00000000c1700000| Untracked 
|  24|0x00000000c1800000, 0x00000000c18fffa8, 0x00000000c1900000| 99%| O|  |TAMS 0x00000000c18fffa8, 0x00000000c1800000| Untracked 
|  25|0x00000000c1900000, 0x00000000c19fffe8, 0x00000000c1a00000| 99%| O|  |TAMS 0x00000000c19fffe8, 0x00000000c1900000| Untracked 
|  26|0x00000000c1a00000, 0x00000000c1afffe8, 0x00000000c1b00000| 99%| O|  |TAMS 0x00000000c1afffe8, 0x00000000c1a00000| Untracked 
|  27|0x00000000c1b00000, 0x00000000c1bffff8, 0x00000000c1c00000| 99%| O|  |TAMS 0x00000000c1bffff8, 0x00000000c1b00000| Untracked 
|  28|0x00000000c1c00000, 0x00000000c1cffff8, 0x00000000c1d00000| 99%| O|  |TAMS 0x00000000c1cffff8, 0x00000000c1c00000| Untracked 
|  29|0x00000000c1d00000, 0x00000000c1dfffe8, 0x00000000c1e00000| 99%| O|  |TAMS 0x00000000c1dfffe8, 0x00000000c1d00000| Untracked 
|  30|0x00000000c1e00000, 0x00000000c1effff8, 0x00000000c1f00000| 99%| O|  |TAMS 0x00000000c1effff8, 0x00000000c1e00000| Untracked 
|  31|0x00000000c1f00000, 0x00000000c2000000, 0x00000000c2000000|100%| O|  |TAMS 0x00000000c2000000, 0x00000000c1f00000| Untracked 
|  32|0x00000000c2000000, 0x00000000c2100000, 0x00000000c2100000|100%| O|  |TAMS 0x00000000c2100000, 0x00000000c2000000| Untracked 
|  33|0x00000000c2100000, 0x00000000c21fffe0, 0x00000000c2200000| 99%| O|  |TAMS 0x00000000c21fffe0, 0x00000000c2100000| Untracked 
|  34|0x00000000c2200000, 0x00000000c22ffff0, 0x00000000c2300000| 99%| O|  |TAMS 0x00000000c22ffff0, 0x00000000c2200000| Untracked 
|  35|0x00000000c2300000, 0x00000000c2400000, 0x00000000c2400000|100%| O|  |TAMS 0x00000000c2400000, 0x00000000c2300000| Untracked 
|  36|0x00000000c2400000, 0x00000000c24fffc0, 0x00000000c2500000| 99%| O|  |TAMS 0x00000000c24fffc0, 0x00000000c2400000| Untracked 
|  37|0x00000000c2500000, 0x00000000c25ffff8, 0x00000000c2600000| 99%| O|  |TAMS 0x00000000c25ffff8, 0x00000000c2500000| Untracked 
|  38|0x00000000c2600000, 0x00000000c26ffff8, 0x00000000c2700000| 99%| O|  |TAMS 0x00000000c26ffff8, 0x00000000c2600000| Untracked 
|  39|0x00000000c2700000, 0x00000000c2800000, 0x00000000c2800000|100%| O|  |TAMS 0x00000000c2800000, 0x00000000c2700000| Untracked 
|  40|0x00000000c2800000, 0x00000000c28ffda0, 0x00000000c2900000| 99%| O|  |TAMS 0x00000000c28ffda0, 0x00000000c2800000| Untracked 
|  41|0x00000000c2900000, 0x00000000c29f7950, 0x00000000c2a00000| 96%| O|  |TAMS 0x00000000c29f7950, 0x00000000c2900000| Untracked 
|  42|0x00000000c2a00000, 0x00000000c2afffc0, 0x00000000c2b00000| 99%| O|  |TAMS 0x00000000c2afffc0, 0x00000000c2a00000| Untracked 
|  43|0x00000000c2b00000, 0x00000000c2c00000, 0x00000000c2c00000|100%| O|  |TAMS 0x00000000c2c00000, 0x00000000c2b00000| Untracked 
|  44|0x00000000c2c00000, 0x00000000c2cffff8, 0x00000000c2d00000| 99%| O|  |TAMS 0x00000000c2cffff8, 0x00000000c2c00000| Untracked 
|  45|0x00000000c2d00000, 0x00000000c2e00000, 0x00000000c2e00000|100%| O|  |TAMS 0x00000000c2e00000, 0x00000000c2d00000| Untracked 
|  46|0x00000000c2e00000, 0x00000000c2effff8, 0x00000000c2f00000| 99%| O|  |TAMS 0x00000000c2effff8, 0x00000000c2e00000| Untracked 
|  47|0x00000000c2f00000, 0x00000000c2ff75a0, 0x00000000c3000000| 96%| O|  |TAMS 0x00000000c2ff75a0, 0x00000000c2f00000| Untracked 
|  48|0x00000000c3000000, 0x00000000c3100000, 0x00000000c3100000|100%| O|  |TAMS 0x00000000c3100000, 0x00000000c3000000| Untracked 
|  49|0x00000000c3100000, 0x00000000c3200000, 0x00000000c3200000|100%|HS|  |TAMS 0x00000000c3200000, 0x00000000c3100000| Untracked 
|  50|0x00000000c3200000, 0x00000000c32fffd8, 0x00000000c3300000| 99%| O|  |TAMS 0x00000000c32fffd8, 0x00000000c3200000| Untracked 
|  51|0x00000000c3300000, 0x00000000c33ffff8, 0x00000000c3400000| 99%| O|  |TAMS 0x00000000c33ffff8, 0x00000000c3300000| Untracked 
|  52|0x00000000c3400000, 0x00000000c3500000, 0x00000000c3500000|100%| O|  |TAMS 0x00000000c3500000, 0x00000000c3400000| Untracked 
|  53|0x00000000c3500000, 0x00000000c35fed40, 0x00000000c3600000| 99%| O|  |TAMS 0x00000000c35fed40, 0x00000000c3500000| Untracked 
|  54|0x00000000c3600000, 0x00000000c36ffff8, 0x00000000c3700000| 99%| O|  |TAMS 0x00000000c36ffff8, 0x00000000c3600000| Untracked 
|  55|0x00000000c3700000, 0x00000000c37fffe8, 0x00000000c3800000| 99%| O|  |TAMS 0x00000000c37fffe8, 0x00000000c3700000| Untracked 
|  56|0x00000000c3800000, 0x00000000c38fffe0, 0x00000000c3900000| 99%| O|  |TAMS 0x00000000c38fffe0, 0x00000000c3800000| Untracked 
|  57|0x00000000c3900000, 0x00000000c39fffd0, 0x00000000c3a00000| 99%| O|  |TAMS 0x00000000c39fffd0, 0x00000000c3900000| Untracked 
|  58|0x00000000c3a00000, 0x00000000c3affff0, 0x00000000c3b00000| 99%| O|  |TAMS 0x00000000c3affff0, 0x00000000c3a00000| Untracked 
|  59|0x00000000c3b00000, 0x00000000c3bfffd8, 0x00000000c3c00000| 99%| O|  |TAMS 0x00000000c3bfffd8, 0x00000000c3b00000| Untracked 
|  60|0x00000000c3c00000, 0x00000000c3cad390, 0x00000000c3d00000| 67%| O|  |TAMS 0x00000000c3c00000, 0x00000000c3c00000| Untracked 
|  61|0x00000000c3d00000, 0x00000000c3dffff8, 0x00000000c3e00000| 99%| O|  |TAMS 0x00000000c3dffff8, 0x00000000c3d00000| Untracked 
|  62|0x00000000c3e00000, 0x00000000c3ec3cd8, 0x00000000c3f00000| 76%| O|  |TAMS 0x00000000c3e00000, 0x00000000c3e00000| Untracked 
|  63|0x00000000c3f00000, 0x00000000c4000000, 0x00000000c4000000|100%| O|  |TAMS 0x00000000c4000000, 0x00000000c3f00000| Untracked 
|  64|0x00000000c4000000, 0x00000000c40fffe0, 0x00000000c4100000| 99%| O|  |TAMS 0x00000000c40fffe0, 0x00000000c4000000| Untracked 
|  65|0x00000000c4100000, 0x00000000c41fffa8, 0x00000000c4200000| 99%| O|  |TAMS 0x00000000c41fffa8, 0x00000000c4100000| Untracked 
|  66|0x00000000c4200000, 0x00000000c4268b68, 0x00000000c4300000| 40%| O|  |TAMS 0x00000000c4200000, 0x00000000c4200000| Untracked 
|  67|0x00000000c4300000, 0x00000000c43465c0, 0x00000000c4400000| 27%| O|  |TAMS 0x00000000c4300000, 0x00000000c4300000| Untracked 
|  68|0x00000000c4400000, 0x00000000c4400000, 0x00000000c4500000|  0%| F|  |TAMS 0x00000000c4400000, 0x00000000c4400000| Untracked 
|  69|0x00000000c4500000, 0x00000000c4500000, 0x00000000c4600000|  0%| F|  |TAMS 0x00000000c4500000, 0x00000000c4500000| Untracked 
|  70|0x00000000c4600000, 0x00000000c4600000, 0x00000000c4700000|  0%| F|  |TAMS 0x00000000c4600000, 0x00000000c4600000| Untracked 
|  71|0x00000000c4700000, 0x00000000c47ffff8, 0x00000000c4800000| 99%| O|  |TAMS 0x00000000c47ffff8, 0x00000000c4700000| Untracked 
|  72|0x00000000c4800000, 0x00000000c4800000, 0x00000000c4900000|  0%| F|  |TAMS 0x00000000c4800000, 0x00000000c4800000| Untracked 
|  73|0x00000000c4900000, 0x00000000c4900000, 0x00000000c4a00000|  0%| F|  |TAMS 0x00000000c4900000, 0x00000000c4900000| Untracked 
|  74|0x00000000c4a00000, 0x00000000c4a00000, 0x00000000c4b00000|  0%| F|  |TAMS 0x00000000c4a00000, 0x00000000c4a00000| Untracked 
|  75|0x00000000c4b00000, 0x00000000c4b00000, 0x00000000c4c00000|  0%| F|  |TAMS 0x00000000c4b00000, 0x00000000c4b00000| Untracked 
|  76|0x00000000c4c00000, 0x00000000c4c00000, 0x00000000c4d00000|  0%| F|  |TAMS 0x00000000c4c00000, 0x00000000c4c00000| Untracked 
|  77|0x00000000c4d00000, 0x00000000c4d00000, 0x00000000c4e00000|  0%| F|  |TAMS 0x00000000c4d00000, 0x00000000c4d00000| Untracked 
|  78|0x00000000c4e00000, 0x00000000c4e00000, 0x00000000c4f00000|  0%| F|  |TAMS 0x00000000c4e00000, 0x00000000c4e00000| Untracked 
|  79|0x00000000c4f00000, 0x00000000c4f00000, 0x00000000c5000000|  0%| F|  |TAMS 0x00000000c4f00000, 0x00000000c4f00000| Untracked 
|  80|0x00000000c5000000, 0x00000000c5000000, 0x00000000c5100000|  0%| F|  |TAMS 0x00000000c5000000, 0x00000000c5000000| Untracked 
|  81|0x00000000c5100000, 0x00000000c5100000, 0x00000000c5200000|  0%| F|  |TAMS 0x00000000c5100000, 0x00000000c5100000| Untracked 
|  82|0x00000000c5200000, 0x00000000c5200000, 0x00000000c5300000|  0%| F|  |TAMS 0x00000000c5200000, 0x00000000c5200000| Untracked 
|  83|0x00000000c5300000, 0x00000000c5300000, 0x00000000c5400000|  0%| F|  |TAMS 0x00000000c5300000, 0x00000000c5300000| Untracked 
|  84|0x00000000c5400000, 0x00000000c5500000, 0x00000000c5500000|100%|HS|  |TAMS 0x00000000c5500000, 0x00000000c5400000| Untracked 
|  85|0x00000000c5500000, 0x00000000c5600000, 0x00000000c5600000|100%|HC|  |TAMS 0x00000000c5600000, 0x00000000c5500000| Untracked 
|  86|0x00000000c5600000, 0x00000000c5700000, 0x00000000c5700000|100%|HC|  |TAMS 0x00000000c5700000, 0x00000000c5600000| Untracked 
|  87|0x00000000c5700000, 0x00000000c5700000, 0x00000000c5800000|  0%| F|  |TAMS 0x00000000c5700000, 0x00000000c5700000| Untracked 
|  88|0x00000000c5800000, 0x00000000c5800000, 0x00000000c5900000|  0%| F|  |TAMS 0x00000000c5800000, 0x00000000c5800000| Untracked 
|  89|0x00000000c5900000, 0x00000000c5900000, 0x00000000c5a00000|  0%| F|  |TAMS 0x00000000c5900000, 0x00000000c5900000| Untracked 
|  90|0x00000000c5a00000, 0x00000000c5a00000, 0x00000000c5b00000|  0%| F|  |TAMS 0x00000000c5a00000, 0x00000000c5a00000| Untracked 
|  91|0x00000000c5b00000, 0x00000000c5b00000, 0x00000000c5c00000|  0%| F|  |TAMS 0x00000000c5b00000, 0x00000000c5b00000| Untracked 
|  92|0x00000000c5c00000, 0x00000000c5c00000, 0x00000000c5d00000|  0%| F|  |TAMS 0x00000000c5c00000, 0x00000000c5c00000| Untracked 
|  93|0x00000000c5d00000, 0x00000000c5d00000, 0x00000000c5e00000|  0%| F|  |TAMS 0x00000000c5d00000, 0x00000000c5d00000| Untracked 
|  94|0x00000000c5e00000, 0x00000000c5e00000, 0x00000000c5f00000|  0%| F|  |TAMS 0x00000000c5e00000, 0x00000000c5e00000| Untracked 
|  95|0x00000000c5f00000, 0x00000000c5f00000, 0x00000000c6000000|  0%| F|  |TAMS 0x00000000c5f00000, 0x00000000c5f00000| Untracked 
|  96|0x00000000c6000000, 0x00000000c6000000, 0x00000000c6100000|  0%| F|  |TAMS 0x00000000c6000000, 0x00000000c6000000| Untracked 
|  97|0x00000000c6100000, 0x00000000c6100000, 0x00000000c6200000|  0%| F|  |TAMS 0x00000000c6100000, 0x00000000c6100000| Untracked 
|  98|0x00000000c6200000, 0x00000000c6200000, 0x00000000c6300000|  0%| F|  |TAMS 0x00000000c6200000, 0x00000000c6200000| Untracked 
|  99|0x00000000c6300000, 0x00000000c6300000, 0x00000000c6400000|  0%| F|  |TAMS 0x00000000c6300000, 0x00000000c6300000| Untracked 
| 100|0x00000000c6400000, 0x00000000c6400000, 0x00000000c6500000|  0%| F|  |TAMS 0x00000000c6400000, 0x00000000c6400000| Untracked 
| 101|0x00000000c6500000, 0x00000000c6500000, 0x00000000c6600000|  0%| F|  |TAMS 0x00000000c6500000, 0x00000000c6500000| Untracked 
| 102|0x00000000c6600000, 0x00000000c66fffc0, 0x00000000c6700000| 99%| O|  |TAMS 0x00000000c66fffc0, 0x00000000c6600000| Untracked 
| 103|0x00000000c6700000, 0x00000000c6700000, 0x00000000c6800000|  0%| F|  |TAMS 0x00000000c6700000, 0x00000000c6700000| Untracked 
| 104|0x00000000c6800000, 0x00000000c6800000, 0x00000000c6900000|  0%| F|  |TAMS 0x00000000c6800000, 0x00000000c6800000| Untracked 
| 105|0x00000000c6900000, 0x00000000c69fffd8, 0x00000000c6a00000| 99%| O|  |TAMS 0x00000000c69fffd8, 0x00000000c6900000| Untracked 
| 106|0x00000000c6a00000, 0x00000000c6a00000, 0x00000000c6b00000|  0%| F|  |TAMS 0x00000000c6a00000, 0x00000000c6a00000| Untracked 
| 107|0x00000000c6b00000, 0x00000000c6b00000, 0x00000000c6c00000|  0%| F|  |TAMS 0x00000000c6b00000, 0x00000000c6b00000| Untracked 
| 108|0x00000000c6c00000, 0x00000000c6c00000, 0x00000000c6d00000|  0%| F|  |TAMS 0x00000000c6c00000, 0x00000000c6c00000| Untracked 
| 109|0x00000000c6d00000, 0x00000000c6d00000, 0x00000000c6e00000|  0%| F|  |TAMS 0x00000000c6d00000, 0x00000000c6d00000| Untracked 
| 110|0x00000000c6e00000, 0x00000000c6e00000, 0x00000000c6f00000|  0%| F|  |TAMS 0x00000000c6e00000, 0x00000000c6e00000| Untracked 
| 111|0x00000000c6f00000, 0x00000000c6f00000, 0x00000000c7000000|  0%| F|  |TAMS 0x00000000c6f00000, 0x00000000c6f00000| Untracked 
| 112|0x00000000c7000000, 0x00000000c7000000, 0x00000000c7100000|  0%| F|  |TAMS 0x00000000c7000000, 0x00000000c7000000| Untracked 
| 113|0x00000000c7100000, 0x00000000c7100000, 0x00000000c7200000|  0%| F|  |TAMS 0x00000000c7100000, 0x00000000c7100000| Untracked 
| 114|0x00000000c7200000, 0x00000000c7200000, 0x00000000c7300000|  0%| F|  |TAMS 0x00000000c7200000, 0x00000000c7200000| Untracked 
| 115|0x00000000c7300000, 0x00000000c7300000, 0x00000000c7400000|  0%| F|  |TAMS 0x00000000c7300000, 0x00000000c7300000| Untracked 
| 116|0x00000000c7400000, 0x00000000c7400000, 0x00000000c7500000|  0%| F|  |TAMS 0x00000000c7400000, 0x00000000c7400000| Untracked 
| 117|0x00000000c7500000, 0x00000000c7500000, 0x00000000c7600000|  0%| F|  |TAMS 0x00000000c7500000, 0x00000000c7500000| Untracked 
| 118|0x00000000c7600000, 0x00000000c7600000, 0x00000000c7700000|  0%| F|  |TAMS 0x00000000c7600000, 0x00000000c7600000| Untracked 
| 119|0x00000000c7700000, 0x00000000c7700000, 0x00000000c7800000|  0%| F|  |TAMS 0x00000000c7700000, 0x00000000c7700000| Untracked 
| 120|0x00000000c7800000, 0x00000000c7800000, 0x00000000c7900000|  0%| F|  |TAMS 0x00000000c7800000, 0x00000000c7800000| Untracked 
| 121|0x00000000c7900000, 0x00000000c7900000, 0x00000000c7a00000|  0%| F|  |TAMS 0x00000000c7900000, 0x00000000c7900000| Untracked 
| 122|0x00000000c7a00000, 0x00000000c7a00000, 0x00000000c7b00000|  0%| F|  |TAMS 0x00000000c7a00000, 0x00000000c7a00000| Untracked 
| 123|0x00000000c7b00000, 0x00000000c7b00000, 0x00000000c7c00000|  0%| F|  |TAMS 0x00000000c7b00000, 0x00000000c7b00000| Untracked 
| 124|0x00000000c7c00000, 0x00000000c7d00000, 0x00000000c7d00000|100%|HS|  |TAMS 0x00000000c7d00000, 0x00000000c7c00000| Untracked 
| 125|0x00000000c7d00000, 0x00000000c7d00000, 0x00000000c7e00000|  0%| F|  |TAMS 0x00000000c7d00000, 0x00000000c7d00000| Untracked 
| 126|0x00000000c7e00000, 0x00000000c7e00000, 0x00000000c7f00000|  0%| F|  |TAMS 0x00000000c7e00000, 0x00000000c7e00000| Untracked 
| 127|0x00000000c7f00000, 0x00000000c7f00000, 0x00000000c8000000|  0%| F|  |TAMS 0x00000000c7f00000, 0x00000000c7f00000| Untracked 
| 128|0x00000000c8000000, 0x00000000c8000000, 0x00000000c8100000|  0%| F|  |TAMS 0x00000000c8000000, 0x00000000c8000000| Untracked 
| 129|0x00000000c8100000, 0x00000000c8100000, 0x00000000c8200000|  0%| F|  |TAMS 0x00000000c8100000, 0x00000000c8100000| Untracked 
| 130|0x00000000c8200000, 0x00000000c8200000, 0x00000000c8300000|  0%| F|  |TAMS 0x00000000c8200000, 0x00000000c8200000| Untracked 
| 131|0x00000000c8300000, 0x00000000c8300000, 0x00000000c8400000|  0%| F|  |TAMS 0x00000000c8300000, 0x00000000c8300000| Untracked 
| 132|0x00000000c8400000, 0x00000000c8400000, 0x00000000c8500000|  0%| F|  |TAMS 0x00000000c8400000, 0x00000000c8400000| Untracked 
| 133|0x00000000c8500000, 0x00000000c8500000, 0x00000000c8600000|  0%| F|  |TAMS 0x00000000c8500000, 0x00000000c8500000| Untracked 
| 134|0x00000000c8600000, 0x00000000c8600000, 0x00000000c8700000|  0%| F|  |TAMS 0x00000000c8600000, 0x00000000c8600000| Untracked 
| 135|0x00000000c8700000, 0x00000000c8700000, 0x00000000c8800000|  0%| F|  |TAMS 0x00000000c8700000, 0x00000000c8700000| Untracked 
| 136|0x00000000c8800000, 0x00000000c8800000, 0x00000000c8900000|  0%| F|  |TAMS 0x00000000c8800000, 0x00000000c8800000| Untracked 
| 137|0x00000000c8900000, 0x00000000c8900000, 0x00000000c8a00000|  0%| F|  |TAMS 0x00000000c8900000, 0x00000000c8900000| Untracked 
| 138|0x00000000c8a00000, 0x00000000c8a00000, 0x00000000c8b00000|  0%| F|  |TAMS 0x00000000c8a00000, 0x00000000c8a00000| Untracked 
| 139|0x00000000c8b00000, 0x00000000c8b00000, 0x00000000c8c00000|  0%| F|  |TAMS 0x00000000c8b00000, 0x00000000c8b00000| Untracked 
| 140|0x00000000c8c00000, 0x00000000c8c00000, 0x00000000c8d00000|  0%| F|  |TAMS 0x00000000c8c00000, 0x00000000c8c00000| Untracked 
| 141|0x00000000c8d00000, 0x00000000c8d00000, 0x00000000c8e00000|  0%| F|  |TAMS 0x00000000c8d00000, 0x00000000c8d00000| Untracked 
| 142|0x00000000c8e00000, 0x00000000c8e00000, 0x00000000c8f00000|  0%| F|  |TAMS 0x00000000c8e00000, 0x00000000c8e00000| Untracked 
| 143|0x00000000c8f00000, 0x00000000c8f00000, 0x00000000c9000000|  0%| F|  |TAMS 0x00000000c8f00000, 0x00000000c8f00000| Untracked 
| 144|0x00000000c9000000, 0x00000000c9000000, 0x00000000c9100000|  0%| F|  |TAMS 0x00000000c9000000, 0x00000000c9000000| Untracked 
| 145|0x00000000c9100000, 0x00000000c9100000, 0x00000000c9200000|  0%| F|  |TAMS 0x00000000c9100000, 0x00000000c9100000| Untracked 
| 146|0x00000000c9200000, 0x00000000c9200000, 0x00000000c9300000|  0%| F|  |TAMS 0x00000000c9200000, 0x00000000c9200000| Untracked 
| 147|0x00000000c9300000, 0x00000000c9300000, 0x00000000c9400000|  0%| F|  |TAMS 0x00000000c9300000, 0x00000000c9300000| Untracked 
| 148|0x00000000c9400000, 0x00000000c9400000, 0x00000000c9500000|  0%| F|  |TAMS 0x00000000c9400000, 0x00000000c9400000| Untracked 
| 149|0x00000000c9500000, 0x00000000c9500000, 0x00000000c9600000|  0%| F|  |TAMS 0x00000000c9500000, 0x00000000c9500000| Untracked 
| 150|0x00000000c9600000, 0x00000000c9600000, 0x00000000c9700000|  0%| F|  |TAMS 0x00000000c9600000, 0x00000000c9600000| Untracked 
| 151|0x00000000c9700000, 0x00000000c9700000, 0x00000000c9800000|  0%| F|  |TAMS 0x00000000c9700000, 0x00000000c9700000| Untracked 
| 152|0x00000000c9800000, 0x00000000c9800000, 0x00000000c9900000|  0%| F|  |TAMS 0x00000000c9800000, 0x00000000c9800000| Untracked 
| 153|0x00000000c9900000, 0x00000000c9900000, 0x00000000c9a00000|  0%| F|  |TAMS 0x00000000c9900000, 0x00000000c9900000| Untracked 
| 154|0x00000000c9a00000, 0x00000000c9a00000, 0x00000000c9b00000|  0%| F|  |TAMS 0x00000000c9a00000, 0x00000000c9a00000| Untracked 
| 155|0x00000000c9b00000, 0x00000000c9b00000, 0x00000000c9c00000|  0%| F|  |TAMS 0x00000000c9b00000, 0x00000000c9b00000| Untracked 
| 156|0x00000000c9c00000, 0x00000000c9c00000, 0x00000000c9d00000|  0%| F|  |TAMS 0x00000000c9c00000, 0x00000000c9c00000| Untracked 
| 157|0x00000000c9d00000, 0x00000000c9d00000, 0x00000000c9e00000|  0%| F|  |TAMS 0x00000000c9d00000, 0x00000000c9d00000| Untracked 
| 158|0x00000000c9e00000, 0x00000000c9e00000, 0x00000000c9f00000|  0%| F|  |TAMS 0x00000000c9e00000, 0x00000000c9e00000| Untracked 
| 159|0x00000000c9f00000, 0x00000000c9f00000, 0x00000000ca000000|  0%| F|  |TAMS 0x00000000c9f00000, 0x00000000c9f00000| Untracked 
| 160|0x00000000ca000000, 0x00000000ca000000, 0x00000000ca100000|  0%| F|  |TAMS 0x00000000ca000000, 0x00000000ca000000| Untracked 
| 161|0x00000000ca100000, 0x00000000ca100000, 0x00000000ca200000|  0%| F|  |TAMS 0x00000000ca100000, 0x00000000ca100000| Untracked 
| 162|0x00000000ca200000, 0x00000000ca200000, 0x00000000ca300000|  0%| F|  |TAMS 0x00000000ca200000, 0x00000000ca200000| Untracked 
| 163|0x00000000ca300000, 0x00000000ca300000, 0x00000000ca400000|  0%| F|  |TAMS 0x00000000ca300000, 0x00000000ca300000| Untracked 
| 164|0x00000000ca400000, 0x00000000ca400000, 0x00000000ca500000|  0%| F|  |TAMS 0x00000000ca400000, 0x00000000ca400000| Untracked 
| 165|0x00000000ca500000, 0x00000000ca500000, 0x00000000ca600000|  0%| F|  |TAMS 0x00000000ca500000, 0x00000000ca500000| Untracked 
| 166|0x00000000ca600000, 0x00000000ca600000, 0x00000000ca700000|  0%| F|  |TAMS 0x00000000ca600000, 0x00000000ca600000| Untracked 
| 167|0x00000000ca700000, 0x00000000ca700000, 0x00000000ca800000|  0%| F|  |TAMS 0x00000000ca700000, 0x00000000ca700000| Untracked 
| 168|0x00000000ca800000, 0x00000000ca800000, 0x00000000ca900000|  0%| F|  |TAMS 0x00000000ca800000, 0x00000000ca800000| Untracked 
| 169|0x00000000ca900000, 0x00000000ca900000, 0x00000000caa00000|  0%| F|  |TAMS 0x00000000ca900000, 0x00000000ca900000| Untracked 
| 170|0x00000000caa00000, 0x00000000caa00000, 0x00000000cab00000|  0%| F|  |TAMS 0x00000000caa00000, 0x00000000caa00000| Untracked 
| 171|0x00000000cab00000, 0x00000000cab00000, 0x00000000cac00000|  0%| F|  |TAMS 0x00000000cab00000, 0x00000000cab00000| Untracked 
| 172|0x00000000cac00000, 0x00000000cac00000, 0x00000000cad00000|  0%| F|  |TAMS 0x00000000cac00000, 0x00000000cac00000| Untracked 
| 173|0x00000000cad00000, 0x00000000cad00000, 0x00000000cae00000|  0%| F|  |TAMS 0x00000000cad00000, 0x00000000cad00000| Untracked 
| 174|0x00000000cae00000, 0x00000000cae00000, 0x00000000caf00000|  0%| F|  |TAMS 0x00000000cae00000, 0x00000000cae00000| Untracked 
| 175|0x00000000caf00000, 0x00000000caf00000, 0x00000000cb000000|  0%| F|  |TAMS 0x00000000caf00000, 0x00000000caf00000| Untracked 
| 176|0x00000000cb000000, 0x00000000cb000000, 0x00000000cb100000|  0%| F|  |TAMS 0x00000000cb000000, 0x00000000cb000000| Untracked 
| 177|0x00000000cb100000, 0x00000000cb200000, 0x00000000cb200000|100%| O|  |TAMS 0x00000000cb200000, 0x00000000cb100000| Untracked 
| 178|0x00000000cb200000, 0x00000000cb200000, 0x00000000cb300000|  0%| F|  |TAMS 0x00000000cb200000, 0x00000000cb200000| Untracked 
| 179|0x00000000cb300000, 0x00000000cb400000, 0x00000000cb400000|100%| O|  |TAMS 0x00000000cb400000, 0x00000000cb300000| Untracked 
| 180|0x00000000cb400000, 0x00000000cb400000, 0x00000000cb500000|  0%| F|  |TAMS 0x00000000cb400000, 0x00000000cb400000| Untracked 
| 181|0x00000000cb500000, 0x00000000cb500000, 0x00000000cb600000|  0%| F|  |TAMS 0x00000000cb500000, 0x00000000cb500000| Untracked 
| 182|0x00000000cb600000, 0x00000000cb600000, 0x00000000cb700000|  0%| F|  |TAMS 0x00000000cb600000, 0x00000000cb600000| Untracked 
| 183|0x00000000cb700000, 0x00000000cb700000, 0x00000000cb800000|  0%| F|  |TAMS 0x00000000cb700000, 0x00000000cb700000| Untracked 
| 184|0x00000000cb800000, 0x00000000cb800000, 0x00000000cb900000|  0%| F|  |TAMS 0x00000000cb800000, 0x00000000cb800000| Untracked 
| 185|0x00000000cb900000, 0x00000000cb900000, 0x00000000cba00000|  0%| F|  |TAMS 0x00000000cb900000, 0x00000000cb900000| Untracked 
| 186|0x00000000cba00000, 0x00000000cba00000, 0x00000000cbb00000|  0%| F|  |TAMS 0x00000000cba00000, 0x00000000cba00000| Untracked 
| 187|0x00000000cbb00000, 0x00000000cbb00000, 0x00000000cbc00000|  0%| F|  |TAMS 0x00000000cbb00000, 0x00000000cbb00000| Untracked 
| 188|0x00000000cbc00000, 0x00000000cbc00000, 0x00000000cbd00000|  0%| F|  |TAMS 0x00000000cbc00000, 0x00000000cbc00000| Untracked 
| 189|0x00000000cbd00000, 0x00000000cbd00000, 0x00000000cbe00000|  0%| F|  |TAMS 0x00000000cbd00000, 0x00000000cbd00000| Untracked 
| 190|0x00000000cbe00000, 0x00000000cbe00000, 0x00000000cbf00000|  0%| F|  |TAMS 0x00000000cbe00000, 0x00000000cbe00000| Untracked 
| 191|0x00000000cbf00000, 0x00000000cbf00000, 0x00000000cc000000|  0%| F|  |TAMS 0x00000000cbf00000, 0x00000000cbf00000| Untracked 
| 192|0x00000000cc000000, 0x00000000cc000000, 0x00000000cc100000|  0%| F|  |TAMS 0x00000000cc000000, 0x00000000cc000000| Untracked 
| 193|0x00000000cc100000, 0x00000000cc100000, 0x00000000cc200000|  0%| F|  |TAMS 0x00000000cc100000, 0x00000000cc100000| Untracked 
| 194|0x00000000cc200000, 0x00000000cc200000, 0x00000000cc300000|  0%| F|  |TAMS 0x00000000cc200000, 0x00000000cc200000| Untracked 
| 195|0x00000000cc300000, 0x00000000cc300000, 0x00000000cc400000|  0%| F|  |TAMS 0x00000000cc300000, 0x00000000cc300000| Untracked 
| 196|0x00000000cc400000, 0x00000000cc400000, 0x00000000cc500000|  0%| F|  |TAMS 0x00000000cc400000, 0x00000000cc400000| Untracked 
| 197|0x00000000cc500000, 0x00000000cc500000, 0x00000000cc600000|  0%| F|  |TAMS 0x00000000cc500000, 0x00000000cc500000| Untracked 
| 198|0x00000000cc600000, 0x00000000cc600000, 0x00000000cc700000|  0%| F|  |TAMS 0x00000000cc600000, 0x00000000cc600000| Untracked 
| 199|0x00000000cc700000, 0x00000000cc700000, 0x00000000cc800000|  0%| F|  |TAMS 0x00000000cc700000, 0x00000000cc700000| Untracked 
| 200|0x00000000cc800000, 0x00000000cc800000, 0x00000000cc900000|  0%| F|  |TAMS 0x00000000cc800000, 0x00000000cc800000| Untracked 
| 201|0x00000000cc900000, 0x00000000cc900000, 0x00000000cca00000|  0%| F|  |TAMS 0x00000000cc900000, 0x00000000cc900000| Untracked 
| 202|0x00000000cca00000, 0x00000000cca00000, 0x00000000ccb00000|  0%| F|  |TAMS 0x00000000cca00000, 0x00000000cca00000| Untracked 
| 203|0x00000000ccb00000, 0x00000000ccb00000, 0x00000000ccc00000|  0%| F|  |TAMS 0x00000000ccb00000, 0x00000000ccb00000| Untracked 
| 204|0x00000000ccc00000, 0x00000000ccc00000, 0x00000000ccd00000|  0%| F|  |TAMS 0x00000000ccc00000, 0x00000000ccc00000| Untracked 
| 205|0x00000000ccd00000, 0x00000000ccd00000, 0x00000000cce00000|  0%| F|  |TAMS 0x00000000ccd00000, 0x00000000ccd00000| Untracked 
| 206|0x00000000cce00000, 0x00000000cce00000, 0x00000000ccf00000|  0%| F|  |TAMS 0x00000000cce00000, 0x00000000cce00000| Untracked 
| 207|0x00000000ccf00000, 0x00000000ccf00000, 0x00000000cd000000|  0%| F|  |TAMS 0x00000000ccf00000, 0x00000000ccf00000| Untracked 
| 208|0x00000000cd000000, 0x00000000cd000000, 0x00000000cd100000|  0%| F|  |TAMS 0x00000000cd000000, 0x00000000cd000000| Untracked 
| 209|0x00000000cd100000, 0x00000000cd100000, 0x00000000cd200000|  0%| F|  |TAMS 0x00000000cd100000, 0x00000000cd100000| Untracked 
| 210|0x00000000cd200000, 0x00000000cd200000, 0x00000000cd300000|  0%| F|  |TAMS 0x00000000cd200000, 0x00000000cd200000| Untracked 
| 211|0x00000000cd300000, 0x00000000cd300000, 0x00000000cd400000|  0%| F|  |TAMS 0x00000000cd300000, 0x00000000cd300000| Untracked 
| 212|0x00000000cd400000, 0x00000000cd400000, 0x00000000cd500000|  0%| F|  |TAMS 0x00000000cd400000, 0x00000000cd400000| Untracked 
| 213|0x00000000cd500000, 0x00000000cd500000, 0x00000000cd600000|  0%| F|  |TAMS 0x00000000cd500000, 0x00000000cd500000| Untracked 
| 214|0x00000000cd600000, 0x00000000cd600000, 0x00000000cd700000|  0%| F|  |TAMS 0x00000000cd600000, 0x00000000cd600000| Untracked 
| 215|0x00000000cd700000, 0x00000000cd700000, 0x00000000cd800000|  0%| F|  |TAMS 0x00000000cd700000, 0x00000000cd700000| Untracked 
| 216|0x00000000cd800000, 0x00000000cd800000, 0x00000000cd900000|  0%| F|  |TAMS 0x00000000cd800000, 0x00000000cd800000| Untracked 
| 217|0x00000000cd900000, 0x00000000cd900000, 0x00000000cda00000|  0%| F|  |TAMS 0x00000000cd900000, 0x00000000cd900000| Untracked 
| 218|0x00000000cda00000, 0x00000000cda00000, 0x00000000cdb00000|  0%| F|  |TAMS 0x00000000cda00000, 0x00000000cda00000| Untracked 
| 219|0x00000000cdb00000, 0x00000000cdb00000, 0x00000000cdc00000|  0%| F|  |TAMS 0x00000000cdb00000, 0x00000000cdb00000| Untracked 
| 220|0x00000000cdc00000, 0x00000000cdc00000, 0x00000000cdd00000|  0%| F|  |TAMS 0x00000000cdc00000, 0x00000000cdc00000| Untracked 
| 221|0x00000000cdd00000, 0x00000000cdd00000, 0x00000000cde00000|  0%| F|  |TAMS 0x00000000cdd00000, 0x00000000cdd00000| Untracked 
| 222|0x00000000cde00000, 0x00000000cde00000, 0x00000000cdf00000|  0%| F|  |TAMS 0x00000000cde00000, 0x00000000cde00000| Untracked 
| 223|0x00000000cdf00000, 0x00000000cdf00000, 0x00000000ce000000|  0%| F|  |TAMS 0x00000000cdf00000, 0x00000000cdf00000| Untracked 
| 224|0x00000000ce000000, 0x00000000ce000000, 0x00000000ce100000|  0%| F|  |TAMS 0x00000000ce000000, 0x00000000ce000000| Untracked 
| 225|0x00000000ce100000, 0x00000000ce100000, 0x00000000ce200000|  0%| F|  |TAMS 0x00000000ce100000, 0x00000000ce100000| Untracked 
| 226|0x00000000ce200000, 0x00000000ce200000, 0x00000000ce300000|  0%| F|  |TAMS 0x00000000ce200000, 0x00000000ce200000| Untracked 
| 227|0x00000000ce300000, 0x00000000ce300000, 0x00000000ce400000|  0%| F|  |TAMS 0x00000000ce300000, 0x00000000ce300000| Untracked 
| 228|0x00000000ce400000, 0x00000000ce400000, 0x00000000ce500000|  0%| F|  |TAMS 0x00000000ce400000, 0x00000000ce400000| Untracked 
| 229|0x00000000ce500000, 0x00000000ce500000, 0x00000000ce600000|  0%| F|  |TAMS 0x00000000ce500000, 0x00000000ce500000| Untracked 
| 230|0x00000000ce600000, 0x00000000ce600000, 0x00000000ce700000|  0%| F|  |TAMS 0x00000000ce600000, 0x00000000ce600000| Untracked 
| 231|0x00000000ce700000, 0x00000000ce700000, 0x00000000ce800000|  0%| F|  |TAMS 0x00000000ce700000, 0x00000000ce700000| Untracked 
| 232|0x00000000ce800000, 0x00000000ce800000, 0x00000000ce900000|  0%| F|  |TAMS 0x00000000ce800000, 0x00000000ce800000| Untracked 
| 233|0x00000000ce900000, 0x00000000ce900000, 0x00000000cea00000|  0%| F|  |TAMS 0x00000000ce900000, 0x00000000ce900000| Untracked 
| 234|0x00000000cea00000, 0x00000000cea00000, 0x00000000ceb00000|  0%| F|  |TAMS 0x00000000cea00000, 0x00000000cea00000| Untracked 
| 235|0x00000000ceb00000, 0x00000000ceb00000, 0x00000000cec00000|  0%| F|  |TAMS 0x00000000ceb00000, 0x00000000ceb00000| Untracked 
| 236|0x00000000cec00000, 0x00000000cec00000, 0x00000000ced00000|  0%| F|  |TAMS 0x00000000cec00000, 0x00000000cec00000| Untracked 
| 237|0x00000000ced00000, 0x00000000ced00000, 0x00000000cee00000|  0%| F|  |TAMS 0x00000000ced00000, 0x00000000ced00000| Untracked 
| 238|0x00000000cee00000, 0x00000000cee00000, 0x00000000cef00000|  0%| F|  |TAMS 0x00000000cee00000, 0x00000000cee00000| Untracked 
| 239|0x00000000cef00000, 0x00000000cef00000, 0x00000000cf000000|  0%| F|  |TAMS 0x00000000cef00000, 0x00000000cef00000| Untracked 
| 240|0x00000000cf000000, 0x00000000cf000000, 0x00000000cf100000|  0%| F|  |TAMS 0x00000000cf000000, 0x00000000cf000000| Untracked 
| 241|0x00000000cf100000, 0x00000000cf100000, 0x00000000cf200000|  0%| F|  |TAMS 0x00000000cf100000, 0x00000000cf100000| Untracked 
| 242|0x00000000cf200000, 0x00000000cf200000, 0x00000000cf300000|  0%| F|  |TAMS 0x00000000cf200000, 0x00000000cf200000| Untracked 
| 243|0x00000000cf300000, 0x00000000cf300000, 0x00000000cf400000|  0%| F|  |TAMS 0x00000000cf300000, 0x00000000cf300000| Untracked 
| 244|0x00000000cf400000, 0x00000000cf400000, 0x00000000cf500000|  0%| F|  |TAMS 0x00000000cf400000, 0x00000000cf400000| Untracked 
| 245|0x00000000cf500000, 0x00000000cf500000, 0x00000000cf600000|  0%| F|  |TAMS 0x00000000cf500000, 0x00000000cf500000| Untracked 
| 246|0x00000000cf600000, 0x00000000cf600000, 0x00000000cf700000|  0%| F|  |TAMS 0x00000000cf600000, 0x00000000cf600000| Untracked 
| 247|0x00000000cf700000, 0x00000000cf700000, 0x00000000cf800000|  0%| F|  |TAMS 0x00000000cf700000, 0x00000000cf700000| Untracked 
| 248|0x00000000cf800000, 0x00000000cf800000, 0x00000000cf900000|  0%| F|  |TAMS 0x00000000cf800000, 0x00000000cf800000| Untracked 
| 249|0x00000000cf900000, 0x00000000cf900000, 0x00000000cfa00000|  0%| F|  |TAMS 0x00000000cf900000, 0x00000000cf900000| Untracked 
| 250|0x00000000cfa00000, 0x00000000cfa00000, 0x00000000cfb00000|  0%| F|  |TAMS 0x00000000cfa00000, 0x00000000cfa00000| Untracked 
| 251|0x00000000cfb00000, 0x00000000cfb00000, 0x00000000cfc00000|  0%| F|  |TAMS 0x00000000cfb00000, 0x00000000cfb00000| Untracked 
| 252|0x00000000cfc00000, 0x00000000cfc00000, 0x00000000cfd00000|  0%| F|  |TAMS 0x00000000cfc00000, 0x00000000cfc00000| Untracked 
| 253|0x00000000cfd00000, 0x00000000cfd00000, 0x00000000cfe00000|  0%| F|  |TAMS 0x00000000cfd00000, 0x00000000cfd00000| Untracked 
| 254|0x00000000cfe00000, 0x00000000cfe00000, 0x00000000cff00000|  0%| F|  |TAMS 0x00000000cfe00000, 0x00000000cfe00000| Untracked 
| 255|0x00000000cff00000, 0x00000000cff00000, 0x00000000d0000000|  0%| F|  |TAMS 0x00000000cff00000, 0x00000000cff00000| Untracked 
| 256|0x00000000d0000000, 0x00000000d0000000, 0x00000000d0100000|  0%| F|  |TAMS 0x00000000d0000000, 0x00000000d0000000| Untracked 
| 257|0x00000000d0100000, 0x00000000d0100000, 0x00000000d0200000|  0%| F|  |TAMS 0x00000000d0100000, 0x00000000d0100000| Untracked 
| 258|0x00000000d0200000, 0x00000000d0200000, 0x00000000d0300000|  0%| F|  |TAMS 0x00000000d0200000, 0x00000000d0200000| Untracked 
| 259|0x00000000d0300000, 0x00000000d0300000, 0x00000000d0400000|  0%| F|  |TAMS 0x00000000d0300000, 0x00000000d0300000| Untracked 
| 260|0x00000000d0400000, 0x00000000d0400000, 0x00000000d0500000|  0%| F|  |TAMS 0x00000000d0400000, 0x00000000d0400000| Untracked 
| 261|0x00000000d0500000, 0x00000000d0500000, 0x00000000d0600000|  0%| F|  |TAMS 0x00000000d0500000, 0x00000000d0500000| Untracked 
| 262|0x00000000d0600000, 0x00000000d0600000, 0x00000000d0700000|  0%| F|  |TAMS 0x00000000d0600000, 0x00000000d0600000| Untracked 
| 263|0x00000000d0700000, 0x00000000d0700000, 0x00000000d0800000|  0%| F|  |TAMS 0x00000000d0700000, 0x00000000d0700000| Untracked 
| 264|0x00000000d0800000, 0x00000000d083ba68, 0x00000000d0900000| 23%| E|  |TAMS 0x00000000d0800000, 0x00000000d0800000| Complete 
| 299|0x00000000d2b00000, 0x00000000d2c00000, 0x00000000d2c00000|100%| O|  |TAMS 0x00000000d2c00000, 0x00000000d2b00000| Untracked 
| 301|0x00000000d2d00000, 0x00000000d2e00000, 0x00000000d2e00000|100%| O|  |TAMS 0x00000000d2e00000, 0x00000000d2d00000| Untracked 
| 367|0x00000000d6f00000, 0x00000000d7000000, 0x00000000d7000000|100%| O|  |TAMS 0x00000000d7000000, 0x00000000d6f00000| Untracked 
| 369|0x00000000d7100000, 0x00000000d7200000, 0x00000000d7200000|100%| O|  |TAMS 0x00000000d7200000, 0x00000000d7100000| Untracked 
| 371|0x00000000d7300000, 0x00000000d7400000, 0x00000000d7400000|100%| O|  |TAMS 0x00000000d7400000, 0x00000000d7300000| Untracked 

Card table byte_map: [0x0000020bfdcd0000,0x0000020bfded0000] _byte_map_base: 0x0000020bfd6d0000

Marking Bits (Prev, Next): (CMBitMap*) 0x0000020bf7d7dfc0, (CMBitMap*) 0x0000020bf7d7e000
 Prev Bits: [0x0000020bfe0d0000, 0x0000020bff0d0000)
 Next Bits: [0x0000020b80000000, 0x0000020b81000000)

Polling page: 0x0000020bf7500000

Metaspace:

Usage:
  Non-class:     59.03 MB used.
      Class:      9.29 MB used.
       Both:     68.32 MB used.

Virtual space:
  Non-class space:       64.00 MB reserved,      59.38 MB ( 93%) committed,  8 nodes.
      Class space:        1.00 GB reserved,       9.56 MB ( <1%) committed,  1 nodes.
             Both:        1.06 GB reserved,      68.94 MB (  6%) committed. 

Chunk freelists:
   Non-Class:  136.00 KB
       Class:  2.44 MB
        Both:  2.58 MB

MaxMetaspaceSize: unlimited
CompressedClassSpaceSize: 1.00 GB
Initial GC threshold: 21.00 MB
Current GC threshold: 114.94 MB
CDS: off
MetaspaceReclaimPolicy: balanced
 - commit_granule_bytes: 65536.
 - commit_granule_words: 8192.
 - virtual_space_node_default_size: 1048576.
 - enlarge_chunks_in_place: 1.
 - new_chunks_are_fully_committed: 0.
 - uncommit_free_chunks: 1.
 - use_allocation_guard: 0.
 - handle_deallocations: 1.


Internal statistics:

num_allocs_failed_limit: 11.
num_arena_births: 704.
num_arena_deaths: 212.
num_vsnodes_births: 9.
num_vsnodes_deaths: 0.
num_space_committed: 1103.
num_space_uncommitted: 0.
num_chunks_returned_to_freelist: 267.
num_chunks_taken_from_freelist: 2984.
num_chunk_merges: 94.
num_chunk_splits: 2107.
num_chunks_enlarged: 1603.
num_purges: 8.
num_inconsistent_stats: 0.

CodeCache: size=49152Kb used=20373Kb max_used=20373Kb free=28778Kb
 bounds [0x0000020bfa9c0000, 0x0000020bfbdb0000, 0x0000020bfd9c0000]
 total_blobs=11893 nmethods=11201 adapters=618
 compilation: enabled
              stopped_count=0, restarted_count=0
 full_count=0

Compilation events (20 events):
Event: 4244.277 Thread 0x0000020bffbe3ee0 11371       1       java.lang.invoke.LambdaForm$DMH/0x00000001009a1800::newInvokeSpecial (23 bytes)
Event: 4244.278 Thread 0x0000020bffbe3ee0 nmethod 11371 0x0000020bfbda0990 code [0x0000020bfbda0b40, 0x0000020bfbda0cc8]
Event: 4244.278 Thread 0x0000020bffbe3ee0 11372       1       java.lang.ProcessImpl$$Lambda$1296/0x00000001006db2f8::<init> (10 bytes)
Event: 4244.278 Thread 0x0000020bffbe3ee0 nmethod 11372 0x0000020bfbda0e10 code [0x0000020bfbda0fa0, 0x0000020bfbda1078]
Event: 4244.278 Thread 0x0000020bffbe3ee0 11374       1       java.lang.ProcessHandleImpl::getInternal (13 bytes)
Event: 4244.279 Thread 0x0000020bffbe3ee0 nmethod 11374 0x0000020bfbda1110 code [0x0000020bfbda12a0, 0x0000020bfbda1408]
Event: 4244.279 Thread 0x0000020bffbe3ee0 11375       1       java.lang.ProcessImpl$2::<init> (20 bytes)
Event: 4244.279 Thread 0x0000020bffbe3ee0 nmethod 11375 0x0000020bfbda1490 code [0x0000020bfbda1620, 0x0000020bfbda1798]
Event: 4244.279 Thread 0x0000020bffbe3ee0 11376       1       java.lang.ProcessImpl$2::run (5 bytes)
Event: 4244.279 Thread 0x0000020bffbe3ee0 nmethod 11376 0x0000020bfbda1810 code [0x0000020bfbda19a0, 0x0000020bfbda1a88]
Event: 4244.279 Thread 0x0000020bffbe3ee0 11377       1       java.lang.ProcessImpl$2::run (242 bytes)
Event: 4244.282 Thread 0x0000020bffbe3ee0 nmethod 11377 0x0000020bfbda1b10 code [0x0000020bfbda1dc0, 0x0000020bfbda2b58]
Event: 4244.282 Thread 0x0000020bffbe3ee0 11378       1       java.lang.ProcessImpl::waitFor (136 bytes)
Event: 4244.283 Thread 0x0000020bffbe3ee0 nmethod 11378 0x0000020bfbda3190 code [0x0000020bfbda33a0, 0x0000020bfbda37b8]
Event: 4244.520 Thread 0x0000020bffbe3ee0 11379   !   1       java.io.FilterOutputStream::close (183 bytes)
Event: 4244.612 Thread 0x0000020bffbe3ee0 nmethod 11379 0x0000020bfbda4210 code [0x0000020bfbda4420, 0x0000020bfbda48f8]
Event: 4244.612 Thread 0x0000020bffbe3ee0 11381       1       java.lang.ProcessImpl$$Lambda$1296/0x00000001006db2f8::run (8 bytes)
Event: 4244.612 Thread 0x0000020bffbe3ee0 nmethod 11381 0x0000020bfbda4b90 code [0x0000020bfbda4d20, 0x0000020bfbda4e08]
Event: 4244.612 Thread 0x0000020bffbe3ee0 11382       1       java.lang.ProcessImpl::lambda$new$0 (6 bytes)
Event: 4244.612 Thread 0x0000020bffbe3ee0 nmethod 11382 0x0000020bfbda4e90 code [0x0000020bfbda5020, 0x0000020bfbda50e8]

GC Heap History (20 events):
Event: 6871.388 GC heap before
{Heap before GC invocations=499 (full 451):
 garbage-first heap   total 276480K, used 81973K [0x00000000c0000000, 0x0000000100000000)
  region size 1024K, 1 young (1024K), 0 survivors (0K)
 Metaspace       used 69958K, committed 70592K, reserved 1114112K
  class space    used 9509K, committed 9792K, reserved 1048576K
}
Event: 6871.496 GC heap after
{Heap after GC invocations=500 (full 452):
 garbage-first heap   total 276480K, used 81973K [0x00000000c0000000, 0x0000000100000000)
  region size 1024K, 0 young (0K), 0 survivors (0K)
 Metaspace       used 69958K, committed 70592K, reserved 1114112K
  class space    used 9509K, committed 9792K, reserved 1048576K
}
Event: 6881.647 GC heap before
{Heap before GC invocations=500 (full 452):
 garbage-first heap   total 276480K, used 81973K [0x00000000c0000000, 0x0000000100000000)
  region size 1024K, 1 young (1024K), 0 survivors (0K)
 Metaspace       used 69958K, committed 70592K, reserved 1114112K
  class space    used 9509K, committed 9792K, reserved 1048576K
}
Event: 6881.762 GC heap after
{Heap after GC invocations=501 (full 453):
 garbage-first heap   total 276480K, used 81973K [0x00000000c0000000, 0x0000000100000000)
  region size 1024K, 0 young (0K), 0 survivors (0K)
 Metaspace       used 69958K, committed 70592K, reserved 1114112K
  class space    used 9509K, committed 9792K, reserved 1048576K
}
Event: 6891.930 GC heap before
{Heap before GC invocations=501 (full 453):
 garbage-first heap   total 276480K, used 81973K [0x00000000c0000000, 0x0000000100000000)
  region size 1024K, 1 young (1024K), 0 survivors (0K)
 Metaspace       used 69958K, committed 70592K, reserved 1114112K
  class space    used 9509K, committed 9792K, reserved 1048576K
}
Event: 6892.016 GC heap after
{Heap after GC invocations=502 (full 454):
 garbage-first heap   total 276480K, used 81973K [0x00000000c0000000, 0x0000000100000000)
  region size 1024K, 0 young (0K), 0 survivors (0K)
 Metaspace       used 69958K, committed 70592K, reserved 1114112K
  class space    used 9509K, committed 9792K, reserved 1048576K
}
Event: 6902.169 GC heap before
{Heap before GC invocations=502 (full 454):
 garbage-first heap   total 276480K, used 81973K [0x00000000c0000000, 0x0000000100000000)
  region size 1024K, 1 young (1024K), 0 survivors (0K)
 Metaspace       used 69958K, committed 70592K, reserved 1114112K
  class space    used 9509K, committed 9792K, reserved 1048576K
}
Event: 6902.310 GC heap after
{Heap after GC invocations=503 (full 455):
 garbage-first heap   total 276480K, used 81973K [0x00000000c0000000, 0x0000000100000000)
  region size 1024K, 0 young (0K), 0 survivors (0K)
 Metaspace       used 69958K, committed 70592K, reserved 1114112K
  class space    used 9509K, committed 9792K, reserved 1048576K
}
Event: 6912.467 GC heap before
{Heap before GC invocations=503 (full 455):
 garbage-first heap   total 276480K, used 81973K [0x00000000c0000000, 0x0000000100000000)
  region size 1024K, 1 young (1024K), 0 survivors (0K)
 Metaspace       used 69958K, committed 70592K, reserved 1114112K
  class space    used 9509K, committed 9792K, reserved 1048576K
}
Event: 6912.566 GC heap after
{Heap after GC invocations=504 (full 456):
 garbage-first heap   total 276480K, used 81973K [0x00000000c0000000, 0x0000000100000000)
  region size 1024K, 0 young (0K), 0 survivors (0K)
 Metaspace       used 69958K, committed 70592K, reserved 1114112K
  class space    used 9509K, committed 9792K, reserved 1048576K
}
Event: 6922.770 GC heap before
{Heap before GC invocations=504 (full 456):
 garbage-first heap   total 276480K, used 81973K [0x00000000c0000000, 0x0000000100000000)
  region size 1024K, 1 young (1024K), 0 survivors (0K)
 Metaspace       used 69958K, committed 70592K, reserved 1114112K
  class space    used 9509K, committed 9792K, reserved 1048576K
}
Event: 6922.874 GC heap after
{Heap after GC invocations=505 (full 457):
 garbage-first heap   total 276480K, used 81973K [0x00000000c0000000, 0x0000000100000000)
  region size 1024K, 0 young (0K), 0 survivors (0K)
 Metaspace       used 69958K, committed 70592K, reserved 1114112K
  class space    used 9509K, committed 9792K, reserved 1048576K
}
Event: 6933.047 GC heap before
{Heap before GC invocations=505 (full 457):
 garbage-first heap   total 276480K, used 81973K [0x00000000c0000000, 0x0000000100000000)
  region size 1024K, 1 young (1024K), 0 survivors (0K)
 Metaspace       used 69958K, committed 70592K, reserved 1114112K
  class space    used 9509K, committed 9792K, reserved 1048576K
}
Event: 6933.200 GC heap after
{Heap after GC invocations=506 (full 458):
 garbage-first heap   total 276480K, used 81973K [0x00000000c0000000, 0x0000000100000000)
  region size 1024K, 0 young (0K), 0 survivors (0K)
 Metaspace       used 69958K, committed 70592K, reserved 1114112K
  class space    used 9509K, committed 9792K, reserved 1048576K
}
Event: 6943.433 GC heap before
{Heap before GC invocations=506 (full 458):
 garbage-first heap   total 276480K, used 81973K [0x00000000c0000000, 0x0000000100000000)
  region size 1024K, 1 young (1024K), 0 survivors (0K)
 Metaspace       used 69958K, committed 70592K, reserved 1114112K
  class space    used 9509K, committed 9792K, reserved 1048576K
}
Event: 6943.548 GC heap after
{Heap after GC invocations=507 (full 459):
 garbage-first heap   total 276480K, used 81973K [0x00000000c0000000, 0x0000000100000000)
  region size 1024K, 0 young (0K), 0 survivors (0K)
 Metaspace       used 69958K, committed 70592K, reserved 1114112K
  class space    used 9509K, committed 9792K, reserved 1048576K
}
Event: 6953.769 GC heap before
{Heap before GC invocations=507 (full 459):
 garbage-first heap   total 276480K, used 81973K [0x00000000c0000000, 0x0000000100000000)
  region size 1024K, 1 young (1024K), 0 survivors (0K)
 Metaspace       used 69958K, committed 70592K, reserved 1114112K
  class space    used 9509K, committed 9792K, reserved 1048576K
}
Event: 6953.858 GC heap after
{Heap after GC invocations=508 (full 460):
 garbage-first heap   total 276480K, used 81973K [0x00000000c0000000, 0x0000000100000000)
  region size 1024K, 0 young (0K), 0 survivors (0K)
 Metaspace       used 69958K, committed 70592K, reserved 1114112K
  class space    used 9509K, committed 9792K, reserved 1048576K
}
Event: 6964.381 GC heap before
{Heap before GC invocations=508 (full 460):
 garbage-first heap   total 276480K, used 81973K [0x00000000c0000000, 0x0000000100000000)
  region size 1024K, 1 young (1024K), 0 survivors (0K)
 Metaspace       used 69958K, committed 70592K, reserved 1114112K
  class space    used 9509K, committed 9792K, reserved 1048576K
}
Event: 6964.553 GC heap after
{Heap after GC invocations=509 (full 461):
 garbage-first heap   total 276480K, used 81973K [0x00000000c0000000, 0x0000000100000000)
  region size 1024K, 0 young (0K), 0 survivors (0K)
 Metaspace       used 69958K, committed 70592K, reserved 1114112K
  class space    used 9509K, committed 9792K, reserved 1048576K
}

Dll operation events (10 events):
Event: 0.008 Loaded shared library c:\Users\WJT\.vscode\extensions\redhat.java-1.16.0-win32-x64\jre\17.0.6-win32-x86_64\bin\java.dll
Event: 0.270 Loaded shared library C:\Users\WJT\.vscode\extensions\redhat.java-1.16.0-win32-x64\jre\17.0.6-win32-x86_64\bin\net.dll
Event: 0.272 Loaded shared library C:\Users\WJT\.vscode\extensions\redhat.java-1.16.0-win32-x64\jre\17.0.6-win32-x86_64\bin\nio.dll
Event: 0.284 Loaded shared library C:\Users\WJT\.vscode\extensions\redhat.java-1.16.0-win32-x64\jre\17.0.6-win32-x86_64\bin\zip.dll
Event: 0.463 Loaded shared library C:\Users\WJT\.vscode\extensions\redhat.java-1.16.0-win32-x64\jre\17.0.6-win32-x86_64\bin\jimage.dll
Event: 3.074 Loaded shared library C:\Users\WJT\.vscode\extensions\redhat.java-1.16.0-win32-x64\jre\17.0.6-win32-x86_64\bin\management.dll
Event: 3.078 Loaded shared library C:\Users\WJT\.vscode\extensions\redhat.java-1.16.0-win32-x64\jre\17.0.6-win32-x86_64\bin\management_ext.dll
Event: 9.715 Loaded shared library C:\Users\WJT\.vscode\extensions\redhat.java-1.16.0-win32-x64\jre\17.0.6-win32-x86_64\bin\sunmscapi.dll
Event: 12.691 Loaded shared library c:\Users\WJT\.vscode\extensions\redhat.java-1.16.0-win32-x64\jre\17.0.6-win32-x86_64\bin\verify.dll
Event: 15.399 Loaded shared library C:\Users\WJT\AppData\Local\Temp\snappy-1.1.8-4dd3629e-88bc-4ed1-8488-5e33e35bd714-snappyjava.dll

Deoptimization events (20 events):
Event: 10.893 Thread 0x0000020b85748c20 DEOPT PACKING pc=0x0000020bfb5cfcc4 sp=0x000000f6bf0fe230
Event: 10.893 Thread 0x0000020b85748c20 DEOPT UNPACKING pc=0x0000020bfaa17143 sp=0x000000f6bf0fd720 mode 3
Event: 12.734 Thread 0x0000020b8564ce60 DEOPT PACKING pc=0x0000020bfaf2bfd2 sp=0x000000f6bd8fd460
Event: 12.734 Thread 0x0000020b8564ce60 DEOPT UNPACKING pc=0x0000020bfaa17143 sp=0x000000f6bd8fc968 mode 3
Event: 13.237 Thread 0x0000020b8564ce60 DEOPT PACKING pc=0x0000020bfb98c6f4 sp=0x000000f6bd8fe170
Event: 13.237 Thread 0x0000020b8564ce60 DEOPT UNPACKING pc=0x0000020bfaa17143 sp=0x000000f6bd8fd6a0 mode 0
Event: 13.237 Thread 0x0000020b8564ce60 DEOPT PACKING pc=0x0000020bfb9310f4 sp=0x000000f6bd8fe470
Event: 13.237 Thread 0x0000020b8564ce60 DEOPT UNPACKING pc=0x0000020bfaa17143 sp=0x000000f6bd8fd968 mode 0
Event: 13.237 Thread 0x0000020b8564ce60 DEOPT PACKING pc=0x0000020bfb8c1b74 sp=0x000000f6bd8fe540
Event: 13.237 Thread 0x0000020b8564ce60 DEOPT UNPACKING pc=0x0000020bfaa17143 sp=0x000000f6bd8fda18 mode 0
Event: 13.237 Thread 0x0000020b8564ce60 DEOPT PACKING pc=0x0000020bfb8befa4 sp=0x000000f6bd8fe5f0
Event: 13.237 Thread 0x0000020b8564ce60 DEOPT UNPACKING pc=0x0000020bfaa17143 sp=0x000000f6bd8fdb70 mode 0
Event: 13.237 Thread 0x0000020b8564ce60 DEOPT PACKING pc=0x0000020bfb9794ac sp=0x000000f6bd8fe910
Event: 13.237 Thread 0x0000020b8564ce60 DEOPT UNPACKING pc=0x0000020bfaa17143 sp=0x000000f6bd8fdda0 mode 0
Event: 95.518 Thread 0x0000020b8564c4c0 DEOPT PACKING pc=0x0000020bfae790b6 sp=0x000000f6bdafd480
Event: 95.518 Thread 0x0000020b8564c4c0 DEOPT UNPACKING pc=0x0000020bfaa17143 sp=0x000000f6bdafc978 mode 3
Event: 95.600 Thread 0x0000020b8564c4c0 DEOPT PACKING pc=0x0000020bfae687a0 sp=0x000000f6bdafdca0
Event: 95.600 Thread 0x0000020b8564c4c0 DEOPT UNPACKING pc=0x0000020bfaa17143 sp=0x000000f6bdafd120 mode 3
Event: 1583.403 Thread 0x0000020b855ccb00 DEOPT PACKING pc=0x0000020bfafcec54 sp=0x000000f6bd2fec40
Event: 1583.403 Thread 0x0000020b855ccb00 DEOPT UNPACKING pc=0x0000020bfaa17143 sp=0x000000f6bd2fe0c8 mode 0

Classes unloaded (20 events):
Event: 1442.247 Thread 0x0000020bffb64d80 Unloading class 0x0000000100355400 'java/lang/invoke/LambdaForm$MH+0x0000000100355400'
Event: 1442.247 Thread 0x0000020bffb64d80 Unloading class 0x0000000100355000 'java/lang/invoke/LambdaForm$MH+0x0000000100355000'
Event: 1442.247 Thread 0x0000020bffb64d80 Unloading class 0x0000000100091c00 'java/lang/invoke/LambdaForm$MH+0x0000000100091c00'
Event: 1442.247 Thread 0x0000020bffb64d80 Unloading class 0x0000000100091800 'java/lang/invoke/LambdaForm$MH+0x0000000100091800'
Event: 1442.247 Thread 0x0000020bffb64d80 Unloading class 0x0000000100091400 'java/lang/invoke/LambdaForm$MH+0x0000000100091400'
Event: 1442.247 Thread 0x0000020bffb64d80 Unloading class 0x0000000100091000 'java/lang/invoke/LambdaForm$MH+0x0000000100091000'
Event: 1442.247 Thread 0x0000020bffb64d80 Unloading class 0x0000000100090c00 'java/lang/invoke/LambdaForm$MH+0x0000000100090c00'
Event: 1442.247 Thread 0x0000020bffb64d80 Unloading class 0x0000000100090800 'java/lang/invoke/LambdaForm$MH+0x0000000100090800'
Event: 1442.247 Thread 0x0000020bffb64d80 Unloading class 0x0000000100090400 'java/lang/invoke/LambdaForm$MH+0x0000000100090400'
Event: 1442.247 Thread 0x0000020bffb64d80 Unloading class 0x0000000100090000 'java/lang/invoke/LambdaForm$MH+0x0000000100090000'
Event: 1442.247 Thread 0x0000020bffb64d80 Unloading class 0x0000000100089c00 'java/lang/invoke/LambdaForm$MH+0x0000000100089c00'
Event: 1442.247 Thread 0x0000020bffb64d80 Unloading class 0x0000000100089400 'java/lang/invoke/LambdaForm$MH+0x0000000100089400'
Event: 1442.247 Thread 0x0000020bffb64d80 Unloading class 0x0000000100088c00 'java/lang/invoke/LambdaForm$MH+0x0000000100088c00'
Event: 1452.537 Thread 0x0000020bffb64d80 Unloading class 0x000000010008b800 'java/lang/invoke/LambdaForm$MH+0x000000010008b800'
Event: 1452.537 Thread 0x0000020bffb64d80 Unloading class 0x000000010008b400 'java/lang/invoke/LambdaForm$MH+0x000000010008b400'
Event: 1452.537 Thread 0x0000020bffb64d80 Unloading class 0x000000010008b000 'java/lang/invoke/LambdaForm$MH+0x000000010008b000'
Event: 1452.537 Thread 0x0000020bffb64d80 Unloading class 0x000000010008ac00 'java/lang/invoke/LambdaForm$MH+0x000000010008ac00'
Event: 1452.537 Thread 0x0000020bffb64d80 Unloading class 0x000000010008a800 'java/lang/invoke/LambdaForm$MH+0x000000010008a800'
Event: 1452.537 Thread 0x0000020bffb64d80 Unloading class 0x000000010008a400 'java/lang/invoke/LambdaForm$MH+0x000000010008a400'
Event: 1452.537 Thread 0x0000020bffb64d80 Unloading class 0x0000000100088400 'java/lang/invoke/LambdaForm$MH+0x0000000100088400'

Classes redefined (0 events):
No events

Internal exceptions (20 events):
Event: 1840.097 Thread 0x0000020b85748750 Exception <a 'sun/nio/fs/WindowsException'{0x00000000ccb6e250}> (0x00000000ccb6e250) 
thrown [s\src\hotspot\share\prims\jni.cpp, line 516]
Event: 1840.097 Thread 0x0000020b85748750 Exception <a 'sun/nio/fs/WindowsException'{0x00000000ccb6e5c0}> (0x00000000ccb6e5c0) 
thrown [s\src\hotspot\share\prims\jni.cpp, line 516]
Event: 1840.097 Thread 0x0000020b85748750 Exception <a 'sun/nio/fs/WindowsException'{0x00000000ccb6f518}> (0x00000000ccb6f518) 
thrown [s\src\hotspot\share\prims\jni.cpp, line 516]
Event: 1840.097 Thread 0x0000020b85748750 Exception <a 'sun/nio/fs/WindowsException'{0x00000000ccb6f8a8}> (0x00000000ccb6f8a8) 
thrown [s\src\hotspot\share\prims\jni.cpp, line 516]
Event: 1840.100 Thread 0x0000020b85748750 Exception <a 'sun/nio/fs/WindowsException'{0x00000000ccb94eb8}> (0x00000000ccb94eb8) 
thrown [s\src\hotspot\share\prims\jni.cpp, line 516]
Event: 1840.101 Thread 0x0000020b85748750 Exception <a 'sun/nio/fs/WindowsException'{0x00000000ccb95248}> (0x00000000ccb95248) 
thrown [s\src\hotspot\share\prims\jni.cpp, line 516]
Event: 1840.101 Thread 0x0000020b85748750 Exception <a 'sun/nio/fs/WindowsException'{0x00000000ccb961d0}> (0x00000000ccb961d0) 
thrown [s\src\hotspot\share\prims\jni.cpp, line 516]
Event: 1840.102 Thread 0x0000020b85748750 Exception <a 'sun/nio/fs/WindowsException'{0x00000000ccb96580}> (0x00000000ccb96580) 
thrown [s\src\hotspot\share\prims\jni.cpp, line 516]
Event: 1840.104 Thread 0x0000020b85748750 Exception <a 'sun/nio/fs/WindowsException'{0x00000000ccbb6488}> (0x00000000ccbb6488) 
thrown [s\src\hotspot\share\prims\jni.cpp, line 516]
Event: 1840.104 Thread 0x0000020b85748750 Exception <a 'sun/nio/fs/WindowsException'{0x00000000ccbb6808}> (0x00000000ccbb6808) 
thrown [s\src\hotspot\share\prims\jni.cpp, line 516]
Event: 1840.105 Thread 0x0000020b85748750 Exception <a 'sun/nio/fs/WindowsException'{0x00000000ccbb7768}> (0x00000000ccbb7768) 
thrown [s\src\hotspot\share\prims\jni.cpp, line 516]
Event: 1840.105 Thread 0x0000020b85748750 Exception <a 'sun/nio/fs/WindowsException'{0x00000000ccbb7af8}> (0x00000000ccbb7af8) 
thrown [s\src\hotspot\share\prims\jni.cpp, line 516]
Event: 1840.138 Thread 0x0000020b85748750 Exception <a 'sun/nio/fs/WindowsException'{0x00000000cc8b8150}> (0x00000000cc8b8150) 
thrown [s\src\hotspot\share\prims\jni.cpp, line 516]
Event: 1840.139 Thread 0x0000020b85748750 Exception <a 'sun/nio/fs/WindowsException'{0x00000000cc8b8500}> (0x00000000cc8b8500) 
thrown [s\src\hotspot\share\prims\jni.cpp, line 516]
Event: 1840.139 Thread 0x0000020b85748750 Exception <a 'sun/nio/fs/WindowsException'{0x00000000cc8b99f0}> (0x00000000cc8b99f0) 
thrown [s\src\hotspot\share\prims\jni.cpp, line 516]
Event: 1840.139 Thread 0x0000020b85748750 Exception <a 'sun/nio/fs/WindowsException'{0x00000000cc8b9dc0}> (0x00000000cc8b9dc0) 
thrown [s\src\hotspot\share\prims\jni.cpp, line 516]
Event: 1840.146 Thread 0x0000020b85748750 Exception <a 'sun/nio/fs/WindowsException'{0x00000000cc799c60}> (0x00000000cc799c60) 
thrown [s\src\hotspot\share\prims\jni.cpp, line 516]
Event: 1840.146 Thread 0x0000020b85748750 Exception <a 'sun/nio/fs/WindowsException'{0x00000000cc79a010}> (0x00000000cc79a010) 
thrown [s\src\hotspot\share\prims\jni.cpp, line 516]
Event: 1840.147 Thread 0x0000020b85748750 Exception <a 'sun/nio/fs/WindowsException'{0x00000000cc79b500}> (0x00000000cc79b500) 
thrown [s\src\hotspot\share\prims\jni.cpp, line 516]
Event: 1840.147 Thread 0x0000020b85748750 Exception <a 'sun/nio/fs/WindowsException'{0x00000000cc79b8d0}> (0x00000000cc79b8d0) 
thrown [s\src\hotspot\share\prims\jni.cpp, line 516]

VM Operations (20 events):
Event: 6871.496 Executing VM operation: G1CollectFull done
Event: 6881.646 Executing VM operation: G1CollectFull
Event: 6881.763 Executing VM operation: G1CollectFull done
Event: 6891.930 Executing VM operation: G1CollectFull
Event: 6892.016 Executing VM operation: G1CollectFull done
Event: 6902.169 Executing VM operation: G1CollectFull
Event: 6902.310 Executing VM operation: G1CollectFull done
Event: 6912.467 Executing VM operation: G1CollectFull
Event: 6912.566 Executing VM operation: G1CollectFull done
Event: 6922.769 Executing VM operation: G1CollectFull
Event: 6922.875 Executing VM operation: G1CollectFull done
Event: 6933.046 Executing VM operation: G1CollectFull
Event: 6933.200 Executing VM operation: G1CollectFull done
Event: 6943.432 Executing VM operation: G1CollectFull
Event: 6943.548 Executing VM operation: G1CollectFull done
Event: 6953.769 Executing VM operation: G1CollectFull
Event: 6953.858 Executing VM operation: G1CollectFull done
Event: 6964.380 Executing VM operation: G1CollectFull
Event: 6964.553 Executing VM operation: G1CollectFull done
Event: 6974.843 Executing VM operation: G1CollectFull

Events (20 events):
Event: 213.273 loading class jdk/internal/event/ProcessStartEvent
Event: 213.273 loading class jdk/internal/event/ProcessStartEvent done
Event: 232.134 Thread 0x0000020b8564ce60 Thread exited: 0x0000020b8564ce60
Event: 238.280 Thread 0x0000020b8564c4c0 Thread exited: 0x0000020b8564c4c0
Event: 1488.502 Thread 0x0000020b8574add0 Thread exited: 0x0000020b8574add0
Event: 1548.503 Thread 0x0000020b85744d90 Thread exited: 0x0000020b85744d90
Event: 1583.405 Thread 0x0000020b85745260 Thread added: 0x0000020b85745260
Event: 1623.634 Thread 0x0000020b8574a430 Thread added: 0x0000020b8574a430
Event: 1738.957 Thread 0x0000020b8564d800 Thread exited: 0x0000020b8564d800
Event: 1738.957 Thread 0x0000020b8574a430 Thread exited: 0x0000020b8574a430
Event: 1741.605 Thread 0x0000020b85745260 Thread exited: 0x0000020b85745260
Event: 1798.966 Thread 0x0000020b857490f0 Thread exited: 0x0000020b857490f0
Event: 1818.953 Thread 0x0000020b8574a430 Thread added: 0x0000020b8574a430
Event: 1818.961 Thread 0x0000020b85748750 Thread added: 0x0000020b85748750
Event: 1826.005 Thread 0x0000020b8574c110 Thread added: 0x0000020b8574c110
Event: 1833.715 Thread 0x0000020b8574add0 Thread added: 0x0000020b8574add0
Event: 1899.994 Thread 0x0000020b8574a430 Thread exited: 0x0000020b8574a430
Event: 1915.167 Thread 0x0000020b85748750 Thread exited: 0x0000020b85748750
Event: 1916.961 Thread 0x0000020b8574c110 Thread exited: 0x0000020b8574c110
Event: 1975.174 Thread 0x0000020b8574add0 Thread exited: 0x0000020b8574add0


Dynamic libraries:
0x00007ff6faa10000 - 0x00007ff6faa1e000 	c:\Users\WJT\.vscode\extensions\redhat.java-1.16.0-win32-x64\jre\17.0.6-win32-x86_64\bin\java.exe
0x00007ff838540000 - 0x00007ff838749000 	C:\WINDOWS\SYSTEM32\ntdll.dll
0x00007ff837480000 - 0x00007ff83753e000 	C:\WINDOWS\System32\KERNEL32.DLL
0x00007ff836040000 - 0x00007ff8363bc000 	C:\WINDOWS\System32\KERNELBASE.dll
0x00007ff835de0000 - 0x00007ff835ef1000 	C:\WINDOWS\System32\ucrtbase.dll
0x00007ff831fc0000 - 0x00007ff831fd9000 	c:\Users\WJT\.vscode\extensions\redhat.java-1.16.0-win32-x64\jre\17.0.6-win32-x86_64\bin\VCRUNTIME140.dll
0x00007ff831f70000 - 0x00007ff831f87000 	c:\Users\WJT\.vscode\extensions\redhat.java-1.16.0-win32-x64\jre\17.0.6-win32-x86_64\bin\jli.dll
0x00007ff8375f0000 - 0x00007ff83779d000 	C:\WINDOWS\System32\USER32.dll
0x00007ff835d10000 - 0x00007ff835d36000 	C:\WINDOWS\System32\win32u.dll
0x00007ff8377a0000 - 0x00007ff8377c9000 	C:\WINDOWS\System32\GDI32.dll
0x00007ff821b30000 - 0x00007ff821dd5000 	C:\WINDOWS\WinSxS\amd64_microsoft.windows.common-controls_6595b64144ccf1df_6.0.22000.120_none_9d947278b86cc467\COMCTL32.dll
0x00007ff835bf0000 - 0x00007ff835d08000 	C:\WINDOWS\System32\gdi32full.dll
0x00007ff835d40000 - 0x00007ff835ddd000 	C:\WINDOWS\System32\msvcp_win.dll
0x00007ff837c20000 - 0x00007ff837cc3000 	C:\WINDOWS\System32\msvcrt.dll
0x00007ff8368c0000 - 0x00007ff8368f1000 	C:\WINDOWS\System32\IMM32.DLL
0x00007ff832750000 - 0x00007ff83275c000 	c:\Users\WJT\.vscode\extensions\redhat.java-1.16.0-win32-x64\jre\17.0.6-win32-x86_64\bin\vcruntime140_1.dll
0x00007ff814a50000 - 0x00007ff814ae1000 	c:\Users\WJT\.vscode\extensions\redhat.java-1.16.0-win32-x64\jre\17.0.6-win32-x86_64\bin\msvcp140.dll
0x00007fffc6c10000 - 0x00007fffc7857000 	c:\Users\WJT\.vscode\extensions\redhat.java-1.16.0-win32-x64\jre\17.0.6-win32-x86_64\bin\server\jvm.dll
0x00007ff8377f0000 - 0x00007ff83789e000 	C:\WINDOWS\System32\ADVAPI32.dll
0x00007ff8367c0000 - 0x00007ff83685e000 	C:\WINDOWS\System32\sechost.dll
0x00007ff836e70000 - 0x00007ff836f90000 	C:\WINDOWS\System32\RPCRT4.dll
0x00007ff832020000 - 0x00007ff832029000 	C:\WINDOWS\SYSTEM32\WSOCK32.dll
0x00007ff8274f0000 - 0x00007ff8274fa000 	C:\WINDOWS\SYSTEM32\VERSION.dll
0x00007ff82f070000 - 0x00007ff82f0a3000 	C:\WINDOWS\SYSTEM32\WINMM.dll
0x00007ff836e00000 - 0x00007ff836e6f000 	C:\WINDOWS\System32\WS2_32.dll
0x00007ff834b80000 - 0x00007ff834b98000 	C:\WINDOWS\SYSTEM32\kernel.appcore.dll
0x00007ff82db10000 - 0x00007ff82db1a000 	c:\Users\WJT\.vscode\extensions\redhat.java-1.16.0-win32-x64\jre\17.0.6-win32-x86_64\bin\jimage.dll
0x00007ff828e80000 - 0x00007ff8290a1000 	C:\WINDOWS\SYSTEM32\DBGHELP.DLL
0x00007ff817670000 - 0x00007ff8176a1000 	C:\WINDOWS\SYSTEM32\dbgcore.DLL
0x00007ff835f00000 - 0x00007ff835f7f000 	C:\WINDOWS\System32\bcryptPrimitives.dll
0x00007ff81fce0000 - 0x00007ff81fd05000 	c:\Users\WJT\.vscode\extensions\redhat.java-1.16.0-win32-x64\jre\17.0.6-win32-x86_64\bin\java.dll
0x00007ff8293e0000 - 0x00007ff8293f8000 	c:\Users\WJT\.vscode\extensions\redhat.java-1.16.0-win32-x64\jre\17.0.6-win32-x86_64\bin\zip.dll
0x00007ff837d30000 - 0x00007ff8384f5000 	C:\WINDOWS\System32\SHELL32.dll
0x00007ff833b00000 - 0x00007ff834365000 	C:\WINDOWS\SYSTEM32\windows.storage.dll
0x00007ff8378a0000 - 0x00007ff837c16000 	C:\WINDOWS\System32\combase.dll
0x00007ff833990000 - 0x00007ff833af6000 	C:\WINDOWS\SYSTEM32\wintypes.dll
0x00007ff836a20000 - 0x00007ff836b0a000 	C:\WINDOWS\System32\SHCORE.dll
0x00007ff837cd0000 - 0x00007ff837d2d000 	C:\WINDOWS\System32\shlwapi.dll
0x00007ff835940000 - 0x00007ff835961000 	C:\WINDOWS\SYSTEM32\profapi.dll
0x00007ff81fc50000 - 0x00007ff81fc69000 	C:\Users\WJT\.vscode\extensions\redhat.java-1.16.0-win32-x64\jre\17.0.6-win32-x86_64\bin\net.dll
0x00007ff82d6c0000 - 0x00007ff82d7d2000 	C:\WINDOWS\SYSTEM32\WINHTTP.dll
0x00007ff835020000 - 0x00007ff835087000 	C:\WINDOWS\system32\mswsock.dll
0x00007ff81f720000 - 0x00007ff81f735000 	C:\Users\WJT\.vscode\extensions\redhat.java-1.16.0-win32-x64\jre\17.0.6-win32-x86_64\bin\nio.dll
0x00007ff835270000 - 0x00007ff835288000 	C:\WINDOWS\SYSTEM32\CRYPTSP.dll
0x00007ff834ae0000 - 0x00007ff834b15000 	C:\WINDOWS\system32\rsaenh.dll
0x00007ff835110000 - 0x00007ff835139000 	C:\WINDOWS\SYSTEM32\USERENV.dll
0x00007ff8353f0000 - 0x00007ff835417000 	C:\WINDOWS\SYSTEM32\bcrypt.dll
0x00007ff835260000 - 0x00007ff83526c000 	C:\WINDOWS\SYSTEM32\CRYPTBASE.dll
0x00007ff834630000 - 0x00007ff83465d000 	C:\WINDOWS\SYSTEM32\IPHLPAPI.DLL
0x00007ff836920000 - 0x00007ff836929000 	C:\WINDOWS\System32\NSI.dll
0x00007ff82d650000 - 0x00007ff82d669000 	C:\WINDOWS\SYSTEM32\dhcpcsvc6.DLL
0x00007ff82de60000 - 0x00007ff82de7e000 	C:\WINDOWS\SYSTEM32\dhcpcsvc.DLL
0x00007ff8346a0000 - 0x00007ff834788000 	C:\WINDOWS\SYSTEM32\DNSAPI.dll
0x00007ff81f8a0000 - 0x00007ff81f8a9000 	C:\Users\WJT\.vscode\extensions\redhat.java-1.16.0-win32-x64\jre\17.0.6-win32-x86_64\bin\management.dll
0x00007ff81f590000 - 0x00007ff81f59b000 	C:\Users\WJT\.vscode\extensions\redhat.java-1.16.0-win32-x64\jre\17.0.6-win32-x86_64\bin\management_ext.dll
0x00007ff836b80000 - 0x00007ff836b88000 	C:\WINDOWS\System32\PSAPI.DLL
0x00007ff81f580000 - 0x00007ff81f58e000 	C:\Users\WJT\.vscode\extensions\redhat.java-1.16.0-win32-x64\jre\17.0.6-win32-x86_64\bin\sunmscapi.dll
0x00007ff835a10000 - 0x00007ff835b72000 	C:\WINDOWS\System32\CRYPT32.dll
0x00007ff8353c0000 - 0x00007ff8353e8000 	C:\WINDOWS\SYSTEM32\ncrypt.dll
0x00007ff835380000 - 0x00007ff8353b7000 	C:\WINDOWS\SYSTEM32\NTASN1.dll
0x00007ff820a00000 - 0x00007ff820a0a000 	C:\Windows\System32\rasadhlp.dll
0x00007ff827200000 - 0x00007ff827281000 	C:\WINDOWS\System32\fwpuclnt.dll
0x00007ff8201e0000 - 0x00007ff8201f0000 	c:\Users\WJT\.vscode\extensions\redhat.java-1.16.0-win32-x64\jre\17.0.6-win32-x86_64\bin\verify.dll
0x000000006c500000 - 0x000000006c5c7000 	C:\Users\WJT\AppData\Local\Temp\snappy-1.1.8-4dd3629e-88bc-4ed1-8488-5e33e35bd714-snappyjava.dll

dbghelp: loaded successfully - version: 4.0.5 - missing functions: none
symbol engine: initialized successfully - sym options: 0x614 - pdb path: .;c:\Users\WJT\.vscode\extensions\redhat.java-1.16.0-win32-x64\jre\17.0.6-win32-x86_64\bin;C:\WINDOWS\SYSTEM32;C:\WINDOWS\WinSxS\amd64_microsoft.windows.common-controls_6595b64144ccf1df_6.0.22000.120_none_9d947278b86cc467;c:\Users\WJT\.vscode\extensions\redhat.java-1.16.0-win32-x64\jre\17.0.6-win32-x86_64\bin\server;C:\Users\WJT\AppData\Local\Temp

VM Arguments:
jvm_args: -XX:+HeapDumpOnOutOfMemoryError -Xmx1024m -Dsts.lsp.client=vscode -Dsts.log.file=/dev/null -XX:TieredStopAtLevel=1 -Xlog:jni+resolve=off -Dspring.config.location=file:c:\Users\WJT\.vscode\extensions\vmware.vscode-spring-boot-1.45.0\language-server\BOOT-INF\classes\application.properties 
java_command: org.springframework.ide.vscode.boot.app.BootLanguageServerBootApp
java_class_path (initial): c:\Users\WJT\.vscode\extensions\vmware.vscode-spring-boot-1.45.0\language-server\BOOT-INF\classes;c:\Users\WJT\.vscode\extensions\vmware.vscode-spring-boot-1.45.0\language-server\BOOT-INF\lib\annotations-24.0.1.jar;c:\Users\WJT\.vscode\extensions\vmware.vscode-spring-boot-1.45.0\language-server\BOOT-INF\lib\ant-1.10.13.jar;c:\Users\WJT\.vscode\extensions\vmware.vscode-spring-boot-1.45.0\language-server\BOOT-INF\lib\ant-launcher-1.10.13.jar;c:\Users\WJT\.vscode\extensions\vmware.vscode-spring-boot-1.45.0\language-server\BOOT-INF\lib\antlr-runtime-3.5.3.jar;c:\Users\WJT\.vscode\extensions\vmware.vscode-spring-boot-1.45.0\language-server\BOOT-INF\lib\antlr4-4.11.1.jar;c:\Users\WJT\.vscode\extensions\vmware.vscode-spring-boot-1.45.0\language-server\BOOT-INF\lib\antlr4-runtime-4.11.1.jar;c:\Users\WJT\.vscode\extensions\vmware.vscode-spring-boot-1.45.0\language-server\BOOT-INF\lib\asm-9.4.jar;c:\Users\WJT\.vscode\extensions\vmware.vscode-spring-boot-1.45.0\language-server\BOOT-INF\lib\asm-analysis-9.4.jar;c:\Users\WJT\.vscode\extensions\vmware.vscode-spring-boot-1.45.0\language-server\BOOT-INF\lib\asm-tree-9.4.jar;c:\Users\WJT\.vscode\extensions\vmware.vscode-spring-boot-1.45.0\language-server\BOOT-INF\lib\asm-util-9.4.jar;c:\Users\WJT\.vscode\extensions\vmware.vscode-spring-boot-1.45.0\language-server\BOOT-INF\lib\caffeine-3.1.2.jar;c:\Users\WJT\.vscode\extensions\vmware.vscode-spring-boot-1.45.0\language-server\BOOT-INF\lib\checker-qual-3.12.0.jar;c:\Users\WJT\.vscode\extensions\vmware.vscode-spring-boot-1.45.0\language-server\BOOT-INF\lib\classgraph-4.8.149.jar;c:\Users\WJT\.vscode\extensions\vmware.vscode-spring-boot-1.45.0\language-server\BOOT-INF\lib\commons-codec-1.15.jar;c:\Users\WJT\.vscode\extensions\vmware.vscode-spring-boot-1.45.0\language-server\BOOT-INF\lib\commons-compress-1.22.jar;c:\Users\WJT\.vscode\extensions\vmware.vscode-spring-boot-1.45.0\language-server\BOOT-INF\lib\commons-io-2.4.jar;c:\Users\WJT\.vscode\extensions\vmwa
Launcher Type: SUN_STANDARD

[Global flags]
     intx CICompilerCount                          = 4                                         {product} {ergonomic}
     uint ConcGCThreads                            = 2                                         {product} {ergonomic}
     uint G1ConcRefinementThreads                  = 8                                         {product} {ergonomic}
   size_t G1HeapRegionSize                         = 1048576                                   {product} {ergonomic}
    uintx GCDrainStackTargetSize                   = 64                                        {product} {ergonomic}
     bool HeapDumpOnOutOfMemoryError               = true                                   {manageable} {command line}
   size_t InitialHeapSize                          = 266338304                                 {product} {ergonomic}
   size_t MarkStackSize                            = 4194304                                   {product} {ergonomic}
   size_t MaxHeapSize                              = 1073741824                                {product} {command line}
   size_t MaxNewSize                               = 643825664                                 {product} {ergonomic}
   size_t MinHeapDeltaBytes                        = 1048576                                   {product} {ergonomic}
   size_t MinHeapSize                              = 8388608                                   {product} {ergonomic}
    uintx NonProfiledCodeHeapSize                  = 0                                      {pd product} {ergonomic}
     bool ProfileInterpreter                       = false                                  {pd product} {command line}
    uintx ProfiledCodeHeapSize                     = 0                                      {pd product} {ergonomic}
   size_t SoftMaxHeapSize                          = 1073741824                             {manageable} {ergonomic}
     intx TieredStopAtLevel                        = 1                                         {product} {command line}
     bool UseCompressedClassPointers               = true                           {product lp64_product} {ergonomic}
     bool UseCompressedOops                        = true                           {product lp64_product} {ergonomic}
     bool UseG1GC                                  = true                                      {product} {ergonomic}
     bool UseLargePagesIndividualAllocation        = false                                  {pd product} {ergonomic}

Logging:
Log output configuration:
 #0: stdout all=warning,jni+resolve=off uptime,level,tags
 #1: stderr all=off uptime,level,tags

Environment Variables:
JAVA_HOME=D:\JavaJDK
CLASSPATH=D:\JavaJDK\lib;D:\JavaJDK\lib\dt.jar;D:\JavaJDK\lib\tools.jar
PATH=C:\Program Files\Common Files\Oracle\Java\javapath;C:\Windows\system32;C:\Windows;C:\Windows\System32\Wbem;C:\Windows\System32\WindowsPowerShell\v1.0\;C:\Windows\System32\OpenSSH\;C:\Program Files (x86)\NVIDIA Corporation\PhysX\Common;C:\Program Files\NVIDIA Corporation\NVIDIA NvDLISR;C:\WINDOWS\system32;C:\WINDOWS;C:\WINDOWS\System32\Wbem;C:\WINDOWS\System32\WindowsPowerShell\v1.0\;C:\WINDOWS\System32\OpenSSH\;C:\Program Files\dotnet\;C:\WINDOWS\system32;C:\WINDOWS;C:\WINDOWS\System32\Wbem;C:\WINDOWS\System32\WindowsPowerShell\v1.0\;C:\WINDOWS\System32\OpenSSH\;D:\CPT202 Visual Studio Code\Git\cmd;D:\JavaJDK\bin;D:\JavaJDK\jdk\bin;C:\Users\WJT\AppData\Local\Programs\Python\Python37\Scripts\;C:\Users\WJT\AppData\Local\Programs\Python\Python37\;C:\Users\WJT\AppData\Local\Microsoft\WindowsApps;C:\texlive\2021\bin\win32;D:\Python\PyCharm Community Edition 2021.3.1\bin;;C:\Users\WJT\.dotnet\tools;D:\Pycharm Professional\PyCharm 2021.3.3\bin;;C:\Users\WJT\AppData\Local\GitHubDesktop\bin;C:\Users\WJT\AppData\Local\Programs\Microsoft VS Code\bin
USERNAME=WJT
OS=Windows_NT
PROCESSOR_IDENTIFIER=Intel64 Family 6 Model 142 Stepping 12, GenuineIntel
TMP=C:\Users\WJT\AppData\Local\Temp
TEMP=C:\Users\WJT\AppData\Local\Temp



---------------  S Y S T E M  ---------------

OS:
 Windows 11 , 64 bit Build 22000 (10.0.22000.1516)
OS uptime: 3 days 3:34 hours

CPU: total 8 (initial active 8) (4 cores per cpu, 2 threads per core) family 6 model 142 stepping 12 microcode 0xde, cx8, cmov, fxsr, ht, mmx, 3dnowpref, sse, sse2, sse3, ssse3, sse4.1, sse4.2, popcnt, lzcnt, tsc, tscinvbit, avx, avx2, aes, erms, clmul, bmi1, bmi2, adx, fma, vzeroupper, clflush, clflushopt

Memory: 4k page, system-wide physical 16219M (3639M free)
TotalPageFile size 20315M (AvailPageFile size 11M)
current process WorkingSet (physical memory assigned to process): 473M, peak: 784M
current process commit charge ("private bytes"): 485M, peak: 803M

vm_info: OpenJDK 64-Bit Server VM (17.0.6+10) for windows-amd64 JRE (17.0.6+10), built on Jan 18 2023 10:08:59 by "temurin" with MS VC++ 16.7 (VS2019)

END.
